[2025-12-19T19:54:35.506+0000] {local_task_job_runner.py:120} INFO - ::group::Pre task execution logs
[2025-12-19T19:54:35.526+0000] {taskinstance.py:2076} INFO - Dependencies all met for dep_context=non-requeueable deps ti=<TaskInstance: update_db.core_table manual__2025-12-19T19:54:30.931958+00:00 [queued]>
[2025-12-19T19:54:35.533+0000] {taskinstance.py:2076} INFO - Dependencies all met for dep_context=requeueable deps ti=<TaskInstance: update_db.core_table manual__2025-12-19T19:54:30.931958+00:00 [queued]>
[2025-12-19T19:54:35.534+0000] {taskinstance.py:2306} INFO - Starting attempt 1 of 1
[2025-12-19T19:54:35.548+0000] {taskinstance.py:2330} INFO - Executing <Task(_PythonDecoratedOperator): core_table> on 2025-12-19 19:54:30.931958+00:00
[2025-12-19T19:54:35.553+0000] {standard_task_runner.py:63} INFO - Started process 1578 to run task
[2025-12-19T19:54:35.557+0000] {standard_task_runner.py:90} INFO - Running: ['***', 'tasks', 'run', 'update_db', 'core_table', 'manual__2025-12-19T19:54:30.931958+00:00', '--job-id', '33', '--raw', '--subdir', 'DAGS_FOLDER/main.py', '--cfg-path', '/tmp/tmpfm5wtq8c']
[2025-12-19T19:54:35.559+0000] {standard_task_runner.py:91} INFO - Job 33: Subtask core_table
[2025-12-19T19:54:35.618+0000] {task_command.py:426} INFO - Running <TaskInstance: update_db.core_table manual__2025-12-19T19:54:30.931958+00:00 [running]> on host 2095eb49e620
[2025-12-19T19:54:35.700+0000] {taskinstance.py:2648} INFO - Exporting env vars: AIRFLOW_CTX_DAG_EMAIL='data@engineers.com' AIRFLOW_CTX_DAG_OWNER='dataengineers' AIRFLOW_CTX_DAG_ID='update_db' AIRFLOW_CTX_TASK_ID='core_table' AIRFLOW_CTX_EXECUTION_DATE='2025-12-19T19:54:30.931958+00:00' AIRFLOW_CTX_TRY_NUMBER='1' AIRFLOW_CTX_DAG_RUN_ID='manual__2025-12-19T19:54:30.931958+00:00'
[2025-12-19T19:54:35.702+0000] {taskinstance.py:430} INFO - ::endgroup::
[2025-12-19T19:54:35.710+0000] {base.py:84} INFO - Using connection ID 'postgres_db_yt_elt' for task execution.
[2025-12-19T19:54:35.716+0000] {base.py:84} INFO - Using connection ID 'postgres_db_yt_elt' for task execution.
[2025-12-19T19:54:35.723+0000] {base.py:84} INFO - Using connection ID 'postgres_db_yt_elt' for task execution.
[2025-12-19T19:54:35.744+0000] {data_modifications.py:68} ERROR - Error updating row with Video_ID: 8bMh8azh3CY
[2025-12-19T19:54:35.744+0000] {dwh.py:89} ERROR - An error occurred during the update of core table: 'Comment_Count'
[2025-12-19T19:54:35.745+0000] {taskinstance.py:441} INFO - ::group::Post task execution logs
[2025-12-19T19:54:35.747+0000] {taskinstance.py:2905} ERROR - Task failed with exception
Traceback (most recent call last):
  File "/home/airflow/.local/lib/python3.11/site-packages/airflow/models/taskinstance.py", line 465, in _execute_task
    result = _execute_callable(context=context, **execute_callable_kwargs)
             ^^^^^^^^^^^^^^^^^^^^^^^^^^^^^^^^^^^^^^^^^^^^^^^^^^^^^^^^^^^^^
  File "/home/airflow/.local/lib/python3.11/site-packages/airflow/models/taskinstance.py", line 432, in _execute_callable
    return execute_callable(context=context, **execute_callable_kwargs)
           ^^^^^^^^^^^^^^^^^^^^^^^^^^^^^^^^^^^^^^^^^^^^^^^^^^^^^^^^^^^^
  File "/home/airflow/.local/lib/python3.11/site-packages/airflow/models/baseoperator.py", line 401, in wrapper
    return func(self, *args, **kwargs)
           ^^^^^^^^^^^^^^^^^^^^^^^^^^^
  File "/home/airflow/.local/lib/python3.11/site-packages/airflow/decorators/base.py", line 265, in execute
    return_value = super().execute(context)
                   ^^^^^^^^^^^^^^^^^^^^^^^^
  File "/home/airflow/.local/lib/python3.11/site-packages/airflow/models/baseoperator.py", line 401, in wrapper
    return func(self, *args, **kwargs)
           ^^^^^^^^^^^^^^^^^^^^^^^^^^^
  File "/home/airflow/.local/lib/python3.11/site-packages/airflow/operators/python.py", line 235, in execute
    return_value = self.execute_callable()
                   ^^^^^^^^^^^^^^^^^^^^^^^
  File "/home/airflow/.local/lib/python3.11/site-packages/airflow/operators/python.py", line 252, in execute_callable
    return self.python_callable(*self.op_args, **self.op_kwargs)
           ^^^^^^^^^^^^^^^^^^^^^^^^^^^^^^^^^^^^^^^^^^^^^^^^^^^^^
  File "/opt/airflow/dags/datawarehouse/dwh.py", line 90, in core_table
    raise e
  File "/opt/airflow/dags/datawarehouse/dwh.py", line 76, in core_table
    update_rows(cur, conn, schema, transformed_row)
  File "/opt/airflow/dags/datawarehouse/data_modifications.py", line 69, in update_rows
    raise e
  File "/opt/airflow/dags/datawarehouse/data_modifications.py", line 51, in update_rows
    cur.execute(
  File "/home/airflow/.local/lib/python3.11/site-packages/psycopg2/extras.py", line 236, in execute
    return super().execute(query, vars)
           ^^^^^^^^^^^^^^^^^^^^^^^^^^^^
KeyError: 'Comment_Count'
[2025-12-19T19:54:35.816+0000] {taskinstance.py:1206} INFO - Marking task as FAILED. dag_id=update_db, task_id=core_table, run_id=manual__2025-12-19T19:54:30.931958+00:00, execution_date=20251219T195430, start_date=20251219T195435, end_date=20251219T195435
[2025-12-19T19:54:35.829+0000] {standard_task_runner.py:110} ERROR - Failed to execute job 33 for task core_table ('Comment_Count'; 1578)
[2025-12-19T19:54:35.854+0000] {local_task_job_runner.py:240} INFO - Task exited with return code 1
[2025-12-19T19:54:35.868+0000] {taskinstance.py:3503} INFO - 0 downstream tasks scheduled from follow-on schedule check
[2025-12-19T19:54:35.871+0000] {local_task_job_runner.py:222} INFO - ::endgroup::
