[2025-12-16T04:13:16.542+0000] {local_task_job_runner.py:120} INFO - ::group::Pre task execution logs
[2025-12-16T04:13:16.579+0000] {taskinstance.py:2076} INFO - Dependencies all met for dep_context=non-requeueable deps ti=<TaskInstance: update_db.staging_table manual__2025-12-16T04:13:14.275929+00:00 [queued]>
[2025-12-16T04:13:16.592+0000] {taskinstance.py:2076} INFO - Dependencies all met for dep_context=requeueable deps ti=<TaskInstance: update_db.staging_table manual__2025-12-16T04:13:14.275929+00:00 [queued]>
[2025-12-16T04:13:16.593+0000] {taskinstance.py:2306} INFO - Starting attempt 1 of 1
[2025-12-16T04:13:16.611+0000] {taskinstance.py:2330} INFO - Executing <Task(_PythonDecoratedOperator): staging_table> on 2025-12-16 04:13:14.275929+00:00
[2025-12-16T04:13:16.621+0000] {warnings.py:112} WARNING - /home/***/.local/lib/python3.12/site-packages/***/task/task_runner/standard_task_runner.py:61: DeprecationWarning: This process (pid=377) is multi-threaded, use of fork() may lead to deadlocks in the child.
  pid = os.fork()

[2025-12-16T04:13:16.624+0000] {standard_task_runner.py:90} INFO - Running: ['***', 'tasks', 'run', 'update_db', 'staging_table', 'manual__2025-12-16T04:13:14.275929+00:00', '--job-id', '121', '--raw', '--subdir', 'DAGS_FOLDER/main.py', '--cfg-path', '/tmp/tmphjvqaj4e']
[2025-12-16T04:13:16.626+0000] {standard_task_runner.py:63} INFO - Started process 378 to run task
[2025-12-16T04:13:16.627+0000] {standard_task_runner.py:91} INFO - Job 121: Subtask staging_table
[2025-12-16T04:13:16.757+0000] {task_command.py:426} INFO - Running <TaskInstance: update_db.staging_table manual__2025-12-16T04:13:14.275929+00:00 [running]> on host 58cdcf494984
[2025-12-16T04:13:16.906+0000] {taskinstance.py:2648} INFO - Exporting env vars: AIRFLOW_CTX_DAG_EMAIL='data@engineers.com' AIRFLOW_CTX_DAG_OWNER='dataengineers' AIRFLOW_CTX_DAG_ID='update_db' AIRFLOW_CTX_TASK_ID='staging_table' AIRFLOW_CTX_EXECUTION_DATE='2025-12-16T04:13:14.275929+00:00' AIRFLOW_CTX_TRY_NUMBER='1' AIRFLOW_CTX_DAG_RUN_ID='manual__2025-12-16T04:13:14.275929+00:00'
[2025-12-16T04:13:16.909+0000] {taskinstance.py:430} INFO - ::endgroup::
[2025-12-16T04:13:16.951+0000] {base.py:84} INFO - Using connection ID 'postgres_db_yt_elt' for task execution.
[2025-12-16T04:13:16.961+0000] {data_loading.py:11} INFO - Processing file: YT_data_2025-12-16
[2025-12-16T04:13:16.978+0000] {base.py:84} INFO - Using connection ID 'postgres_db_yt_elt' for task execution.
[2025-12-16T04:13:16.988+0000] {base.py:84} INFO - Using connection ID 'postgres_db_yt_elt' for task execution.
[2025-12-16T04:13:17.001+0000] {dwh.py:43} ERROR - An error occurred during the update of staging table: 'Video_ID'
[2025-12-16T04:13:17.002+0000] {taskinstance.py:441} INFO - ::group::Post task execution logs
[2025-12-16T04:13:17.003+0000] {taskinstance.py:2905} ERROR - Task failed with exception
Traceback (most recent call last):
  File "/home/airflow/.local/lib/python3.12/site-packages/airflow/models/taskinstance.py", line 465, in _execute_task
    result = _execute_callable(context=context, **execute_callable_kwargs)
             ^^^^^^^^^^^^^^^^^^^^^^^^^^^^^^^^^^^^^^^^^^^^^^^^^^^^^^^^^^^^^
  File "/home/airflow/.local/lib/python3.12/site-packages/airflow/models/taskinstance.py", line 432, in _execute_callable
    return execute_callable(context=context, **execute_callable_kwargs)
           ^^^^^^^^^^^^^^^^^^^^^^^^^^^^^^^^^^^^^^^^^^^^^^^^^^^^^^^^^^^^
  File "/home/airflow/.local/lib/python3.12/site-packages/airflow/models/baseoperator.py", line 401, in wrapper
    return func(self, *args, **kwargs)
           ^^^^^^^^^^^^^^^^^^^^^^^^^^^
  File "/home/airflow/.local/lib/python3.12/site-packages/airflow/decorators/base.py", line 265, in execute
    return_value = super().execute(context)
                   ^^^^^^^^^^^^^^^^^^^^^^^^
  File "/home/airflow/.local/lib/python3.12/site-packages/airflow/models/baseoperator.py", line 401, in wrapper
    return func(self, *args, **kwargs)
           ^^^^^^^^^^^^^^^^^^^^^^^^^^^
  File "/home/airflow/.local/lib/python3.12/site-packages/airflow/operators/python.py", line 235, in execute
    return_value = self.execute_callable()
                   ^^^^^^^^^^^^^^^^^^^^^^^
  File "/home/airflow/.local/lib/python3.12/site-packages/airflow/operators/python.py", line 252, in execute_callable
    return self.python_callable(*self.op_args, **self.op_kwargs)
           ^^^^^^^^^^^^^^^^^^^^^^^^^^^^^^^^^^^^^^^^^^^^^^^^^^^^^
  File "/opt/airflow/dags/datawarehouse/dwh.py", line 44, in staging_table
    raise e
  File "/opt/airflow/dags/datawarehouse/dwh.py", line 29, in staging_table
    if row['Video_ID'] in table_ids:
       ~~~^^^^^^^^^^^^
KeyError: 'Video_ID'
[2025-12-16T04:13:17.034+0000] {taskinstance.py:1206} INFO - Marking task as FAILED. dag_id=update_db, task_id=staging_table, run_id=manual__2025-12-16T04:13:14.275929+00:00, execution_date=20251216T041314, start_date=20251216T041316, end_date=20251216T041317
[2025-12-16T04:13:17.051+0000] {standard_task_runner.py:110} ERROR - Failed to execute job 121 for task staging_table ('Video_ID'; 378)
[2025-12-16T04:13:17.089+0000] {local_task_job_runner.py:240} INFO - Task exited with return code 1
[2025-12-16T04:13:17.122+0000] {taskinstance.py:3503} INFO - 0 downstream tasks scheduled from follow-on schedule check
[2025-12-16T04:13:17.127+0000] {local_task_job_runner.py:222} INFO - ::endgroup::
