[2025-12-19T20:24:57.018+0000] {local_task_job_runner.py:120} INFO - ::group::Pre task execution logs
[2025-12-19T20:24:57.038+0000] {taskinstance.py:2076} INFO - Dependencies all met for dep_context=non-requeueable deps ti=<TaskInstance: update_db.core_table manual__2025-12-19T20:24:54.449577+00:00 [queued]>
[2025-12-19T20:24:57.045+0000] {taskinstance.py:2076} INFO - Dependencies all met for dep_context=requeueable deps ti=<TaskInstance: update_db.core_table manual__2025-12-19T20:24:54.449577+00:00 [queued]>
[2025-12-19T20:24:57.046+0000] {taskinstance.py:2306} INFO - Starting attempt 1 of 1
[2025-12-19T20:24:57.060+0000] {taskinstance.py:2330} INFO - Executing <Task(_PythonDecoratedOperator): core_table> on 2025-12-19 20:24:54.449577+00:00
[2025-12-19T20:24:57.066+0000] {standard_task_runner.py:63} INFO - Started process 2030 to run task
[2025-12-19T20:24:57.069+0000] {standard_task_runner.py:90} INFO - Running: ['***', 'tasks', 'run', 'update_db', 'core_table', 'manual__2025-12-19T20:24:54.449577+00:00', '--job-id', '50', '--raw', '--subdir', 'DAGS_FOLDER/main.py', '--cfg-path', '/tmp/tmp998df2h6']
[2025-12-19T20:24:57.070+0000] {standard_task_runner.py:91} INFO - Job 50: Subtask core_table
[2025-12-19T20:24:57.131+0000] {task_command.py:426} INFO - Running <TaskInstance: update_db.core_table manual__2025-12-19T20:24:54.449577+00:00 [running]> on host 2095eb49e620
[2025-12-19T20:24:57.210+0000] {taskinstance.py:2648} INFO - Exporting env vars: AIRFLOW_CTX_DAG_EMAIL='data@engineers.com' AIRFLOW_CTX_DAG_OWNER='dataengineers' AIRFLOW_CTX_DAG_ID='update_db' AIRFLOW_CTX_TASK_ID='core_table' AIRFLOW_CTX_EXECUTION_DATE='2025-12-19T20:24:54.449577+00:00' AIRFLOW_CTX_TRY_NUMBER='1' AIRFLOW_CTX_DAG_RUN_ID='manual__2025-12-19T20:24:54.449577+00:00'
[2025-12-19T20:24:57.212+0000] {taskinstance.py:430} INFO - ::endgroup::
[2025-12-19T20:24:57.220+0000] {base.py:84} INFO - Using connection ID 'postgres_db_yt_elt' for task execution.
[2025-12-19T20:24:57.225+0000] {base.py:84} INFO - Using connection ID 'postgres_db_yt_elt' for task execution.
[2025-12-19T20:24:57.231+0000] {base.py:84} INFO - Using connection ID 'postgres_db_yt_elt' for task execution.
[2025-12-19T20:24:57.237+0000] {dwh.py:85} INFO - core table update completed
[2025-12-19T20:24:57.237+0000] {python.py:237} INFO - Done. Returned value was: None
[2025-12-19T20:24:57.239+0000] {taskinstance.py:441} INFO - ::group::Post task execution logs
[2025-12-19T20:24:57.247+0000] {taskinstance.py:1206} INFO - Marking task as SUCCESS. dag_id=update_db, task_id=core_table, run_id=manual__2025-12-19T20:24:54.449577+00:00, execution_date=20251219T202454, start_date=20251219T202457, end_date=20251219T202457
[2025-12-19T20:24:57.283+0000] {local_task_job_runner.py:240} INFO - Task exited with return code 0
[2025-12-19T20:24:57.297+0000] {taskinstance.py:3503} INFO - 0 downstream tasks scheduled from follow-on schedule check
[2025-12-19T20:24:57.301+0000] {local_task_job_runner.py:222} INFO - ::endgroup::
