[2025-12-17T17:19:28.629+0000] {local_task_job_runner.py:120} INFO - ::group::Pre task execution logs
[2025-12-17T17:19:28.654+0000] {taskinstance.py:2076} INFO - Dependencies all met for dep_context=non-requeueable deps ti=<TaskInstance: produce_json.save_to_json scheduled__2025-12-16T17:00:00+00:00 [queued]>
[2025-12-17T17:19:28.662+0000] {taskinstance.py:2076} INFO - Dependencies all met for dep_context=requeueable deps ti=<TaskInstance: produce_json.save_to_json scheduled__2025-12-16T17:00:00+00:00 [queued]>
[2025-12-17T17:19:28.663+0000] {taskinstance.py:2306} INFO - Starting attempt 1 of 1
[2025-12-17T17:19:28.682+0000] {taskinstance.py:2330} INFO - Executing <Task(_PythonDecoratedOperator): save_to_json> on 2025-12-16 17:00:00+00:00
[2025-12-17T17:19:28.689+0000] {warnings.py:112} WARNING - /home/***/.local/lib/python3.12/site-packages/***/task/task_runner/standard_task_runner.py:61: DeprecationWarning: This process (pid=96) is multi-threaded, use of fork() may lead to deadlocks in the child.
  pid = os.fork()

[2025-12-17T17:19:28.691+0000] {standard_task_runner.py:63} INFO - Started process 97 to run task
[2025-12-17T17:19:28.691+0000] {standard_task_runner.py:90} INFO - Running: ['***', 'tasks', 'run', 'produce_json', 'save_to_json', 'scheduled__2025-12-16T17:00:00+00:00', '--job-id', '10', '--raw', '--subdir', 'DAGS_FOLDER/main.py', '--cfg-path', '/tmp/tmp8swq_2uf']
[2025-12-17T17:19:28.693+0000] {standard_task_runner.py:91} INFO - Job 10: Subtask save_to_json
[2025-12-17T17:19:28.783+0000] {task_command.py:426} INFO - Running <TaskInstance: produce_json.save_to_json scheduled__2025-12-16T17:00:00+00:00 [running]> on host b3485605f88f
[2025-12-17T17:19:28.969+0000] {taskinstance.py:2648} INFO - Exporting env vars: AIRFLOW_CTX_DAG_EMAIL='data@engineers.com' AIRFLOW_CTX_DAG_OWNER='dataengineers' AIRFLOW_CTX_DAG_ID='produce_json' AIRFLOW_CTX_TASK_ID='save_to_json' AIRFLOW_CTX_EXECUTION_DATE='2025-12-16T17:00:00+00:00' AIRFLOW_CTX_TRY_NUMBER='1' AIRFLOW_CTX_DAG_RUN_ID='scheduled__2025-12-16T17:00:00+00:00'
[2025-12-17T17:19:28.970+0000] {taskinstance.py:430} INFO - ::endgroup::
[2025-12-17T17:19:28.998+0000] {logging_mixin.py:188} INFO - Archivo guardado en: ./data/YT_data_2025-12-17.json
[2025-12-17T17:19:29.000+0000] {python.py:237} INFO - Done. Returned value was: None
[2025-12-17T17:19:29.000+0000] {taskinstance.py:441} INFO - ::group::Post task execution logs
[2025-12-17T17:19:29.011+0000] {taskinstance.py:1206} INFO - Marking task as SUCCESS. dag_id=produce_json, task_id=save_to_json, run_id=scheduled__2025-12-16T17:00:00+00:00, execution_date=20251216T170000, start_date=20251217T171928, end_date=20251217T171929
[2025-12-17T17:19:29.068+0000] {local_task_job_runner.py:240} INFO - Task exited with return code 0
[2025-12-17T17:19:29.095+0000] {taskinstance.py:3503} INFO - 0 downstream tasks scheduled from follow-on schedule check
[2025-12-17T17:19:29.100+0000] {local_task_job_runner.py:222} INFO - ::endgroup::
