[2025-12-14T23:28:17.204+0000] {local_task_job_runner.py:120} INFO - ::group::Pre task execution logs
[2025-12-14T23:28:17.264+0000] {taskinstance.py:2076} INFO - Dependencies all met for dep_context=non-requeueable deps ti=<TaskInstance: produce_json.get_playlist_Id manual__2025-12-14T23:28:15.096088+00:00 [queued]>
[2025-12-14T23:28:17.276+0000] {taskinstance.py:2076} INFO - Dependencies all met for dep_context=requeueable deps ti=<TaskInstance: produce_json.get_playlist_Id manual__2025-12-14T23:28:15.096088+00:00 [queued]>
[2025-12-14T23:28:17.277+0000] {taskinstance.py:2306} INFO - Starting attempt 1 of 1
[2025-12-14T23:28:17.294+0000] {taskinstance.py:2330} INFO - Executing <Task(_PythonDecoratedOperator): get_playlist_Id> on 2025-12-14 23:28:15.096088+00:00
[2025-12-14T23:28:17.308+0000] {standard_task_runner.py:90} INFO - Running: ['***', 'tasks', 'run', 'produce_json', 'get_playlist_Id', 'manual__2025-12-14T23:28:15.096088+00:00', '--job-id', '105', '--raw', '--subdir', 'DAGS_FOLDER/main.py', '--cfg-path', '/tmp/tmpb3z64cdh']
[2025-12-14T23:28:17.307+0000] {warnings.py:112} WARNING - /home/***/.local/lib/python3.12/site-packages/***/task/task_runner/standard_task_runner.py:61: DeprecationWarning: This process (pid=68) is multi-threaded, use of fork() may lead to deadlocks in the child.
  pid = os.fork()

[2025-12-14T23:28:17.311+0000] {standard_task_runner.py:91} INFO - Job 105: Subtask get_playlist_Id
[2025-12-14T23:28:17.312+0000] {standard_task_runner.py:63} INFO - Started process 69 to run task
[2025-12-14T23:28:17.653+0000] {task_command.py:426} INFO - Running <TaskInstance: produce_json.get_playlist_Id manual__2025-12-14T23:28:15.096088+00:00 [running]> on host 58cdcf494984
[2025-12-14T23:28:17.860+0000] {taskinstance.py:2648} INFO - Exporting env vars: AIRFLOW_CTX_DAG_EMAIL='data@engineers.com' AIRFLOW_CTX_DAG_OWNER='dataengineers' AIRFLOW_CTX_DAG_ID='produce_json' AIRFLOW_CTX_TASK_ID='get_playlist_Id' AIRFLOW_CTX_EXECUTION_DATE='2025-12-14T23:28:15.096088+00:00' AIRFLOW_CTX_TRY_NUMBER='1' AIRFLOW_CTX_DAG_RUN_ID='manual__2025-12-14T23:28:15.096088+00:00'
[2025-12-14T23:28:17.865+0000] {taskinstance.py:430} INFO - ::endgroup::
[2025-12-14T23:28:18.307+0000] {logging_mixin.py:188} INFO - Playlist ID: UUX6OQ3DkcsbYNE6H8uQQuVA
[2025-12-14T23:28:18.314+0000] {python.py:237} INFO - Done. Returned value was: UUX6OQ3DkcsbYNE6H8uQQuVA
[2025-12-14T23:28:18.318+0000] {taskinstance.py:441} INFO - ::group::Post task execution logs
[2025-12-14T23:28:18.370+0000] {taskinstance.py:1206} INFO - Marking task as SUCCESS. dag_id=produce_json, task_id=get_playlist_Id, run_id=manual__2025-12-14T23:28:15.096088+00:00, execution_date=20251214T232815, start_date=20251214T232817, end_date=20251214T232818
[2025-12-14T23:28:18.424+0000] {local_task_job_runner.py:240} INFO - Task exited with return code 0
[2025-12-14T23:28:18.460+0000] {taskinstance.py:3503} INFO - 1 downstream tasks scheduled from follow-on schedule check
[2025-12-14T23:28:18.463+0000] {local_task_job_runner.py:222} INFO - ::endgroup::
