[2025-12-18T04:11:11.320+0000] {local_task_job_runner.py:120} INFO - ::group::Pre task execution logs
[2025-12-18T04:11:11.349+0000] {taskinstance.py:2076} INFO - Dependencies all met for dep_context=non-requeueable deps ti=<TaskInstance: produce_json.save_to_json scheduled__2025-12-16T14:00:00+00:00 [queued]>
[2025-12-18T04:11:11.361+0000] {taskinstance.py:2076} INFO - Dependencies all met for dep_context=requeueable deps ti=<TaskInstance: produce_json.save_to_json scheduled__2025-12-16T14:00:00+00:00 [queued]>
[2025-12-18T04:11:11.362+0000] {taskinstance.py:2306} INFO - Starting attempt 1 of 1
[2025-12-18T04:11:11.377+0000] {taskinstance.py:2330} INFO - Executing <Task(_PythonDecoratedOperator): save_to_json> on 2025-12-16 14:00:00+00:00
[2025-12-18T04:11:11.387+0000] {warnings.py:112} WARNING - /home/***/.local/lib/python3.12/site-packages/***/task/task_runner/standard_task_runner.py:61: DeprecationWarning: This process (pid=613) is multi-threaded, use of fork() may lead to deadlocks in the child.
  pid = os.fork()

[2025-12-18T04:11:11.390+0000] {standard_task_runner.py:63} INFO - Started process 614 to run task
[2025-12-18T04:11:11.390+0000] {standard_task_runner.py:90} INFO - Running: ['***', 'tasks', 'run', 'produce_json', 'save_to_json', 'scheduled__2025-12-16T14:00:00+00:00', '--job-id', '10', '--raw', '--subdir', 'DAGS_FOLDER/main.py', '--cfg-path', '/tmp/tmppnjrzab7']
[2025-12-18T04:11:11.391+0000] {standard_task_runner.py:91} INFO - Job 10: Subtask save_to_json
[2025-12-18T04:11:11.473+0000] {task_command.py:426} INFO - Running <TaskInstance: produce_json.save_to_json scheduled__2025-12-16T14:00:00+00:00 [running]> on host cfc984bcb72d
[2025-12-18T04:11:11.623+0000] {taskinstance.py:2648} INFO - Exporting env vars: AIRFLOW_CTX_DAG_EMAIL='data@engineers.com' AIRFLOW_CTX_DAG_OWNER='dataengineers' AIRFLOW_CTX_DAG_ID='produce_json' AIRFLOW_CTX_TASK_ID='save_to_json' AIRFLOW_CTX_EXECUTION_DATE='2025-12-16T14:00:00+00:00' AIRFLOW_CTX_TRY_NUMBER='1' AIRFLOW_CTX_DAG_RUN_ID='scheduled__2025-12-16T14:00:00+00:00'
[2025-12-18T04:11:11.624+0000] {taskinstance.py:430} INFO - ::endgroup::
[2025-12-18T04:11:11.643+0000] {logging_mixin.py:188} INFO - Archivo guardado en: ./data/YT_data_2025-12-18.json
[2025-12-18T04:11:11.644+0000] {python.py:237} INFO - Done. Returned value was: None
[2025-12-18T04:11:11.644+0000] {taskinstance.py:441} INFO - ::group::Post task execution logs
[2025-12-18T04:11:11.654+0000] {taskinstance.py:1206} INFO - Marking task as SUCCESS. dag_id=produce_json, task_id=save_to_json, run_id=scheduled__2025-12-16T14:00:00+00:00, execution_date=20251216T140000, start_date=20251218T041111, end_date=20251218T041111
[2025-12-18T04:11:11.686+0000] {local_task_job_runner.py:240} INFO - Task exited with return code 0
[2025-12-18T04:11:11.714+0000] {taskinstance.py:3503} INFO - 0 downstream tasks scheduled from follow-on schedule check
[2025-12-18T04:11:11.719+0000] {local_task_job_runner.py:222} INFO - ::endgroup::
