[2025-12-20T20:18:13.847+0000] {local_task_job_runner.py:120} INFO - ::group::Pre task execution logs
[2025-12-20T20:18:13.884+0000] {taskinstance.py:2076} INFO - Dependencies all met for dep_context=non-requeueable deps ti=<TaskInstance: update_db.core_table manual__2025-12-20T20:17:59.413506+00:00 [queued]>
[2025-12-20T20:18:13.898+0000] {taskinstance.py:2076} INFO - Dependencies all met for dep_context=requeueable deps ti=<TaskInstance: update_db.core_table manual__2025-12-20T20:17:59.413506+00:00 [queued]>
[2025-12-20T20:18:13.900+0000] {taskinstance.py:2306} INFO - Starting attempt 1 of 1
[2025-12-20T20:18:13.928+0000] {taskinstance.py:2330} INFO - Executing <Task(_PythonDecoratedOperator): core_table> on 2025-12-20 20:17:59.413506+00:00
[2025-12-20T20:18:13.940+0000] {standard_task_runner.py:63} INFO - Started process 114 to run task
[2025-12-20T20:18:13.945+0000] {standard_task_runner.py:90} INFO - Running: ['***', 'tasks', 'run', 'update_db', 'core_table', 'manual__2025-12-20T20:17:59.413506+00:00', '--job-id', '71', '--raw', '--subdir', 'DAGS_FOLDER/main.py', '--cfg-path', '/tmp/tmp1iab94g5']
[2025-12-20T20:18:13.947+0000] {standard_task_runner.py:91} INFO - Job 71: Subtask core_table
[2025-12-20T20:18:14.086+0000] {task_command.py:426} INFO - Running <TaskInstance: update_db.core_table manual__2025-12-20T20:17:59.413506+00:00 [running]> on host 87e0e81ae3ad
[2025-12-20T20:18:14.337+0000] {taskinstance.py:2648} INFO - Exporting env vars: AIRFLOW_CTX_DAG_EMAIL='data@engineers.com' AIRFLOW_CTX_DAG_OWNER='dataengineers' AIRFLOW_CTX_DAG_ID='update_db' AIRFLOW_CTX_TASK_ID='core_table' AIRFLOW_CTX_EXECUTION_DATE='2025-12-20T20:17:59.413506+00:00' AIRFLOW_CTX_TRY_NUMBER='1' AIRFLOW_CTX_DAG_RUN_ID='manual__2025-12-20T20:17:59.413506+00:00'
[2025-12-20T20:18:14.342+0000] {taskinstance.py:430} INFO - ::endgroup::
[2025-12-20T20:18:14.364+0000] {base.py:84} INFO - Using connection ID 'postgres_db_yt_elt' for task execution.
[2025-12-20T20:18:14.383+0000] {base.py:84} INFO - Using connection ID 'postgres_db_yt_elt' for task execution.
[2025-12-20T20:18:14.403+0000] {base.py:84} INFO - Using connection ID 'postgres_db_yt_elt' for task execution.
[2025-12-20T20:18:14.417+0000] {dwh.py:85} INFO - core table update completed
[2025-12-20T20:18:14.418+0000] {python.py:237} INFO - Done. Returned value was: None
[2025-12-20T20:18:14.418+0000] {taskinstance.py:441} INFO - ::group::Post task execution logs
[2025-12-20T20:18:14.430+0000] {taskinstance.py:1206} INFO - Marking task as SUCCESS. dag_id=update_db, task_id=core_table, run_id=manual__2025-12-20T20:17:59.413506+00:00, execution_date=20251220T201759, start_date=20251220T201813, end_date=20251220T201814
[2025-12-20T20:18:14.480+0000] {local_task_job_runner.py:240} INFO - Task exited with return code 0
[2025-12-20T20:18:14.507+0000] {taskinstance.py:3503} INFO - 1 downstream tasks scheduled from follow-on schedule check
[2025-12-20T20:18:14.509+0000] {local_task_job_runner.py:222} INFO - ::endgroup::
