[2025-12-20T20:18:58.378+0000] {local_task_job_runner.py:120} INFO - ::group::Pre task execution logs
[2025-12-20T20:18:58.402+0000] {taskinstance.py:2076} INFO - Dependencies all met for dep_context=non-requeueable deps ti=<TaskInstance: update_db.staging_table manual__2025-12-20T20:18:54.850847+00:00 [queued]>
[2025-12-20T20:18:58.411+0000] {taskinstance.py:2076} INFO - Dependencies all met for dep_context=requeueable deps ti=<TaskInstance: update_db.staging_table manual__2025-12-20T20:18:54.850847+00:00 [queued]>
[2025-12-20T20:18:58.413+0000] {taskinstance.py:2306} INFO - Starting attempt 1 of 1
[2025-12-20T20:18:58.427+0000] {taskinstance.py:2330} INFO - Executing <Task(_PythonDecoratedOperator): staging_table> on 2025-12-20 20:18:54.850847+00:00
[2025-12-20T20:18:58.433+0000] {standard_task_runner.py:63} INFO - Started process 151 to run task
[2025-12-20T20:18:58.438+0000] {standard_task_runner.py:90} INFO - Running: ['***', 'tasks', 'run', 'update_db', 'staging_table', 'manual__2025-12-20T20:18:54.850847+00:00', '--job-id', '80', '--raw', '--subdir', 'DAGS_FOLDER/main.py', '--cfg-path', '/tmp/tmpg4xeiym2']
[2025-12-20T20:18:58.440+0000] {standard_task_runner.py:91} INFO - Job 80: Subtask staging_table
[2025-12-20T20:18:58.534+0000] {task_command.py:426} INFO - Running <TaskInstance: update_db.staging_table manual__2025-12-20T20:18:54.850847+00:00 [running]> on host 87e0e81ae3ad
[2025-12-20T20:18:58.650+0000] {taskinstance.py:2648} INFO - Exporting env vars: AIRFLOW_CTX_DAG_EMAIL='data@engineers.com' AIRFLOW_CTX_DAG_OWNER='dataengineers' AIRFLOW_CTX_DAG_ID='update_db' AIRFLOW_CTX_TASK_ID='staging_table' AIRFLOW_CTX_EXECUTION_DATE='2025-12-20T20:18:54.850847+00:00' AIRFLOW_CTX_TRY_NUMBER='1' AIRFLOW_CTX_DAG_RUN_ID='manual__2025-12-20T20:18:54.850847+00:00'
[2025-12-20T20:18:58.652+0000] {taskinstance.py:430} INFO - ::endgroup::
[2025-12-20T20:18:58.662+0000] {base.py:84} INFO - Using connection ID 'postgres_db_yt_elt' for task execution.
[2025-12-20T20:18:58.667+0000] {data_loading.py:11} INFO - Processing file: YT_data_2025-12-20
[2025-12-20T20:18:58.675+0000] {data_loading.py:22} WARNING - Skipping row with missing video_id
[2025-12-20T20:18:58.676+0000] {data_loading.py:22} WARNING - Skipping row with missing video_id
[2025-12-20T20:18:58.676+0000] {data_loading.py:22} WARNING - Skipping row with missing video_id
[2025-12-20T20:18:58.676+0000] {data_loading.py:22} WARNING - Skipping row with missing video_id
[2025-12-20T20:18:58.677+0000] {data_loading.py:22} WARNING - Skipping row with missing video_id
[2025-12-20T20:18:58.677+0000] {data_loading.py:22} WARNING - Skipping row with missing video_id
[2025-12-20T20:18:58.678+0000] {data_loading.py:22} WARNING - Skipping row with missing video_id
[2025-12-20T20:18:58.678+0000] {data_loading.py:22} WARNING - Skipping row with missing video_id
[2025-12-20T20:18:58.678+0000] {data_loading.py:22} WARNING - Skipping row with missing video_id
[2025-12-20T20:18:58.679+0000] {data_loading.py:22} WARNING - Skipping row with missing video_id
[2025-12-20T20:18:58.679+0000] {data_loading.py:22} WARNING - Skipping row with missing video_id
[2025-12-20T20:18:58.680+0000] {data_loading.py:22} WARNING - Skipping row with missing video_id
[2025-12-20T20:18:58.680+0000] {data_loading.py:22} WARNING - Skipping row with missing video_id
[2025-12-20T20:18:58.680+0000] {data_loading.py:22} WARNING - Skipping row with missing video_id
[2025-12-20T20:18:58.681+0000] {data_loading.py:22} WARNING - Skipping row with missing video_id
[2025-12-20T20:18:58.681+0000] {data_loading.py:22} WARNING - Skipping row with missing video_id
[2025-12-20T20:18:58.682+0000] {data_loading.py:22} WARNING - Skipping row with missing video_id
[2025-12-20T20:18:58.682+0000] {data_loading.py:22} WARNING - Skipping row with missing video_id
[2025-12-20T20:18:58.682+0000] {data_loading.py:22} WARNING - Skipping row with missing video_id
[2025-12-20T20:18:58.683+0000] {data_loading.py:22} WARNING - Skipping row with missing video_id
[2025-12-20T20:18:58.683+0000] {data_loading.py:22} WARNING - Skipping row with missing video_id
[2025-12-20T20:18:58.684+0000] {data_loading.py:22} WARNING - Skipping row with missing video_id
[2025-12-20T20:18:58.684+0000] {data_loading.py:22} WARNING - Skipping row with missing video_id
[2025-12-20T20:18:58.685+0000] {data_loading.py:22} WARNING - Skipping row with missing video_id
[2025-12-20T20:18:58.685+0000] {data_loading.py:22} WARNING - Skipping row with missing video_id
[2025-12-20T20:18:58.686+0000] {data_loading.py:22} WARNING - Skipping row with missing video_id
[2025-12-20T20:18:58.686+0000] {data_loading.py:22} WARNING - Skipping row with missing video_id
[2025-12-20T20:18:58.686+0000] {data_loading.py:22} WARNING - Skipping row with missing video_id
[2025-12-20T20:18:58.687+0000] {data_loading.py:22} WARNING - Skipping row with missing video_id
[2025-12-20T20:18:58.687+0000] {data_loading.py:22} WARNING - Skipping row with missing video_id
[2025-12-20T20:18:58.688+0000] {data_loading.py:22} WARNING - Skipping row with missing video_id
[2025-12-20T20:18:58.688+0000] {data_loading.py:22} WARNING - Skipping row with missing video_id
[2025-12-20T20:18:58.689+0000] {data_loading.py:22} WARNING - Skipping row with missing video_id
[2025-12-20T20:18:58.689+0000] {data_loading.py:22} WARNING - Skipping row with missing video_id
[2025-12-20T20:18:58.690+0000] {data_loading.py:22} WARNING - Skipping row with missing video_id
[2025-12-20T20:18:58.690+0000] {data_loading.py:22} WARNING - Skipping row with missing video_id
[2025-12-20T20:18:58.690+0000] {data_loading.py:22} WARNING - Skipping row with missing video_id
[2025-12-20T20:18:58.691+0000] {data_loading.py:22} WARNING - Skipping row with missing video_id
[2025-12-20T20:18:58.691+0000] {data_loading.py:22} WARNING - Skipping row with missing video_id
[2025-12-20T20:18:58.692+0000] {data_loading.py:22} WARNING - Skipping row with missing video_id
[2025-12-20T20:18:58.692+0000] {data_loading.py:22} WARNING - Skipping row with missing video_id
[2025-12-20T20:18:58.692+0000] {data_loading.py:22} WARNING - Skipping row with missing video_id
[2025-12-20T20:18:58.693+0000] {data_loading.py:22} WARNING - Skipping row with missing video_id
[2025-12-20T20:18:58.693+0000] {data_loading.py:22} WARNING - Skipping row with missing video_id
[2025-12-20T20:18:58.694+0000] {data_loading.py:22} WARNING - Skipping row with missing video_id
[2025-12-20T20:18:58.694+0000] {data_loading.py:22} WARNING - Skipping row with missing video_id
[2025-12-20T20:18:58.695+0000] {data_loading.py:22} WARNING - Skipping row with missing video_id
[2025-12-20T20:18:58.696+0000] {data_loading.py:22} WARNING - Skipping row with missing video_id
[2025-12-20T20:18:58.696+0000] {data_loading.py:22} WARNING - Skipping row with missing video_id
[2025-12-20T20:18:58.697+0000] {data_loading.py:22} WARNING - Skipping row with missing video_id
[2025-12-20T20:18:58.697+0000] {data_loading.py:22} WARNING - Skipping row with missing video_id
[2025-12-20T20:18:58.697+0000] {data_loading.py:22} WARNING - Skipping row with missing video_id
[2025-12-20T20:18:58.698+0000] {data_loading.py:22} WARNING - Skipping row with missing video_id
[2025-12-20T20:18:58.698+0000] {data_loading.py:22} WARNING - Skipping row with missing video_id
[2025-12-20T20:18:58.699+0000] {data_loading.py:22} WARNING - Skipping row with missing video_id
[2025-12-20T20:18:58.699+0000] {data_loading.py:22} WARNING - Skipping row with missing video_id
[2025-12-20T20:18:58.699+0000] {data_loading.py:22} WARNING - Skipping row with missing video_id
[2025-12-20T20:18:58.700+0000] {data_loading.py:22} WARNING - Skipping row with missing video_id
[2025-12-20T20:18:58.700+0000] {data_loading.py:22} WARNING - Skipping row with missing video_id
[2025-12-20T20:18:58.701+0000] {data_loading.py:22} WARNING - Skipping row with missing video_id
[2025-12-20T20:18:58.701+0000] {data_loading.py:22} WARNING - Skipping row with missing video_id
[2025-12-20T20:18:58.701+0000] {data_loading.py:22} WARNING - Skipping row with missing video_id
[2025-12-20T20:18:58.702+0000] {data_loading.py:22} WARNING - Skipping row with missing video_id
[2025-12-20T20:18:58.702+0000] {data_loading.py:22} WARNING - Skipping row with missing video_id
[2025-12-20T20:18:58.703+0000] {data_loading.py:22} WARNING - Skipping row with missing video_id
[2025-12-20T20:18:58.704+0000] {data_loading.py:22} WARNING - Skipping row with missing video_id
[2025-12-20T20:18:58.705+0000] {data_loading.py:22} WARNING - Skipping row with missing video_id
[2025-12-20T20:18:58.706+0000] {data_loading.py:22} WARNING - Skipping row with missing video_id
[2025-12-20T20:18:58.706+0000] {data_loading.py:22} WARNING - Skipping row with missing video_id
[2025-12-20T20:18:58.706+0000] {data_loading.py:22} WARNING - Skipping row with missing video_id
[2025-12-20T20:18:58.707+0000] {data_loading.py:22} WARNING - Skipping row with missing video_id
[2025-12-20T20:18:58.707+0000] {data_loading.py:22} WARNING - Skipping row with missing video_id
[2025-12-20T20:18:58.708+0000] {data_loading.py:22} WARNING - Skipping row with missing video_id
[2025-12-20T20:18:58.708+0000] {data_loading.py:22} WARNING - Skipping row with missing video_id
[2025-12-20T20:18:58.708+0000] {data_loading.py:22} WARNING - Skipping row with missing video_id
[2025-12-20T20:18:58.709+0000] {data_loading.py:22} WARNING - Skipping row with missing video_id
[2025-12-20T20:18:58.709+0000] {data_loading.py:22} WARNING - Skipping row with missing video_id
[2025-12-20T20:18:58.709+0000] {data_loading.py:22} WARNING - Skipping row with missing video_id
[2025-12-20T20:18:58.710+0000] {data_loading.py:22} WARNING - Skipping row with missing video_id
[2025-12-20T20:18:58.710+0000] {data_loading.py:22} WARNING - Skipping row with missing video_id
[2025-12-20T20:18:58.711+0000] {data_loading.py:22} WARNING - Skipping row with missing video_id
[2025-12-20T20:18:58.711+0000] {data_loading.py:22} WARNING - Skipping row with missing video_id
[2025-12-20T20:18:58.712+0000] {data_loading.py:22} WARNING - Skipping row with missing video_id
[2025-12-20T20:18:58.712+0000] {data_loading.py:22} WARNING - Skipping row with missing video_id
[2025-12-20T20:18:58.713+0000] {data_loading.py:22} WARNING - Skipping row with missing video_id
[2025-12-20T20:18:58.713+0000] {data_loading.py:22} WARNING - Skipping row with missing video_id
[2025-12-20T20:18:58.714+0000] {data_loading.py:22} WARNING - Skipping row with missing video_id
[2025-12-20T20:18:58.714+0000] {data_loading.py:22} WARNING - Skipping row with missing video_id
[2025-12-20T20:18:58.714+0000] {data_loading.py:22} WARNING - Skipping row with missing video_id
[2025-12-20T20:18:58.715+0000] {data_loading.py:22} WARNING - Skipping row with missing video_id
[2025-12-20T20:18:58.715+0000] {data_loading.py:22} WARNING - Skipping row with missing video_id
[2025-12-20T20:18:58.716+0000] {data_loading.py:22} WARNING - Skipping row with missing video_id
[2025-12-20T20:18:58.716+0000] {data_loading.py:22} WARNING - Skipping row with missing video_id
[2025-12-20T20:18:58.717+0000] {data_loading.py:22} WARNING - Skipping row with missing video_id
[2025-12-20T20:18:58.717+0000] {data_loading.py:22} WARNING - Skipping row with missing video_id
[2025-12-20T20:18:58.718+0000] {data_loading.py:22} WARNING - Skipping row with missing video_id
[2025-12-20T20:18:58.718+0000] {data_loading.py:22} WARNING - Skipping row with missing video_id
[2025-12-20T20:18:58.718+0000] {data_loading.py:22} WARNING - Skipping row with missing video_id
[2025-12-20T20:18:58.719+0000] {data_loading.py:22} WARNING - Skipping row with missing video_id
[2025-12-20T20:18:58.720+0000] {data_loading.py:22} WARNING - Skipping row with missing video_id
[2025-12-20T20:18:58.720+0000] {data_loading.py:22} WARNING - Skipping row with missing video_id
[2025-12-20T20:18:58.721+0000] {data_loading.py:22} WARNING - Skipping row with missing video_id
[2025-12-20T20:18:58.721+0000] {data_loading.py:22} WARNING - Skipping row with missing video_id
[2025-12-20T20:18:58.722+0000] {data_loading.py:22} WARNING - Skipping row with missing video_id
[2025-12-20T20:18:58.722+0000] {data_loading.py:22} WARNING - Skipping row with missing video_id
[2025-12-20T20:18:58.723+0000] {data_loading.py:22} WARNING - Skipping row with missing video_id
[2025-12-20T20:18:58.723+0000] {data_loading.py:22} WARNING - Skipping row with missing video_id
[2025-12-20T20:18:58.724+0000] {data_loading.py:22} WARNING - Skipping row with missing video_id
[2025-12-20T20:18:58.724+0000] {data_loading.py:22} WARNING - Skipping row with missing video_id
[2025-12-20T20:18:58.725+0000] {data_loading.py:22} WARNING - Skipping row with missing video_id
[2025-12-20T20:18:58.725+0000] {data_loading.py:22} WARNING - Skipping row with missing video_id
[2025-12-20T20:18:58.726+0000] {data_loading.py:22} WARNING - Skipping row with missing video_id
[2025-12-20T20:18:58.726+0000] {data_loading.py:22} WARNING - Skipping row with missing video_id
[2025-12-20T20:18:58.727+0000] {data_loading.py:22} WARNING - Skipping row with missing video_id
[2025-12-20T20:18:58.727+0000] {data_loading.py:22} WARNING - Skipping row with missing video_id
[2025-12-20T20:18:58.728+0000] {data_loading.py:22} WARNING - Skipping row with missing video_id
[2025-12-20T20:18:58.728+0000] {data_loading.py:22} WARNING - Skipping row with missing video_id
[2025-12-20T20:18:58.728+0000] {data_loading.py:22} WARNING - Skipping row with missing video_id
[2025-12-20T20:18:58.729+0000] {data_loading.py:22} WARNING - Skipping row with missing video_id
[2025-12-20T20:18:58.729+0000] {data_loading.py:22} WARNING - Skipping row with missing video_id
[2025-12-20T20:18:58.730+0000] {data_loading.py:22} WARNING - Skipping row with missing video_id
[2025-12-20T20:18:58.730+0000] {data_loading.py:22} WARNING - Skipping row with missing video_id
[2025-12-20T20:18:58.731+0000] {data_loading.py:22} WARNING - Skipping row with missing video_id
[2025-12-20T20:18:58.731+0000] {data_loading.py:22} WARNING - Skipping row with missing video_id
[2025-12-20T20:18:58.732+0000] {data_loading.py:22} WARNING - Skipping row with missing video_id
[2025-12-20T20:18:58.732+0000] {data_loading.py:22} WARNING - Skipping row with missing video_id
[2025-12-20T20:18:58.733+0000] {data_loading.py:22} WARNING - Skipping row with missing video_id
[2025-12-20T20:18:58.733+0000] {data_loading.py:22} WARNING - Skipping row with missing video_id
[2025-12-20T20:18:58.734+0000] {data_loading.py:22} WARNING - Skipping row with missing video_id
[2025-12-20T20:18:58.735+0000] {data_loading.py:22} WARNING - Skipping row with missing video_id
[2025-12-20T20:18:58.735+0000] {data_loading.py:22} WARNING - Skipping row with missing video_id
[2025-12-20T20:18:58.735+0000] {data_loading.py:22} WARNING - Skipping row with missing video_id
[2025-12-20T20:18:58.736+0000] {data_loading.py:22} WARNING - Skipping row with missing video_id
[2025-12-20T20:18:58.737+0000] {data_loading.py:22} WARNING - Skipping row with missing video_id
[2025-12-20T20:18:58.737+0000] {data_loading.py:22} WARNING - Skipping row with missing video_id
[2025-12-20T20:18:58.738+0000] {data_loading.py:22} WARNING - Skipping row with missing video_id
[2025-12-20T20:18:58.738+0000] {data_loading.py:22} WARNING - Skipping row with missing video_id
[2025-12-20T20:18:58.739+0000] {data_loading.py:22} WARNING - Skipping row with missing video_id
[2025-12-20T20:18:58.739+0000] {data_loading.py:22} WARNING - Skipping row with missing video_id
[2025-12-20T20:18:58.740+0000] {data_loading.py:22} WARNING - Skipping row with missing video_id
[2025-12-20T20:18:58.740+0000] {data_loading.py:22} WARNING - Skipping row with missing video_id
[2025-12-20T20:18:58.741+0000] {data_loading.py:22} WARNING - Skipping row with missing video_id
[2025-12-20T20:18:58.741+0000] {data_loading.py:22} WARNING - Skipping row with missing video_id
[2025-12-20T20:18:58.742+0000] {data_loading.py:22} WARNING - Skipping row with missing video_id
[2025-12-20T20:18:58.742+0000] {data_loading.py:22} WARNING - Skipping row with missing video_id
[2025-12-20T20:18:58.743+0000] {data_loading.py:22} WARNING - Skipping row with missing video_id
[2025-12-20T20:18:58.743+0000] {data_loading.py:22} WARNING - Skipping row with missing video_id
[2025-12-20T20:18:58.744+0000] {data_loading.py:22} WARNING - Skipping row with missing video_id
[2025-12-20T20:18:58.745+0000] {data_loading.py:22} WARNING - Skipping row with missing video_id
[2025-12-20T20:18:58.745+0000] {data_loading.py:22} WARNING - Skipping row with missing video_id
[2025-12-20T20:18:58.746+0000] {data_loading.py:22} WARNING - Skipping row with missing video_id
[2025-12-20T20:18:58.746+0000] {data_loading.py:22} WARNING - Skipping row with missing video_id
[2025-12-20T20:18:58.747+0000] {data_loading.py:22} WARNING - Skipping row with missing video_id
[2025-12-20T20:18:58.748+0000] {data_loading.py:22} WARNING - Skipping row with missing video_id
[2025-12-20T20:18:58.748+0000] {data_loading.py:22} WARNING - Skipping row with missing video_id
[2025-12-20T20:18:58.749+0000] {data_loading.py:22} WARNING - Skipping row with missing video_id
[2025-12-20T20:18:58.749+0000] {data_loading.py:22} WARNING - Skipping row with missing video_id
[2025-12-20T20:18:58.750+0000] {data_loading.py:22} WARNING - Skipping row with missing video_id
[2025-12-20T20:18:58.750+0000] {data_loading.py:22} WARNING - Skipping row with missing video_id
[2025-12-20T20:18:58.751+0000] {data_loading.py:22} WARNING - Skipping row with missing video_id
[2025-12-20T20:18:58.752+0000] {data_loading.py:22} WARNING - Skipping row with missing video_id
[2025-12-20T20:18:58.752+0000] {data_loading.py:22} WARNING - Skipping row with missing video_id
[2025-12-20T20:18:58.753+0000] {data_loading.py:22} WARNING - Skipping row with missing video_id
[2025-12-20T20:18:58.753+0000] {data_loading.py:22} WARNING - Skipping row with missing video_id
[2025-12-20T20:18:58.754+0000] {data_loading.py:22} WARNING - Skipping row with missing video_id
[2025-12-20T20:18:58.755+0000] {data_loading.py:22} WARNING - Skipping row with missing video_id
[2025-12-20T20:18:58.755+0000] {data_loading.py:22} WARNING - Skipping row with missing video_id
[2025-12-20T20:18:58.756+0000] {data_loading.py:22} WARNING - Skipping row with missing video_id
[2025-12-20T20:18:58.756+0000] {data_loading.py:22} WARNING - Skipping row with missing video_id
[2025-12-20T20:18:58.757+0000] {data_loading.py:22} WARNING - Skipping row with missing video_id
[2025-12-20T20:18:58.758+0000] {data_loading.py:22} WARNING - Skipping row with missing video_id
[2025-12-20T20:18:58.758+0000] {data_loading.py:22} WARNING - Skipping row with missing video_id
[2025-12-20T20:18:58.759+0000] {data_loading.py:22} WARNING - Skipping row with missing video_id
[2025-12-20T20:18:58.759+0000] {data_loading.py:22} WARNING - Skipping row with missing video_id
[2025-12-20T20:18:58.760+0000] {data_loading.py:22} WARNING - Skipping row with missing video_id
[2025-12-20T20:18:58.761+0000] {data_loading.py:22} WARNING - Skipping row with missing video_id
[2025-12-20T20:18:58.761+0000] {data_loading.py:22} WARNING - Skipping row with missing video_id
[2025-12-20T20:18:58.762+0000] {data_loading.py:22} WARNING - Skipping row with missing video_id
[2025-12-20T20:18:58.762+0000] {data_loading.py:22} WARNING - Skipping row with missing video_id
[2025-12-20T20:18:58.763+0000] {data_loading.py:22} WARNING - Skipping row with missing video_id
[2025-12-20T20:18:58.763+0000] {data_loading.py:22} WARNING - Skipping row with missing video_id
[2025-12-20T20:18:58.764+0000] {data_loading.py:22} WARNING - Skipping row with missing video_id
[2025-12-20T20:18:58.764+0000] {data_loading.py:22} WARNING - Skipping row with missing video_id
[2025-12-20T20:18:58.765+0000] {data_loading.py:22} WARNING - Skipping row with missing video_id
[2025-12-20T20:18:58.765+0000] {data_loading.py:22} WARNING - Skipping row with missing video_id
[2025-12-20T20:18:58.766+0000] {data_loading.py:22} WARNING - Skipping row with missing video_id
[2025-12-20T20:18:58.766+0000] {data_loading.py:22} WARNING - Skipping row with missing video_id
[2025-12-20T20:18:58.767+0000] {data_loading.py:22} WARNING - Skipping row with missing video_id
[2025-12-20T20:18:58.767+0000] {data_loading.py:22} WARNING - Skipping row with missing video_id
[2025-12-20T20:18:58.768+0000] {data_loading.py:22} WARNING - Skipping row with missing video_id
[2025-12-20T20:18:58.768+0000] {data_loading.py:22} WARNING - Skipping row with missing video_id
[2025-12-20T20:18:58.769+0000] {data_loading.py:22} WARNING - Skipping row with missing video_id
[2025-12-20T20:18:58.770+0000] {data_loading.py:22} WARNING - Skipping row with missing video_id
[2025-12-20T20:18:58.770+0000] {data_loading.py:22} WARNING - Skipping row with missing video_id
[2025-12-20T20:18:58.771+0000] {data_loading.py:22} WARNING - Skipping row with missing video_id
[2025-12-20T20:18:58.771+0000] {data_loading.py:22} WARNING - Skipping row with missing video_id
[2025-12-20T20:18:58.772+0000] {data_loading.py:22} WARNING - Skipping row with missing video_id
[2025-12-20T20:18:58.772+0000] {data_loading.py:22} WARNING - Skipping row with missing video_id
[2025-12-20T20:18:58.773+0000] {data_loading.py:22} WARNING - Skipping row with missing video_id
[2025-12-20T20:18:58.774+0000] {data_loading.py:22} WARNING - Skipping row with missing video_id
[2025-12-20T20:18:58.775+0000] {data_loading.py:22} WARNING - Skipping row with missing video_id
[2025-12-20T20:18:58.775+0000] {data_loading.py:22} WARNING - Skipping row with missing video_id
[2025-12-20T20:18:58.776+0000] {data_loading.py:22} WARNING - Skipping row with missing video_id
[2025-12-20T20:18:58.776+0000] {data_loading.py:22} WARNING - Skipping row with missing video_id
[2025-12-20T20:18:58.777+0000] {data_loading.py:22} WARNING - Skipping row with missing video_id
[2025-12-20T20:18:58.777+0000] {data_loading.py:22} WARNING - Skipping row with missing video_id
[2025-12-20T20:18:58.778+0000] {data_loading.py:22} WARNING - Skipping row with missing video_id
[2025-12-20T20:18:58.779+0000] {data_loading.py:22} WARNING - Skipping row with missing video_id
[2025-12-20T20:18:58.779+0000] {data_loading.py:22} WARNING - Skipping row with missing video_id
[2025-12-20T20:18:58.780+0000] {data_loading.py:22} WARNING - Skipping row with missing video_id
[2025-12-20T20:18:58.780+0000] {data_loading.py:22} WARNING - Skipping row with missing video_id
[2025-12-20T20:18:58.781+0000] {data_loading.py:22} WARNING - Skipping row with missing video_id
[2025-12-20T20:18:58.781+0000] {data_loading.py:22} WARNING - Skipping row with missing video_id
[2025-12-20T20:18:58.782+0000] {data_loading.py:22} WARNING - Skipping row with missing video_id
[2025-12-20T20:18:58.782+0000] {data_loading.py:22} WARNING - Skipping row with missing video_id
[2025-12-20T20:18:58.783+0000] {data_loading.py:22} WARNING - Skipping row with missing video_id
[2025-12-20T20:18:58.784+0000] {data_loading.py:22} WARNING - Skipping row with missing video_id
[2025-12-20T20:18:58.784+0000] {data_loading.py:22} WARNING - Skipping row with missing video_id
[2025-12-20T20:18:58.785+0000] {data_loading.py:22} WARNING - Skipping row with missing video_id
[2025-12-20T20:18:58.786+0000] {data_loading.py:22} WARNING - Skipping row with missing video_id
[2025-12-20T20:18:58.787+0000] {data_loading.py:22} WARNING - Skipping row with missing video_id
[2025-12-20T20:18:58.787+0000] {data_loading.py:22} WARNING - Skipping row with missing video_id
[2025-12-20T20:18:58.788+0000] {data_loading.py:22} WARNING - Skipping row with missing video_id
[2025-12-20T20:18:58.788+0000] {data_loading.py:22} WARNING - Skipping row with missing video_id
[2025-12-20T20:18:58.789+0000] {data_loading.py:22} WARNING - Skipping row with missing video_id
[2025-12-20T20:18:58.789+0000] {data_loading.py:22} WARNING - Skipping row with missing video_id
[2025-12-20T20:18:58.790+0000] {data_loading.py:22} WARNING - Skipping row with missing video_id
[2025-12-20T20:18:58.790+0000] {data_loading.py:22} WARNING - Skipping row with missing video_id
[2025-12-20T20:18:58.791+0000] {data_loading.py:22} WARNING - Skipping row with missing video_id
[2025-12-20T20:18:58.791+0000] {data_loading.py:22} WARNING - Skipping row with missing video_id
[2025-12-20T20:18:58.791+0000] {data_loading.py:22} WARNING - Skipping row with missing video_id
[2025-12-20T20:18:58.792+0000] {data_loading.py:22} WARNING - Skipping row with missing video_id
[2025-12-20T20:18:58.792+0000] {data_loading.py:22} WARNING - Skipping row with missing video_id
[2025-12-20T20:18:58.793+0000] {data_loading.py:22} WARNING - Skipping row with missing video_id
[2025-12-20T20:18:58.794+0000] {data_loading.py:22} WARNING - Skipping row with missing video_id
[2025-12-20T20:18:58.794+0000] {data_loading.py:22} WARNING - Skipping row with missing video_id
[2025-12-20T20:18:58.795+0000] {data_loading.py:22} WARNING - Skipping row with missing video_id
[2025-12-20T20:18:58.795+0000] {data_loading.py:22} WARNING - Skipping row with missing video_id
[2025-12-20T20:18:58.795+0000] {data_loading.py:22} WARNING - Skipping row with missing video_id
[2025-12-20T20:18:58.796+0000] {data_loading.py:22} WARNING - Skipping row with missing video_id
[2025-12-20T20:18:58.797+0000] {data_loading.py:22} WARNING - Skipping row with missing video_id
[2025-12-20T20:18:58.797+0000] {data_loading.py:22} WARNING - Skipping row with missing video_id
[2025-12-20T20:18:58.797+0000] {data_loading.py:22} WARNING - Skipping row with missing video_id
[2025-12-20T20:18:58.798+0000] {data_loading.py:22} WARNING - Skipping row with missing video_id
[2025-12-20T20:18:58.798+0000] {data_loading.py:22} WARNING - Skipping row with missing video_id
[2025-12-20T20:18:58.799+0000] {data_loading.py:22} WARNING - Skipping row with missing video_id
[2025-12-20T20:18:58.800+0000] {data_loading.py:22} WARNING - Skipping row with missing video_id
[2025-12-20T20:18:58.800+0000] {data_loading.py:22} WARNING - Skipping row with missing video_id
[2025-12-20T20:18:58.801+0000] {data_loading.py:22} WARNING - Skipping row with missing video_id
[2025-12-20T20:18:58.802+0000] {data_loading.py:22} WARNING - Skipping row with missing video_id
[2025-12-20T20:18:58.802+0000] {data_loading.py:22} WARNING - Skipping row with missing video_id
[2025-12-20T20:18:58.803+0000] {data_loading.py:22} WARNING - Skipping row with missing video_id
[2025-12-20T20:18:58.804+0000] {data_loading.py:22} WARNING - Skipping row with missing video_id
[2025-12-20T20:18:58.805+0000] {data_loading.py:22} WARNING - Skipping row with missing video_id
[2025-12-20T20:18:58.805+0000] {data_loading.py:22} WARNING - Skipping row with missing video_id
[2025-12-20T20:18:58.806+0000] {data_loading.py:22} WARNING - Skipping row with missing video_id
[2025-12-20T20:18:58.806+0000] {data_loading.py:22} WARNING - Skipping row with missing video_id
[2025-12-20T20:18:58.806+0000] {data_loading.py:22} WARNING - Skipping row with missing video_id
[2025-12-20T20:18:58.808+0000] {data_loading.py:22} WARNING - Skipping row with missing video_id
[2025-12-20T20:18:58.809+0000] {data_loading.py:22} WARNING - Skipping row with missing video_id
[2025-12-20T20:18:58.809+0000] {data_loading.py:22} WARNING - Skipping row with missing video_id
[2025-12-20T20:18:58.810+0000] {data_loading.py:22} WARNING - Skipping row with missing video_id
[2025-12-20T20:18:58.811+0000] {data_loading.py:22} WARNING - Skipping row with missing video_id
[2025-12-20T20:18:58.812+0000] {data_loading.py:22} WARNING - Skipping row with missing video_id
[2025-12-20T20:18:58.812+0000] {data_loading.py:22} WARNING - Skipping row with missing video_id
[2025-12-20T20:18:58.813+0000] {data_loading.py:22} WARNING - Skipping row with missing video_id
[2025-12-20T20:18:58.813+0000] {data_loading.py:22} WARNING - Skipping row with missing video_id
[2025-12-20T20:18:58.814+0000] {data_loading.py:22} WARNING - Skipping row with missing video_id
[2025-12-20T20:18:58.814+0000] {data_loading.py:22} WARNING - Skipping row with missing video_id
[2025-12-20T20:18:58.815+0000] {data_loading.py:22} WARNING - Skipping row with missing video_id
[2025-12-20T20:18:58.815+0000] {data_loading.py:22} WARNING - Skipping row with missing video_id
[2025-12-20T20:18:58.816+0000] {data_loading.py:22} WARNING - Skipping row with missing video_id
[2025-12-20T20:18:58.816+0000] {data_loading.py:22} WARNING - Skipping row with missing video_id
[2025-12-20T20:18:58.817+0000] {data_loading.py:22} WARNING - Skipping row with missing video_id
[2025-12-20T20:18:58.818+0000] {data_loading.py:22} WARNING - Skipping row with missing video_id
[2025-12-20T20:18:58.818+0000] {data_loading.py:22} WARNING - Skipping row with missing video_id
[2025-12-20T20:18:58.819+0000] {data_loading.py:22} WARNING - Skipping row with missing video_id
[2025-12-20T20:18:58.819+0000] {data_loading.py:22} WARNING - Skipping row with missing video_id
[2025-12-20T20:18:58.819+0000] {data_loading.py:22} WARNING - Skipping row with missing video_id
[2025-12-20T20:18:58.820+0000] {data_loading.py:22} WARNING - Skipping row with missing video_id
[2025-12-20T20:18:58.820+0000] {data_loading.py:22} WARNING - Skipping row with missing video_id
[2025-12-20T20:18:58.821+0000] {data_loading.py:22} WARNING - Skipping row with missing video_id
[2025-12-20T20:18:58.821+0000] {data_loading.py:22} WARNING - Skipping row with missing video_id
[2025-12-20T20:18:58.822+0000] {data_loading.py:22} WARNING - Skipping row with missing video_id
[2025-12-20T20:18:58.822+0000] {data_loading.py:22} WARNING - Skipping row with missing video_id
[2025-12-20T20:18:58.823+0000] {data_loading.py:22} WARNING - Skipping row with missing video_id
[2025-12-20T20:18:58.823+0000] {data_loading.py:22} WARNING - Skipping row with missing video_id
[2025-12-20T20:18:58.823+0000] {data_loading.py:22} WARNING - Skipping row with missing video_id
[2025-12-20T20:18:58.824+0000] {data_loading.py:22} WARNING - Skipping row with missing video_id
[2025-12-20T20:18:58.824+0000] {data_loading.py:22} WARNING - Skipping row with missing video_id
[2025-12-20T20:18:58.824+0000] {data_loading.py:22} WARNING - Skipping row with missing video_id
[2025-12-20T20:18:58.825+0000] {data_loading.py:22} WARNING - Skipping row with missing video_id
[2025-12-20T20:18:58.825+0000] {data_loading.py:22} WARNING - Skipping row with missing video_id
[2025-12-20T20:18:58.826+0000] {data_loading.py:22} WARNING - Skipping row with missing video_id
[2025-12-20T20:18:58.826+0000] {data_loading.py:22} WARNING - Skipping row with missing video_id
[2025-12-20T20:18:58.826+0000] {data_loading.py:22} WARNING - Skipping row with missing video_id
[2025-12-20T20:18:58.827+0000] {data_loading.py:22} WARNING - Skipping row with missing video_id
[2025-12-20T20:18:58.827+0000] {data_loading.py:22} WARNING - Skipping row with missing video_id
[2025-12-20T20:18:58.828+0000] {data_loading.py:22} WARNING - Skipping row with missing video_id
[2025-12-20T20:18:58.828+0000] {data_loading.py:22} WARNING - Skipping row with missing video_id
[2025-12-20T20:18:58.829+0000] {data_loading.py:22} WARNING - Skipping row with missing video_id
[2025-12-20T20:18:58.829+0000] {data_loading.py:22} WARNING - Skipping row with missing video_id
[2025-12-20T20:18:58.829+0000] {data_loading.py:22} WARNING - Skipping row with missing video_id
[2025-12-20T20:18:58.830+0000] {data_loading.py:22} WARNING - Skipping row with missing video_id
[2025-12-20T20:18:58.830+0000] {data_loading.py:22} WARNING - Skipping row with missing video_id
[2025-12-20T20:18:58.831+0000] {data_loading.py:22} WARNING - Skipping row with missing video_id
[2025-12-20T20:18:58.831+0000] {data_loading.py:22} WARNING - Skipping row with missing video_id
[2025-12-20T20:18:58.831+0000] {data_loading.py:22} WARNING - Skipping row with missing video_id
[2025-12-20T20:18:58.832+0000] {data_loading.py:22} WARNING - Skipping row with missing video_id
[2025-12-20T20:18:58.832+0000] {data_loading.py:22} WARNING - Skipping row with missing video_id
[2025-12-20T20:18:58.833+0000] {data_loading.py:22} WARNING - Skipping row with missing video_id
[2025-12-20T20:18:58.833+0000] {data_loading.py:22} WARNING - Skipping row with missing video_id
[2025-12-20T20:18:58.833+0000] {data_loading.py:22} WARNING - Skipping row with missing video_id
[2025-12-20T20:18:58.834+0000] {data_loading.py:22} WARNING - Skipping row with missing video_id
[2025-12-20T20:18:58.834+0000] {data_loading.py:22} WARNING - Skipping row with missing video_id
[2025-12-20T20:18:58.835+0000] {data_loading.py:22} WARNING - Skipping row with missing video_id
[2025-12-20T20:18:58.835+0000] {data_loading.py:22} WARNING - Skipping row with missing video_id
[2025-12-20T20:18:58.836+0000] {data_loading.py:22} WARNING - Skipping row with missing video_id
[2025-12-20T20:18:58.836+0000] {data_loading.py:22} WARNING - Skipping row with missing video_id
[2025-12-20T20:18:58.836+0000] {data_loading.py:22} WARNING - Skipping row with missing video_id
[2025-12-20T20:18:58.837+0000] {data_loading.py:22} WARNING - Skipping row with missing video_id
[2025-12-20T20:18:58.837+0000] {data_loading.py:22} WARNING - Skipping row with missing video_id
[2025-12-20T20:18:58.838+0000] {data_loading.py:22} WARNING - Skipping row with missing video_id
[2025-12-20T20:18:58.838+0000] {data_loading.py:22} WARNING - Skipping row with missing video_id
[2025-12-20T20:18:58.838+0000] {data_loading.py:22} WARNING - Skipping row with missing video_id
[2025-12-20T20:18:58.839+0000] {data_loading.py:22} WARNING - Skipping row with missing video_id
[2025-12-20T20:18:58.839+0000] {data_loading.py:22} WARNING - Skipping row with missing video_id
[2025-12-20T20:18:58.839+0000] {data_loading.py:22} WARNING - Skipping row with missing video_id
[2025-12-20T20:18:58.840+0000] {data_loading.py:22} WARNING - Skipping row with missing video_id
[2025-12-20T20:18:58.840+0000] {data_loading.py:22} WARNING - Skipping row with missing video_id
[2025-12-20T20:18:58.841+0000] {data_loading.py:22} WARNING - Skipping row with missing video_id
[2025-12-20T20:18:58.841+0000] {data_loading.py:22} WARNING - Skipping row with missing video_id
[2025-12-20T20:18:58.842+0000] {data_loading.py:22} WARNING - Skipping row with missing video_id
[2025-12-20T20:18:58.842+0000] {data_loading.py:22} WARNING - Skipping row with missing video_id
[2025-12-20T20:18:58.842+0000] {data_loading.py:22} WARNING - Skipping row with missing video_id
[2025-12-20T20:18:58.843+0000] {data_loading.py:22} WARNING - Skipping row with missing video_id
[2025-12-20T20:18:58.843+0000] {data_loading.py:22} WARNING - Skipping row with missing video_id
[2025-12-20T20:18:58.844+0000] {data_loading.py:22} WARNING - Skipping row with missing video_id
[2025-12-20T20:18:58.844+0000] {data_loading.py:22} WARNING - Skipping row with missing video_id
[2025-12-20T20:18:58.844+0000] {data_loading.py:22} WARNING - Skipping row with missing video_id
[2025-12-20T20:18:58.845+0000] {data_loading.py:22} WARNING - Skipping row with missing video_id
[2025-12-20T20:18:58.845+0000] {data_loading.py:22} WARNING - Skipping row with missing video_id
[2025-12-20T20:18:58.846+0000] {data_loading.py:22} WARNING - Skipping row with missing video_id
[2025-12-20T20:18:58.846+0000] {data_loading.py:22} WARNING - Skipping row with missing video_id
[2025-12-20T20:18:58.846+0000] {data_loading.py:22} WARNING - Skipping row with missing video_id
[2025-12-20T20:18:58.847+0000] {data_loading.py:22} WARNING - Skipping row with missing video_id
[2025-12-20T20:18:58.847+0000] {data_loading.py:22} WARNING - Skipping row with missing video_id
[2025-12-20T20:18:58.848+0000] {data_loading.py:22} WARNING - Skipping row with missing video_id
[2025-12-20T20:18:58.848+0000] {data_loading.py:22} WARNING - Skipping row with missing video_id
[2025-12-20T20:18:58.848+0000] {data_loading.py:22} WARNING - Skipping row with missing video_id
[2025-12-20T20:18:58.849+0000] {data_loading.py:22} WARNING - Skipping row with missing video_id
[2025-12-20T20:18:58.849+0000] {data_loading.py:22} WARNING - Skipping row with missing video_id
[2025-12-20T20:18:58.850+0000] {data_loading.py:22} WARNING - Skipping row with missing video_id
[2025-12-20T20:18:58.850+0000] {data_loading.py:22} WARNING - Skipping row with missing video_id
[2025-12-20T20:18:58.850+0000] {data_loading.py:22} WARNING - Skipping row with missing video_id
[2025-12-20T20:18:58.851+0000] {data_loading.py:22} WARNING - Skipping row with missing video_id
[2025-12-20T20:18:58.851+0000] {data_loading.py:22} WARNING - Skipping row with missing video_id
[2025-12-20T20:18:58.852+0000] {data_loading.py:22} WARNING - Skipping row with missing video_id
[2025-12-20T20:18:58.852+0000] {data_loading.py:22} WARNING - Skipping row with missing video_id
[2025-12-20T20:18:58.853+0000] {data_loading.py:22} WARNING - Skipping row with missing video_id
[2025-12-20T20:18:58.853+0000] {data_loading.py:22} WARNING - Skipping row with missing video_id
[2025-12-20T20:18:58.853+0000] {data_loading.py:22} WARNING - Skipping row with missing video_id
[2025-12-20T20:18:58.854+0000] {data_loading.py:22} WARNING - Skipping row with missing video_id
[2025-12-20T20:18:58.854+0000] {data_loading.py:22} WARNING - Skipping row with missing video_id
[2025-12-20T20:18:58.855+0000] {data_loading.py:22} WARNING - Skipping row with missing video_id
[2025-12-20T20:18:58.855+0000] {data_loading.py:22} WARNING - Skipping row with missing video_id
[2025-12-20T20:18:58.856+0000] {data_loading.py:22} WARNING - Skipping row with missing video_id
[2025-12-20T20:18:58.856+0000] {data_loading.py:22} WARNING - Skipping row with missing video_id
[2025-12-20T20:18:58.857+0000] {data_loading.py:22} WARNING - Skipping row with missing video_id
[2025-12-20T20:18:58.857+0000] {data_loading.py:22} WARNING - Skipping row with missing video_id
[2025-12-20T20:18:58.857+0000] {data_loading.py:22} WARNING - Skipping row with missing video_id
[2025-12-20T20:18:58.858+0000] {data_loading.py:22} WARNING - Skipping row with missing video_id
[2025-12-20T20:18:58.858+0000] {data_loading.py:22} WARNING - Skipping row with missing video_id
[2025-12-20T20:18:58.859+0000] {data_loading.py:22} WARNING - Skipping row with missing video_id
[2025-12-20T20:18:58.859+0000] {data_loading.py:22} WARNING - Skipping row with missing video_id
[2025-12-20T20:18:58.859+0000] {data_loading.py:22} WARNING - Skipping row with missing video_id
[2025-12-20T20:18:58.860+0000] {data_loading.py:22} WARNING - Skipping row with missing video_id
[2025-12-20T20:18:58.860+0000] {data_loading.py:22} WARNING - Skipping row with missing video_id
[2025-12-20T20:18:58.861+0000] {data_loading.py:22} WARNING - Skipping row with missing video_id
[2025-12-20T20:18:58.861+0000] {data_loading.py:22} WARNING - Skipping row with missing video_id
[2025-12-20T20:18:58.861+0000] {data_loading.py:22} WARNING - Skipping row with missing video_id
[2025-12-20T20:18:58.862+0000] {data_loading.py:22} WARNING - Skipping row with missing video_id
[2025-12-20T20:18:58.862+0000] {data_loading.py:22} WARNING - Skipping row with missing video_id
[2025-12-20T20:18:58.863+0000] {data_loading.py:22} WARNING - Skipping row with missing video_id
[2025-12-20T20:18:58.863+0000] {data_loading.py:22} WARNING - Skipping row with missing video_id
[2025-12-20T20:18:58.863+0000] {data_loading.py:22} WARNING - Skipping row with missing video_id
[2025-12-20T20:18:58.864+0000] {data_loading.py:22} WARNING - Skipping row with missing video_id
[2025-12-20T20:18:58.864+0000] {data_loading.py:22} WARNING - Skipping row with missing video_id
[2025-12-20T20:18:58.865+0000] {data_loading.py:22} WARNING - Skipping row with missing video_id
[2025-12-20T20:18:58.865+0000] {data_loading.py:22} WARNING - Skipping row with missing video_id
[2025-12-20T20:18:58.866+0000] {data_loading.py:22} WARNING - Skipping row with missing video_id
[2025-12-20T20:18:58.866+0000] {data_loading.py:22} WARNING - Skipping row with missing video_id
[2025-12-20T20:18:58.866+0000] {data_loading.py:22} WARNING - Skipping row with missing video_id
[2025-12-20T20:18:58.867+0000] {data_loading.py:22} WARNING - Skipping row with missing video_id
[2025-12-20T20:18:58.867+0000] {data_loading.py:22} WARNING - Skipping row with missing video_id
[2025-12-20T20:18:58.868+0000] {data_loading.py:22} WARNING - Skipping row with missing video_id
[2025-12-20T20:18:58.868+0000] {data_loading.py:22} WARNING - Skipping row with missing video_id
[2025-12-20T20:18:58.869+0000] {data_loading.py:22} WARNING - Skipping row with missing video_id
[2025-12-20T20:18:58.869+0000] {data_loading.py:22} WARNING - Skipping row with missing video_id
[2025-12-20T20:18:58.870+0000] {data_loading.py:22} WARNING - Skipping row with missing video_id
[2025-12-20T20:18:58.870+0000] {data_loading.py:22} WARNING - Skipping row with missing video_id
[2025-12-20T20:18:58.870+0000] {data_loading.py:22} WARNING - Skipping row with missing video_id
[2025-12-20T20:18:58.871+0000] {data_loading.py:22} WARNING - Skipping row with missing video_id
[2025-12-20T20:18:58.871+0000] {data_loading.py:22} WARNING - Skipping row with missing video_id
[2025-12-20T20:18:58.872+0000] {data_loading.py:22} WARNING - Skipping row with missing video_id
[2025-12-20T20:18:58.872+0000] {data_loading.py:22} WARNING - Skipping row with missing video_id
[2025-12-20T20:18:58.873+0000] {data_loading.py:22} WARNING - Skipping row with missing video_id
[2025-12-20T20:18:58.873+0000] {data_loading.py:22} WARNING - Skipping row with missing video_id
[2025-12-20T20:18:58.874+0000] {data_loading.py:22} WARNING - Skipping row with missing video_id
[2025-12-20T20:18:58.874+0000] {data_loading.py:22} WARNING - Skipping row with missing video_id
[2025-12-20T20:18:58.874+0000] {data_loading.py:22} WARNING - Skipping row with missing video_id
[2025-12-20T20:18:58.875+0000] {data_loading.py:22} WARNING - Skipping row with missing video_id
[2025-12-20T20:18:58.875+0000] {data_loading.py:22} WARNING - Skipping row with missing video_id
[2025-12-20T20:18:58.876+0000] {data_loading.py:22} WARNING - Skipping row with missing video_id
[2025-12-20T20:18:58.876+0000] {data_loading.py:22} WARNING - Skipping row with missing video_id
[2025-12-20T20:18:58.877+0000] {data_loading.py:22} WARNING - Skipping row with missing video_id
[2025-12-20T20:18:58.877+0000] {data_loading.py:22} WARNING - Skipping row with missing video_id
[2025-12-20T20:18:58.877+0000] {data_loading.py:22} WARNING - Skipping row with missing video_id
[2025-12-20T20:18:58.878+0000] {data_loading.py:22} WARNING - Skipping row with missing video_id
[2025-12-20T20:18:58.878+0000] {data_loading.py:22} WARNING - Skipping row with missing video_id
[2025-12-20T20:18:58.879+0000] {data_loading.py:22} WARNING - Skipping row with missing video_id
[2025-12-20T20:18:58.879+0000] {data_loading.py:22} WARNING - Skipping row with missing video_id
[2025-12-20T20:18:58.880+0000] {data_loading.py:22} WARNING - Skipping row with missing video_id
[2025-12-20T20:18:58.880+0000] {data_loading.py:22} WARNING - Skipping row with missing video_id
[2025-12-20T20:18:58.880+0000] {data_loading.py:22} WARNING - Skipping row with missing video_id
[2025-12-20T20:18:58.881+0000] {data_loading.py:22} WARNING - Skipping row with missing video_id
[2025-12-20T20:18:58.881+0000] {data_loading.py:22} WARNING - Skipping row with missing video_id
[2025-12-20T20:18:58.882+0000] {data_loading.py:22} WARNING - Skipping row with missing video_id
[2025-12-20T20:18:58.883+0000] {data_loading.py:22} WARNING - Skipping row with missing video_id
[2025-12-20T20:18:58.883+0000] {data_loading.py:22} WARNING - Skipping row with missing video_id
[2025-12-20T20:18:58.883+0000] {data_loading.py:22} WARNING - Skipping row with missing video_id
[2025-12-20T20:18:58.884+0000] {data_loading.py:22} WARNING - Skipping row with missing video_id
[2025-12-20T20:18:58.884+0000] {data_loading.py:22} WARNING - Skipping row with missing video_id
[2025-12-20T20:18:58.885+0000] {data_loading.py:22} WARNING - Skipping row with missing video_id
[2025-12-20T20:18:58.885+0000] {data_loading.py:22} WARNING - Skipping row with missing video_id
[2025-12-20T20:18:58.886+0000] {data_loading.py:22} WARNING - Skipping row with missing video_id
[2025-12-20T20:18:58.886+0000] {data_loading.py:22} WARNING - Skipping row with missing video_id
[2025-12-20T20:18:58.886+0000] {data_loading.py:22} WARNING - Skipping row with missing video_id
[2025-12-20T20:18:58.887+0000] {data_loading.py:22} WARNING - Skipping row with missing video_id
[2025-12-20T20:18:58.887+0000] {data_loading.py:22} WARNING - Skipping row with missing video_id
[2025-12-20T20:18:58.888+0000] {data_loading.py:22} WARNING - Skipping row with missing video_id
[2025-12-20T20:18:58.888+0000] {data_loading.py:22} WARNING - Skipping row with missing video_id
[2025-12-20T20:18:58.889+0000] {data_loading.py:22} WARNING - Skipping row with missing video_id
[2025-12-20T20:18:58.889+0000] {data_loading.py:22} WARNING - Skipping row with missing video_id
[2025-12-20T20:18:58.890+0000] {data_loading.py:22} WARNING - Skipping row with missing video_id
[2025-12-20T20:18:58.890+0000] {data_loading.py:22} WARNING - Skipping row with missing video_id
[2025-12-20T20:18:58.891+0000] {data_loading.py:22} WARNING - Skipping row with missing video_id
[2025-12-20T20:18:58.891+0000] {data_loading.py:22} WARNING - Skipping row with missing video_id
[2025-12-20T20:18:58.892+0000] {data_loading.py:22} WARNING - Skipping row with missing video_id
[2025-12-20T20:18:58.892+0000] {data_loading.py:22} WARNING - Skipping row with missing video_id
[2025-12-20T20:18:58.893+0000] {data_loading.py:22} WARNING - Skipping row with missing video_id
[2025-12-20T20:18:58.893+0000] {data_loading.py:22} WARNING - Skipping row with missing video_id
[2025-12-20T20:18:58.894+0000] {data_loading.py:22} WARNING - Skipping row with missing video_id
[2025-12-20T20:18:58.894+0000] {data_loading.py:22} WARNING - Skipping row with missing video_id
[2025-12-20T20:18:58.895+0000] {data_loading.py:22} WARNING - Skipping row with missing video_id
[2025-12-20T20:18:58.895+0000] {data_loading.py:22} WARNING - Skipping row with missing video_id
[2025-12-20T20:18:58.896+0000] {data_loading.py:22} WARNING - Skipping row with missing video_id
[2025-12-20T20:18:58.896+0000] {data_loading.py:22} WARNING - Skipping row with missing video_id
[2025-12-20T20:18:58.897+0000] {data_loading.py:22} WARNING - Skipping row with missing video_id
[2025-12-20T20:18:58.897+0000] {data_loading.py:22} WARNING - Skipping row with missing video_id
[2025-12-20T20:18:58.898+0000] {data_loading.py:22} WARNING - Skipping row with missing video_id
[2025-12-20T20:18:58.898+0000] {data_loading.py:22} WARNING - Skipping row with missing video_id
[2025-12-20T20:18:58.899+0000] {data_loading.py:22} WARNING - Skipping row with missing video_id
[2025-12-20T20:18:58.899+0000] {data_loading.py:22} WARNING - Skipping row with missing video_id
[2025-12-20T20:18:58.900+0000] {data_loading.py:22} WARNING - Skipping row with missing video_id
[2025-12-20T20:18:58.900+0000] {data_loading.py:22} WARNING - Skipping row with missing video_id
[2025-12-20T20:18:58.901+0000] {data_loading.py:22} WARNING - Skipping row with missing video_id
[2025-12-20T20:18:58.902+0000] {data_loading.py:22} WARNING - Skipping row with missing video_id
[2025-12-20T20:18:58.902+0000] {data_loading.py:22} WARNING - Skipping row with missing video_id
[2025-12-20T20:18:58.903+0000] {data_loading.py:22} WARNING - Skipping row with missing video_id
[2025-12-20T20:18:58.903+0000] {data_loading.py:22} WARNING - Skipping row with missing video_id
[2025-12-20T20:18:58.904+0000] {data_loading.py:22} WARNING - Skipping row with missing video_id
[2025-12-20T20:18:58.905+0000] {data_loading.py:22} WARNING - Skipping row with missing video_id
[2025-12-20T20:18:58.905+0000] {data_loading.py:22} WARNING - Skipping row with missing video_id
[2025-12-20T20:18:58.906+0000] {data_loading.py:22} WARNING - Skipping row with missing video_id
[2025-12-20T20:18:58.906+0000] {data_loading.py:22} WARNING - Skipping row with missing video_id
[2025-12-20T20:18:58.907+0000] {data_loading.py:22} WARNING - Skipping row with missing video_id
[2025-12-20T20:18:58.907+0000] {data_loading.py:22} WARNING - Skipping row with missing video_id
[2025-12-20T20:18:58.908+0000] {data_loading.py:22} WARNING - Skipping row with missing video_id
[2025-12-20T20:18:58.908+0000] {data_loading.py:22} WARNING - Skipping row with missing video_id
[2025-12-20T20:18:58.909+0000] {data_loading.py:22} WARNING - Skipping row with missing video_id
[2025-12-20T20:18:58.909+0000] {data_loading.py:22} WARNING - Skipping row with missing video_id
[2025-12-20T20:18:58.910+0000] {data_loading.py:22} WARNING - Skipping row with missing video_id
[2025-12-20T20:18:58.910+0000] {data_loading.py:22} WARNING - Skipping row with missing video_id
[2025-12-20T20:18:58.911+0000] {data_loading.py:22} WARNING - Skipping row with missing video_id
[2025-12-20T20:18:58.912+0000] {data_loading.py:22} WARNING - Skipping row with missing video_id
[2025-12-20T20:18:58.912+0000] {data_loading.py:22} WARNING - Skipping row with missing video_id
[2025-12-20T20:18:58.913+0000] {data_loading.py:22} WARNING - Skipping row with missing video_id
[2025-12-20T20:18:58.914+0000] {data_loading.py:22} WARNING - Skipping row with missing video_id
[2025-12-20T20:18:58.914+0000] {data_loading.py:22} WARNING - Skipping row with missing video_id
[2025-12-20T20:18:58.915+0000] {data_loading.py:22} WARNING - Skipping row with missing video_id
[2025-12-20T20:18:58.916+0000] {data_loading.py:22} WARNING - Skipping row with missing video_id
[2025-12-20T20:18:58.916+0000] {data_loading.py:22} WARNING - Skipping row with missing video_id
[2025-12-20T20:18:58.917+0000] {data_loading.py:22} WARNING - Skipping row with missing video_id
[2025-12-20T20:18:58.917+0000] {data_loading.py:22} WARNING - Skipping row with missing video_id
[2025-12-20T20:18:58.918+0000] {data_loading.py:22} WARNING - Skipping row with missing video_id
[2025-12-20T20:18:58.919+0000] {data_loading.py:22} WARNING - Skipping row with missing video_id
[2025-12-20T20:18:58.919+0000] {data_loading.py:22} WARNING - Skipping row with missing video_id
[2025-12-20T20:18:58.920+0000] {data_loading.py:22} WARNING - Skipping row with missing video_id
[2025-12-20T20:18:58.920+0000] {data_loading.py:22} WARNING - Skipping row with missing video_id
[2025-12-20T20:18:58.921+0000] {data_loading.py:22} WARNING - Skipping row with missing video_id
[2025-12-20T20:18:58.921+0000] {data_loading.py:22} WARNING - Skipping row with missing video_id
[2025-12-20T20:18:58.922+0000] {data_loading.py:22} WARNING - Skipping row with missing video_id
[2025-12-20T20:18:58.922+0000] {data_loading.py:22} WARNING - Skipping row with missing video_id
[2025-12-20T20:18:58.923+0000] {data_loading.py:22} WARNING - Skipping row with missing video_id
[2025-12-20T20:18:58.923+0000] {data_loading.py:22} WARNING - Skipping row with missing video_id
[2025-12-20T20:18:58.924+0000] {data_loading.py:22} WARNING - Skipping row with missing video_id
[2025-12-20T20:18:58.925+0000] {data_loading.py:22} WARNING - Skipping row with missing video_id
[2025-12-20T20:18:58.925+0000] {data_loading.py:22} WARNING - Skipping row with missing video_id
[2025-12-20T20:18:58.926+0000] {data_loading.py:22} WARNING - Skipping row with missing video_id
[2025-12-20T20:18:58.926+0000] {data_loading.py:22} WARNING - Skipping row with missing video_id
[2025-12-20T20:18:58.927+0000] {data_loading.py:22} WARNING - Skipping row with missing video_id
[2025-12-20T20:18:58.928+0000] {data_loading.py:22} WARNING - Skipping row with missing video_id
[2025-12-20T20:18:58.929+0000] {data_loading.py:22} WARNING - Skipping row with missing video_id
[2025-12-20T20:18:58.929+0000] {data_loading.py:22} WARNING - Skipping row with missing video_id
[2025-12-20T20:18:58.930+0000] {data_loading.py:22} WARNING - Skipping row with missing video_id
[2025-12-20T20:18:58.931+0000] {data_loading.py:22} WARNING - Skipping row with missing video_id
[2025-12-20T20:18:58.932+0000] {data_loading.py:22} WARNING - Skipping row with missing video_id
[2025-12-20T20:18:58.932+0000] {data_loading.py:22} WARNING - Skipping row with missing video_id
[2025-12-20T20:18:58.933+0000] {data_loading.py:22} WARNING - Skipping row with missing video_id
[2025-12-20T20:18:58.933+0000] {data_loading.py:22} WARNING - Skipping row with missing video_id
[2025-12-20T20:18:58.934+0000] {data_loading.py:22} WARNING - Skipping row with missing video_id
[2025-12-20T20:18:58.935+0000] {data_loading.py:22} WARNING - Skipping row with missing video_id
[2025-12-20T20:18:58.935+0000] {data_loading.py:22} WARNING - Skipping row with missing video_id
[2025-12-20T20:18:58.936+0000] {data_loading.py:22} WARNING - Skipping row with missing video_id
[2025-12-20T20:18:58.936+0000] {data_loading.py:22} WARNING - Skipping row with missing video_id
[2025-12-20T20:18:58.937+0000] {data_loading.py:22} WARNING - Skipping row with missing video_id
[2025-12-20T20:18:58.938+0000] {data_loading.py:22} WARNING - Skipping row with missing video_id
[2025-12-20T20:18:58.938+0000] {data_loading.py:22} WARNING - Skipping row with missing video_id
[2025-12-20T20:18:58.939+0000] {data_loading.py:22} WARNING - Skipping row with missing video_id
[2025-12-20T20:18:58.939+0000] {data_loading.py:22} WARNING - Skipping row with missing video_id
[2025-12-20T20:18:58.940+0000] {data_loading.py:22} WARNING - Skipping row with missing video_id
[2025-12-20T20:18:58.941+0000] {data_loading.py:22} WARNING - Skipping row with missing video_id
[2025-12-20T20:18:58.941+0000] {data_loading.py:22} WARNING - Skipping row with missing video_id
[2025-12-20T20:18:58.942+0000] {data_loading.py:22} WARNING - Skipping row with missing video_id
[2025-12-20T20:18:58.942+0000] {data_loading.py:22} WARNING - Skipping row with missing video_id
[2025-12-20T20:18:58.943+0000] {data_loading.py:22} WARNING - Skipping row with missing video_id
[2025-12-20T20:18:58.944+0000] {data_loading.py:22} WARNING - Skipping row with missing video_id
[2025-12-20T20:18:58.945+0000] {data_loading.py:22} WARNING - Skipping row with missing video_id
[2025-12-20T20:18:58.945+0000] {data_loading.py:22} WARNING - Skipping row with missing video_id
[2025-12-20T20:18:58.946+0000] {data_loading.py:22} WARNING - Skipping row with missing video_id
[2025-12-20T20:18:58.947+0000] {data_loading.py:22} WARNING - Skipping row with missing video_id
[2025-12-20T20:18:58.947+0000] {data_loading.py:22} WARNING - Skipping row with missing video_id
[2025-12-20T20:18:58.948+0000] {data_loading.py:22} WARNING - Skipping row with missing video_id
[2025-12-20T20:18:58.949+0000] {data_loading.py:22} WARNING - Skipping row with missing video_id
[2025-12-20T20:18:58.949+0000] {data_loading.py:22} WARNING - Skipping row with missing video_id
[2025-12-20T20:18:58.950+0000] {data_loading.py:22} WARNING - Skipping row with missing video_id
[2025-12-20T20:18:58.951+0000] {data_loading.py:22} WARNING - Skipping row with missing video_id
[2025-12-20T20:18:58.951+0000] {data_loading.py:22} WARNING - Skipping row with missing video_id
[2025-12-20T20:18:58.952+0000] {data_loading.py:22} WARNING - Skipping row with missing video_id
[2025-12-20T20:18:58.953+0000] {data_loading.py:22} WARNING - Skipping row with missing video_id
[2025-12-20T20:18:58.953+0000] {data_loading.py:22} WARNING - Skipping row with missing video_id
[2025-12-20T20:18:58.954+0000] {data_loading.py:22} WARNING - Skipping row with missing video_id
[2025-12-20T20:18:58.955+0000] {data_loading.py:22} WARNING - Skipping row with missing video_id
[2025-12-20T20:18:58.955+0000] {data_loading.py:22} WARNING - Skipping row with missing video_id
[2025-12-20T20:18:58.956+0000] {data_loading.py:22} WARNING - Skipping row with missing video_id
[2025-12-20T20:18:58.957+0000] {data_loading.py:22} WARNING - Skipping row with missing video_id
[2025-12-20T20:18:58.957+0000] {data_loading.py:22} WARNING - Skipping row with missing video_id
[2025-12-20T20:18:58.958+0000] {data_loading.py:22} WARNING - Skipping row with missing video_id
[2025-12-20T20:18:58.958+0000] {data_loading.py:22} WARNING - Skipping row with missing video_id
[2025-12-20T20:18:58.959+0000] {data_loading.py:22} WARNING - Skipping row with missing video_id
[2025-12-20T20:18:58.960+0000] {data_loading.py:22} WARNING - Skipping row with missing video_id
[2025-12-20T20:18:58.961+0000] {data_loading.py:22} WARNING - Skipping row with missing video_id
[2025-12-20T20:18:58.962+0000] {data_loading.py:22} WARNING - Skipping row with missing video_id
[2025-12-20T20:18:58.962+0000] {data_loading.py:22} WARNING - Skipping row with missing video_id
[2025-12-20T20:18:58.963+0000] {data_loading.py:22} WARNING - Skipping row with missing video_id
[2025-12-20T20:18:58.964+0000] {data_loading.py:22} WARNING - Skipping row with missing video_id
[2025-12-20T20:18:58.964+0000] {data_loading.py:22} WARNING - Skipping row with missing video_id
[2025-12-20T20:18:58.965+0000] {data_loading.py:22} WARNING - Skipping row with missing video_id
[2025-12-20T20:18:58.965+0000] {data_loading.py:22} WARNING - Skipping row with missing video_id
[2025-12-20T20:18:58.966+0000] {data_loading.py:22} WARNING - Skipping row with missing video_id
[2025-12-20T20:18:58.966+0000] {data_loading.py:22} WARNING - Skipping row with missing video_id
[2025-12-20T20:18:58.967+0000] {data_loading.py:22} WARNING - Skipping row with missing video_id
[2025-12-20T20:18:58.967+0000] {data_loading.py:22} WARNING - Skipping row with missing video_id
[2025-12-20T20:18:58.968+0000] {data_loading.py:22} WARNING - Skipping row with missing video_id
[2025-12-20T20:18:58.968+0000] {data_loading.py:22} WARNING - Skipping row with missing video_id
[2025-12-20T20:18:58.969+0000] {data_loading.py:22} WARNING - Skipping row with missing video_id
[2025-12-20T20:18:58.969+0000] {data_loading.py:22} WARNING - Skipping row with missing video_id
[2025-12-20T20:18:58.970+0000] {data_loading.py:22} WARNING - Skipping row with missing video_id
[2025-12-20T20:18:58.971+0000] {data_loading.py:22} WARNING - Skipping row with missing video_id
[2025-12-20T20:18:58.971+0000] {data_loading.py:22} WARNING - Skipping row with missing video_id
[2025-12-20T20:18:58.972+0000] {data_loading.py:22} WARNING - Skipping row with missing video_id
[2025-12-20T20:18:58.972+0000] {data_loading.py:22} WARNING - Skipping row with missing video_id
[2025-12-20T20:18:58.973+0000] {data_loading.py:22} WARNING - Skipping row with missing video_id
[2025-12-20T20:18:58.974+0000] {data_loading.py:22} WARNING - Skipping row with missing video_id
[2025-12-20T20:18:58.974+0000] {data_loading.py:22} WARNING - Skipping row with missing video_id
[2025-12-20T20:18:58.975+0000] {data_loading.py:22} WARNING - Skipping row with missing video_id
[2025-12-20T20:18:58.976+0000] {data_loading.py:22} WARNING - Skipping row with missing video_id
[2025-12-20T20:18:58.976+0000] {data_loading.py:22} WARNING - Skipping row with missing video_id
[2025-12-20T20:18:58.977+0000] {data_loading.py:22} WARNING - Skipping row with missing video_id
[2025-12-20T20:18:58.978+0000] {data_loading.py:22} WARNING - Skipping row with missing video_id
[2025-12-20T20:18:58.978+0000] {data_loading.py:22} WARNING - Skipping row with missing video_id
[2025-12-20T20:18:58.979+0000] {data_loading.py:22} WARNING - Skipping row with missing video_id
[2025-12-20T20:18:58.980+0000] {data_loading.py:22} WARNING - Skipping row with missing video_id
[2025-12-20T20:18:58.980+0000] {data_loading.py:22} WARNING - Skipping row with missing video_id
[2025-12-20T20:18:58.981+0000] {data_loading.py:22} WARNING - Skipping row with missing video_id
[2025-12-20T20:18:58.982+0000] {data_loading.py:22} WARNING - Skipping row with missing video_id
[2025-12-20T20:18:58.982+0000] {data_loading.py:22} WARNING - Skipping row with missing video_id
[2025-12-20T20:18:58.983+0000] {data_loading.py:22} WARNING - Skipping row with missing video_id
[2025-12-20T20:18:58.984+0000] {data_loading.py:22} WARNING - Skipping row with missing video_id
[2025-12-20T20:18:58.984+0000] {data_loading.py:22} WARNING - Skipping row with missing video_id
[2025-12-20T20:18:58.985+0000] {data_loading.py:22} WARNING - Skipping row with missing video_id
[2025-12-20T20:18:58.985+0000] {data_loading.py:22} WARNING - Skipping row with missing video_id
[2025-12-20T20:18:58.986+0000] {data_loading.py:22} WARNING - Skipping row with missing video_id
[2025-12-20T20:18:58.986+0000] {data_loading.py:22} WARNING - Skipping row with missing video_id
[2025-12-20T20:18:58.987+0000] {data_loading.py:22} WARNING - Skipping row with missing video_id
[2025-12-20T20:18:58.987+0000] {data_loading.py:22} WARNING - Skipping row with missing video_id
[2025-12-20T20:18:58.988+0000] {data_loading.py:22} WARNING - Skipping row with missing video_id
[2025-12-20T20:18:58.988+0000] {data_loading.py:22} WARNING - Skipping row with missing video_id
[2025-12-20T20:18:58.988+0000] {data_loading.py:22} WARNING - Skipping row with missing video_id
[2025-12-20T20:18:58.989+0000] {data_loading.py:22} WARNING - Skipping row with missing video_id
[2025-12-20T20:18:58.989+0000] {data_loading.py:22} WARNING - Skipping row with missing video_id
[2025-12-20T20:18:58.990+0000] {data_loading.py:22} WARNING - Skipping row with missing video_id
[2025-12-20T20:18:58.990+0000] {data_loading.py:22} WARNING - Skipping row with missing video_id
[2025-12-20T20:18:58.990+0000] {data_loading.py:22} WARNING - Skipping row with missing video_id
[2025-12-20T20:18:58.991+0000] {data_loading.py:22} WARNING - Skipping row with missing video_id
[2025-12-20T20:18:58.991+0000] {data_loading.py:22} WARNING - Skipping row with missing video_id
[2025-12-20T20:18:58.992+0000] {data_loading.py:22} WARNING - Skipping row with missing video_id
[2025-12-20T20:18:58.993+0000] {data_loading.py:22} WARNING - Skipping row with missing video_id
[2025-12-20T20:18:58.993+0000] {data_loading.py:22} WARNING - Skipping row with missing video_id
[2025-12-20T20:18:58.994+0000] {data_loading.py:22} WARNING - Skipping row with missing video_id
[2025-12-20T20:18:58.994+0000] {data_loading.py:22} WARNING - Skipping row with missing video_id
[2025-12-20T20:18:58.995+0000] {data_loading.py:22} WARNING - Skipping row with missing video_id
[2025-12-20T20:18:58.995+0000] {data_loading.py:22} WARNING - Skipping row with missing video_id
[2025-12-20T20:18:58.995+0000] {data_loading.py:22} WARNING - Skipping row with missing video_id
[2025-12-20T20:18:58.996+0000] {data_loading.py:22} WARNING - Skipping row with missing video_id
[2025-12-20T20:18:58.996+0000] {data_loading.py:22} WARNING - Skipping row with missing video_id
[2025-12-20T20:18:58.997+0000] {data_loading.py:22} WARNING - Skipping row with missing video_id
[2025-12-20T20:18:58.997+0000] {data_loading.py:22} WARNING - Skipping row with missing video_id
[2025-12-20T20:18:58.998+0000] {data_loading.py:22} WARNING - Skipping row with missing video_id
[2025-12-20T20:18:58.998+0000] {data_loading.py:22} WARNING - Skipping row with missing video_id
[2025-12-20T20:18:58.999+0000] {data_loading.py:22} WARNING - Skipping row with missing video_id
[2025-12-20T20:18:58.999+0000] {data_loading.py:22} WARNING - Skipping row with missing video_id
[2025-12-20T20:18:59.000+0000] {data_loading.py:22} WARNING - Skipping row with missing video_id
[2025-12-20T20:18:59.001+0000] {data_loading.py:22} WARNING - Skipping row with missing video_id
[2025-12-20T20:18:59.001+0000] {data_loading.py:22} WARNING - Skipping row with missing video_id
[2025-12-20T20:18:59.002+0000] {data_loading.py:22} WARNING - Skipping row with missing video_id
[2025-12-20T20:18:59.002+0000] {data_loading.py:22} WARNING - Skipping row with missing video_id
[2025-12-20T20:18:59.003+0000] {data_loading.py:22} WARNING - Skipping row with missing video_id
[2025-12-20T20:18:59.003+0000] {data_loading.py:22} WARNING - Skipping row with missing video_id
[2025-12-20T20:18:59.004+0000] {data_loading.py:22} WARNING - Skipping row with missing video_id
[2025-12-20T20:18:59.004+0000] {data_loading.py:22} WARNING - Skipping row with missing video_id
[2025-12-20T20:18:59.005+0000] {data_loading.py:22} WARNING - Skipping row with missing video_id
[2025-12-20T20:18:59.005+0000] {data_loading.py:22} WARNING - Skipping row with missing video_id
[2025-12-20T20:18:59.006+0000] {data_loading.py:22} WARNING - Skipping row with missing video_id
[2025-12-20T20:18:59.007+0000] {data_loading.py:22} WARNING - Skipping row with missing video_id
[2025-12-20T20:18:59.008+0000] {data_loading.py:22} WARNING - Skipping row with missing video_id
[2025-12-20T20:18:59.008+0000] {data_loading.py:22} WARNING - Skipping row with missing video_id
[2025-12-20T20:18:59.009+0000] {data_loading.py:22} WARNING - Skipping row with missing video_id
[2025-12-20T20:18:59.010+0000] {data_loading.py:22} WARNING - Skipping row with missing video_id
[2025-12-20T20:18:59.010+0000] {data_loading.py:22} WARNING - Skipping row with missing video_id
[2025-12-20T20:18:59.011+0000] {data_loading.py:22} WARNING - Skipping row with missing video_id
[2025-12-20T20:18:59.012+0000] {data_loading.py:22} WARNING - Skipping row with missing video_id
[2025-12-20T20:18:59.012+0000] {data_loading.py:22} WARNING - Skipping row with missing video_id
[2025-12-20T20:18:59.013+0000] {data_loading.py:22} WARNING - Skipping row with missing video_id
[2025-12-20T20:18:59.013+0000] {data_loading.py:22} WARNING - Skipping row with missing video_id
[2025-12-20T20:18:59.014+0000] {data_loading.py:22} WARNING - Skipping row with missing video_id
[2025-12-20T20:18:59.014+0000] {data_loading.py:22} WARNING - Skipping row with missing video_id
[2025-12-20T20:18:59.015+0000] {data_loading.py:22} WARNING - Skipping row with missing video_id
[2025-12-20T20:18:59.016+0000] {data_loading.py:22} WARNING - Skipping row with missing video_id
[2025-12-20T20:18:59.016+0000] {data_loading.py:22} WARNING - Skipping row with missing video_id
[2025-12-20T20:18:59.017+0000] {data_loading.py:22} WARNING - Skipping row with missing video_id
[2025-12-20T20:18:59.017+0000] {data_loading.py:22} WARNING - Skipping row with missing video_id
[2025-12-20T20:18:59.018+0000] {data_loading.py:22} WARNING - Skipping row with missing video_id
[2025-12-20T20:18:59.018+0000] {data_loading.py:22} WARNING - Skipping row with missing video_id
[2025-12-20T20:18:59.019+0000] {data_loading.py:22} WARNING - Skipping row with missing video_id
[2025-12-20T20:18:59.020+0000] {data_loading.py:22} WARNING - Skipping row with missing video_id
[2025-12-20T20:18:59.020+0000] {data_loading.py:22} WARNING - Skipping row with missing video_id
[2025-12-20T20:18:59.020+0000] {data_loading.py:22} WARNING - Skipping row with missing video_id
[2025-12-20T20:18:59.021+0000] {data_loading.py:22} WARNING - Skipping row with missing video_id
[2025-12-20T20:18:59.021+0000] {data_loading.py:22} WARNING - Skipping row with missing video_id
[2025-12-20T20:18:59.022+0000] {data_loading.py:22} WARNING - Skipping row with missing video_id
[2025-12-20T20:18:59.023+0000] {data_loading.py:22} WARNING - Skipping row with missing video_id
[2025-12-20T20:18:59.023+0000] {data_loading.py:22} WARNING - Skipping row with missing video_id
[2025-12-20T20:18:59.024+0000] {data_loading.py:22} WARNING - Skipping row with missing video_id
[2025-12-20T20:18:59.024+0000] {data_loading.py:22} WARNING - Skipping row with missing video_id
[2025-12-20T20:18:59.025+0000] {data_loading.py:22} WARNING - Skipping row with missing video_id
[2025-12-20T20:18:59.026+0000] {data_loading.py:22} WARNING - Skipping row with missing video_id
[2025-12-20T20:18:59.026+0000] {data_loading.py:22} WARNING - Skipping row with missing video_id
[2025-12-20T20:18:59.027+0000] {data_loading.py:22} WARNING - Skipping row with missing video_id
[2025-12-20T20:18:59.027+0000] {data_loading.py:22} WARNING - Skipping row with missing video_id
[2025-12-20T20:18:59.028+0000] {data_loading.py:22} WARNING - Skipping row with missing video_id
[2025-12-20T20:18:59.029+0000] {data_loading.py:22} WARNING - Skipping row with missing video_id
[2025-12-20T20:18:59.029+0000] {data_loading.py:22} WARNING - Skipping row with missing video_id
[2025-12-20T20:18:59.030+0000] {data_loading.py:22} WARNING - Skipping row with missing video_id
[2025-12-20T20:18:59.031+0000] {data_loading.py:22} WARNING - Skipping row with missing video_id
[2025-12-20T20:18:59.031+0000] {data_loading.py:22} WARNING - Skipping row with missing video_id
[2025-12-20T20:18:59.032+0000] {data_loading.py:22} WARNING - Skipping row with missing video_id
[2025-12-20T20:18:59.033+0000] {data_loading.py:22} WARNING - Skipping row with missing video_id
[2025-12-20T20:18:59.033+0000] {data_loading.py:22} WARNING - Skipping row with missing video_id
[2025-12-20T20:18:59.034+0000] {data_loading.py:22} WARNING - Skipping row with missing video_id
[2025-12-20T20:18:59.035+0000] {data_loading.py:22} WARNING - Skipping row with missing video_id
[2025-12-20T20:18:59.035+0000] {data_loading.py:22} WARNING - Skipping row with missing video_id
[2025-12-20T20:18:59.036+0000] {data_loading.py:22} WARNING - Skipping row with missing video_id
[2025-12-20T20:18:59.037+0000] {data_loading.py:22} WARNING - Skipping row with missing video_id
[2025-12-20T20:18:59.037+0000] {data_loading.py:22} WARNING - Skipping row with missing video_id
[2025-12-20T20:18:59.038+0000] {data_loading.py:22} WARNING - Skipping row with missing video_id
[2025-12-20T20:18:59.040+0000] {data_loading.py:22} WARNING - Skipping row with missing video_id
[2025-12-20T20:18:59.041+0000] {data_loading.py:22} WARNING - Skipping row with missing video_id
[2025-12-20T20:18:59.042+0000] {data_loading.py:22} WARNING - Skipping row with missing video_id
[2025-12-20T20:18:59.043+0000] {data_loading.py:22} WARNING - Skipping row with missing video_id
[2025-12-20T20:18:59.044+0000] {data_loading.py:22} WARNING - Skipping row with missing video_id
[2025-12-20T20:18:59.044+0000] {data_loading.py:22} WARNING - Skipping row with missing video_id
[2025-12-20T20:18:59.045+0000] {data_loading.py:22} WARNING - Skipping row with missing video_id
[2025-12-20T20:18:59.046+0000] {data_loading.py:22} WARNING - Skipping row with missing video_id
[2025-12-20T20:18:59.047+0000] {data_loading.py:22} WARNING - Skipping row with missing video_id
[2025-12-20T20:18:59.048+0000] {data_loading.py:22} WARNING - Skipping row with missing video_id
[2025-12-20T20:18:59.049+0000] {data_loading.py:22} WARNING - Skipping row with missing video_id
[2025-12-20T20:18:59.050+0000] {data_loading.py:22} WARNING - Skipping row with missing video_id
[2025-12-20T20:18:59.051+0000] {data_loading.py:22} WARNING - Skipping row with missing video_id
[2025-12-20T20:18:59.051+0000] {data_loading.py:22} WARNING - Skipping row with missing video_id
[2025-12-20T20:18:59.052+0000] {data_loading.py:22} WARNING - Skipping row with missing video_id
[2025-12-20T20:18:59.053+0000] {data_loading.py:22} WARNING - Skipping row with missing video_id
[2025-12-20T20:18:59.053+0000] {data_loading.py:22} WARNING - Skipping row with missing video_id
[2025-12-20T20:18:59.054+0000] {data_loading.py:22} WARNING - Skipping row with missing video_id
[2025-12-20T20:18:59.055+0000] {data_loading.py:22} WARNING - Skipping row with missing video_id
[2025-12-20T20:18:59.056+0000] {data_loading.py:22} WARNING - Skipping row with missing video_id
[2025-12-20T20:18:59.056+0000] {data_loading.py:22} WARNING - Skipping row with missing video_id
[2025-12-20T20:18:59.057+0000] {data_loading.py:22} WARNING - Skipping row with missing video_id
[2025-12-20T20:18:59.058+0000] {data_loading.py:22} WARNING - Skipping row with missing video_id
[2025-12-20T20:18:59.059+0000] {data_loading.py:22} WARNING - Skipping row with missing video_id
[2025-12-20T20:18:59.059+0000] {data_loading.py:22} WARNING - Skipping row with missing video_id
[2025-12-20T20:18:59.060+0000] {data_loading.py:22} WARNING - Skipping row with missing video_id
[2025-12-20T20:18:59.061+0000] {data_loading.py:22} WARNING - Skipping row with missing video_id
[2025-12-20T20:18:59.061+0000] {data_loading.py:22} WARNING - Skipping row with missing video_id
[2025-12-20T20:18:59.062+0000] {data_loading.py:22} WARNING - Skipping row with missing video_id
[2025-12-20T20:18:59.063+0000] {data_loading.py:22} WARNING - Skipping row with missing video_id
[2025-12-20T20:18:59.063+0000] {data_loading.py:22} WARNING - Skipping row with missing video_id
[2025-12-20T20:18:59.064+0000] {data_loading.py:22} WARNING - Skipping row with missing video_id
[2025-12-20T20:18:59.065+0000] {data_loading.py:22} WARNING - Skipping row with missing video_id
[2025-12-20T20:18:59.065+0000] {data_loading.py:22} WARNING - Skipping row with missing video_id
[2025-12-20T20:18:59.066+0000] {data_loading.py:22} WARNING - Skipping row with missing video_id
[2025-12-20T20:18:59.067+0000] {data_loading.py:22} WARNING - Skipping row with missing video_id
[2025-12-20T20:18:59.067+0000] {data_loading.py:22} WARNING - Skipping row with missing video_id
[2025-12-20T20:18:59.068+0000] {data_loading.py:22} WARNING - Skipping row with missing video_id
[2025-12-20T20:18:59.069+0000] {data_loading.py:22} WARNING - Skipping row with missing video_id
[2025-12-20T20:18:59.069+0000] {data_loading.py:22} WARNING - Skipping row with missing video_id
[2025-12-20T20:18:59.070+0000] {data_loading.py:22} WARNING - Skipping row with missing video_id
[2025-12-20T20:18:59.071+0000] {data_loading.py:22} WARNING - Skipping row with missing video_id
[2025-12-20T20:18:59.071+0000] {data_loading.py:22} WARNING - Skipping row with missing video_id
[2025-12-20T20:18:59.072+0000] {data_loading.py:22} WARNING - Skipping row with missing video_id
[2025-12-20T20:18:59.073+0000] {data_loading.py:22} WARNING - Skipping row with missing video_id
[2025-12-20T20:18:59.073+0000] {data_loading.py:22} WARNING - Skipping row with missing video_id
[2025-12-20T20:18:59.074+0000] {data_loading.py:22} WARNING - Skipping row with missing video_id
[2025-12-20T20:18:59.075+0000] {data_loading.py:22} WARNING - Skipping row with missing video_id
[2025-12-20T20:18:59.075+0000] {data_loading.py:22} WARNING - Skipping row with missing video_id
[2025-12-20T20:18:59.076+0000] {data_loading.py:22} WARNING - Skipping row with missing video_id
[2025-12-20T20:18:59.077+0000] {data_loading.py:22} WARNING - Skipping row with missing video_id
[2025-12-20T20:18:59.077+0000] {data_loading.py:22} WARNING - Skipping row with missing video_id
[2025-12-20T20:18:59.078+0000] {data_loading.py:22} WARNING - Skipping row with missing video_id
[2025-12-20T20:18:59.079+0000] {data_loading.py:22} WARNING - Skipping row with missing video_id
[2025-12-20T20:18:59.079+0000] {data_loading.py:22} WARNING - Skipping row with missing video_id
[2025-12-20T20:18:59.080+0000] {data_loading.py:22} WARNING - Skipping row with missing video_id
[2025-12-20T20:18:59.081+0000] {data_loading.py:22} WARNING - Skipping row with missing video_id
[2025-12-20T20:18:59.082+0000] {data_loading.py:22} WARNING - Skipping row with missing video_id
[2025-12-20T20:18:59.082+0000] {data_loading.py:22} WARNING - Skipping row with missing video_id
[2025-12-20T20:18:59.083+0000] {data_loading.py:22} WARNING - Skipping row with missing video_id
[2025-12-20T20:18:59.084+0000] {data_loading.py:22} WARNING - Skipping row with missing video_id
[2025-12-20T20:18:59.084+0000] {data_loading.py:22} WARNING - Skipping row with missing video_id
[2025-12-20T20:18:59.085+0000] {data_loading.py:22} WARNING - Skipping row with missing video_id
[2025-12-20T20:18:59.086+0000] {data_loading.py:22} WARNING - Skipping row with missing video_id
[2025-12-20T20:18:59.087+0000] {data_loading.py:22} WARNING - Skipping row with missing video_id
[2025-12-20T20:18:59.087+0000] {data_loading.py:22} WARNING - Skipping row with missing video_id
[2025-12-20T20:18:59.088+0000] {data_loading.py:22} WARNING - Skipping row with missing video_id
[2025-12-20T20:18:59.088+0000] {data_loading.py:22} WARNING - Skipping row with missing video_id
[2025-12-20T20:18:59.089+0000] {data_loading.py:22} WARNING - Skipping row with missing video_id
[2025-12-20T20:18:59.089+0000] {data_loading.py:22} WARNING - Skipping row with missing video_id
[2025-12-20T20:18:59.090+0000] {data_loading.py:22} WARNING - Skipping row with missing video_id
[2025-12-20T20:18:59.090+0000] {data_loading.py:22} WARNING - Skipping row with missing video_id
[2025-12-20T20:18:59.091+0000] {data_loading.py:22} WARNING - Skipping row with missing video_id
[2025-12-20T20:18:59.091+0000] {data_loading.py:22} WARNING - Skipping row with missing video_id
[2025-12-20T20:18:59.091+0000] {data_loading.py:22} WARNING - Skipping row with missing video_id
[2025-12-20T20:18:59.092+0000] {data_loading.py:22} WARNING - Skipping row with missing video_id
[2025-12-20T20:18:59.092+0000] {data_loading.py:22} WARNING - Skipping row with missing video_id
[2025-12-20T20:18:59.093+0000] {data_loading.py:22} WARNING - Skipping row with missing video_id
[2025-12-20T20:18:59.093+0000] {data_loading.py:22} WARNING - Skipping row with missing video_id
[2025-12-20T20:18:59.094+0000] {data_loading.py:22} WARNING - Skipping row with missing video_id
[2025-12-20T20:18:59.094+0000] {data_loading.py:22} WARNING - Skipping row with missing video_id
[2025-12-20T20:18:59.095+0000] {data_loading.py:22} WARNING - Skipping row with missing video_id
[2025-12-20T20:18:59.096+0000] {data_loading.py:22} WARNING - Skipping row with missing video_id
[2025-12-20T20:18:59.096+0000] {data_loading.py:22} WARNING - Skipping row with missing video_id
[2025-12-20T20:18:59.097+0000] {data_loading.py:22} WARNING - Skipping row with missing video_id
[2025-12-20T20:18:59.097+0000] {data_loading.py:22} WARNING - Skipping row with missing video_id
[2025-12-20T20:18:59.098+0000] {data_loading.py:22} WARNING - Skipping row with missing video_id
[2025-12-20T20:18:59.098+0000] {data_loading.py:22} WARNING - Skipping row with missing video_id
[2025-12-20T20:18:59.099+0000] {data_loading.py:22} WARNING - Skipping row with missing video_id
[2025-12-20T20:18:59.099+0000] {data_loading.py:22} WARNING - Skipping row with missing video_id
[2025-12-20T20:18:59.100+0000] {data_loading.py:22} WARNING - Skipping row with missing video_id
[2025-12-20T20:18:59.100+0000] {data_loading.py:22} WARNING - Skipping row with missing video_id
[2025-12-20T20:18:59.100+0000] {data_loading.py:22} WARNING - Skipping row with missing video_id
[2025-12-20T20:18:59.101+0000] {data_loading.py:22} WARNING - Skipping row with missing video_id
[2025-12-20T20:18:59.101+0000] {data_loading.py:22} WARNING - Skipping row with missing video_id
[2025-12-20T20:18:59.102+0000] {data_loading.py:22} WARNING - Skipping row with missing video_id
[2025-12-20T20:18:59.102+0000] {data_loading.py:22} WARNING - Skipping row with missing video_id
[2025-12-20T20:18:59.103+0000] {data_loading.py:22} WARNING - Skipping row with missing video_id
[2025-12-20T20:18:59.103+0000] {data_loading.py:22} WARNING - Skipping row with missing video_id
[2025-12-20T20:18:59.104+0000] {data_loading.py:22} WARNING - Skipping row with missing video_id
[2025-12-20T20:18:59.104+0000] {data_loading.py:22} WARNING - Skipping row with missing video_id
[2025-12-20T20:18:59.105+0000] {data_loading.py:22} WARNING - Skipping row with missing video_id
[2025-12-20T20:18:59.106+0000] {data_loading.py:22} WARNING - Skipping row with missing video_id
[2025-12-20T20:18:59.106+0000] {data_loading.py:22} WARNING - Skipping row with missing video_id
[2025-12-20T20:18:59.106+0000] {data_loading.py:22} WARNING - Skipping row with missing video_id
[2025-12-20T20:18:59.107+0000] {data_loading.py:22} WARNING - Skipping row with missing video_id
[2025-12-20T20:18:59.108+0000] {data_loading.py:22} WARNING - Skipping row with missing video_id
[2025-12-20T20:18:59.108+0000] {data_loading.py:22} WARNING - Skipping row with missing video_id
[2025-12-20T20:18:59.109+0000] {data_loading.py:22} WARNING - Skipping row with missing video_id
[2025-12-20T20:18:59.109+0000] {data_loading.py:22} WARNING - Skipping row with missing video_id
[2025-12-20T20:18:59.110+0000] {data_loading.py:22} WARNING - Skipping row with missing video_id
[2025-12-20T20:18:59.110+0000] {data_loading.py:22} WARNING - Skipping row with missing video_id
[2025-12-20T20:18:59.111+0000] {data_loading.py:22} WARNING - Skipping row with missing video_id
[2025-12-20T20:18:59.111+0000] {data_loading.py:22} WARNING - Skipping row with missing video_id
[2025-12-20T20:18:59.111+0000] {data_loading.py:22} WARNING - Skipping row with missing video_id
[2025-12-20T20:18:59.112+0000] {data_loading.py:22} WARNING - Skipping row with missing video_id
[2025-12-20T20:18:59.113+0000] {data_loading.py:22} WARNING - Skipping row with missing video_id
[2025-12-20T20:18:59.113+0000] {data_loading.py:22} WARNING - Skipping row with missing video_id
[2025-12-20T20:18:59.114+0000] {data_loading.py:22} WARNING - Skipping row with missing video_id
[2025-12-20T20:18:59.114+0000] {data_loading.py:22} WARNING - Skipping row with missing video_id
[2025-12-20T20:18:59.114+0000] {data_loading.py:22} WARNING - Skipping row with missing video_id
[2025-12-20T20:18:59.115+0000] {data_loading.py:22} WARNING - Skipping row with missing video_id
[2025-12-20T20:18:59.116+0000] {data_loading.py:22} WARNING - Skipping row with missing video_id
[2025-12-20T20:18:59.116+0000] {data_loading.py:22} WARNING - Skipping row with missing video_id
[2025-12-20T20:18:59.117+0000] {data_loading.py:22} WARNING - Skipping row with missing video_id
[2025-12-20T20:18:59.117+0000] {data_loading.py:22} WARNING - Skipping row with missing video_id
[2025-12-20T20:18:59.118+0000] {data_loading.py:22} WARNING - Skipping row with missing video_id
[2025-12-20T20:18:59.119+0000] {data_loading.py:22} WARNING - Skipping row with missing video_id
[2025-12-20T20:18:59.120+0000] {data_loading.py:22} WARNING - Skipping row with missing video_id
[2025-12-20T20:18:59.120+0000] {data_loading.py:22} WARNING - Skipping row with missing video_id
[2025-12-20T20:18:59.121+0000] {data_loading.py:22} WARNING - Skipping row with missing video_id
[2025-12-20T20:18:59.121+0000] {data_loading.py:22} WARNING - Skipping row with missing video_id
[2025-12-20T20:18:59.122+0000] {data_loading.py:22} WARNING - Skipping row with missing video_id
[2025-12-20T20:18:59.122+0000] {data_loading.py:22} WARNING - Skipping row with missing video_id
[2025-12-20T20:18:59.123+0000] {data_loading.py:22} WARNING - Skipping row with missing video_id
[2025-12-20T20:18:59.123+0000] {data_loading.py:22} WARNING - Skipping row with missing video_id
[2025-12-20T20:18:59.124+0000] {data_loading.py:22} WARNING - Skipping row with missing video_id
[2025-12-20T20:18:59.124+0000] {data_loading.py:22} WARNING - Skipping row with missing video_id
[2025-12-20T20:18:59.125+0000] {data_loading.py:22} WARNING - Skipping row with missing video_id
[2025-12-20T20:18:59.125+0000] {data_loading.py:22} WARNING - Skipping row with missing video_id
[2025-12-20T20:18:59.126+0000] {data_loading.py:22} WARNING - Skipping row with missing video_id
[2025-12-20T20:18:59.126+0000] {data_loading.py:22} WARNING - Skipping row with missing video_id
[2025-12-20T20:18:59.127+0000] {data_loading.py:22} WARNING - Skipping row with missing video_id
[2025-12-20T20:18:59.127+0000] {data_loading.py:22} WARNING - Skipping row with missing video_id
[2025-12-20T20:18:59.128+0000] {data_loading.py:22} WARNING - Skipping row with missing video_id
[2025-12-20T20:18:59.129+0000] {data_loading.py:22} WARNING - Skipping row with missing video_id
[2025-12-20T20:18:59.130+0000] {data_loading.py:22} WARNING - Skipping row with missing video_id
[2025-12-20T20:18:59.130+0000] {data_loading.py:22} WARNING - Skipping row with missing video_id
[2025-12-20T20:18:59.131+0000] {data_loading.py:22} WARNING - Skipping row with missing video_id
[2025-12-20T20:18:59.131+0000] {data_loading.py:22} WARNING - Skipping row with missing video_id
[2025-12-20T20:18:59.132+0000] {data_loading.py:22} WARNING - Skipping row with missing video_id
[2025-12-20T20:18:59.132+0000] {data_loading.py:22} WARNING - Skipping row with missing video_id
[2025-12-20T20:18:59.133+0000] {data_loading.py:22} WARNING - Skipping row with missing video_id
[2025-12-20T20:18:59.134+0000] {data_loading.py:22} WARNING - Skipping row with missing video_id
[2025-12-20T20:18:59.134+0000] {data_loading.py:22} WARNING - Skipping row with missing video_id
[2025-12-20T20:18:59.134+0000] {data_loading.py:22} WARNING - Skipping row with missing video_id
[2025-12-20T20:18:59.135+0000] {data_loading.py:22} WARNING - Skipping row with missing video_id
[2025-12-20T20:18:59.136+0000] {data_loading.py:22} WARNING - Skipping row with missing video_id
[2025-12-20T20:18:59.136+0000] {data_loading.py:22} WARNING - Skipping row with missing video_id
[2025-12-20T20:18:59.137+0000] {data_loading.py:22} WARNING - Skipping row with missing video_id
[2025-12-20T20:18:59.137+0000] {data_loading.py:22} WARNING - Skipping row with missing video_id
[2025-12-20T20:18:59.138+0000] {data_loading.py:22} WARNING - Skipping row with missing video_id
[2025-12-20T20:18:59.138+0000] {data_loading.py:22} WARNING - Skipping row with missing video_id
[2025-12-20T20:18:59.139+0000] {data_loading.py:22} WARNING - Skipping row with missing video_id
[2025-12-20T20:18:59.140+0000] {data_loading.py:22} WARNING - Skipping row with missing video_id
[2025-12-20T20:18:59.140+0000] {data_loading.py:22} WARNING - Skipping row with missing video_id
[2025-12-20T20:18:59.141+0000] {data_loading.py:22} WARNING - Skipping row with missing video_id
[2025-12-20T20:18:59.141+0000] {data_loading.py:22} WARNING - Skipping row with missing video_id
[2025-12-20T20:18:59.142+0000] {data_loading.py:22} WARNING - Skipping row with missing video_id
[2025-12-20T20:18:59.142+0000] {data_loading.py:22} WARNING - Skipping row with missing video_id
[2025-12-20T20:18:59.143+0000] {data_loading.py:22} WARNING - Skipping row with missing video_id
[2025-12-20T20:18:59.143+0000] {data_loading.py:22} WARNING - Skipping row with missing video_id
[2025-12-20T20:18:59.144+0000] {data_loading.py:22} WARNING - Skipping row with missing video_id
[2025-12-20T20:18:59.144+0000] {data_loading.py:22} WARNING - Skipping row with missing video_id
[2025-12-20T20:18:59.145+0000] {data_loading.py:22} WARNING - Skipping row with missing video_id
[2025-12-20T20:18:59.145+0000] {data_loading.py:22} WARNING - Skipping row with missing video_id
[2025-12-20T20:18:59.146+0000] {data_loading.py:22} WARNING - Skipping row with missing video_id
[2025-12-20T20:18:59.147+0000] {data_loading.py:22} WARNING - Skipping row with missing video_id
[2025-12-20T20:18:59.147+0000] {data_loading.py:22} WARNING - Skipping row with missing video_id
[2025-12-20T20:18:59.148+0000] {data_loading.py:22} WARNING - Skipping row with missing video_id
[2025-12-20T20:18:59.148+0000] {data_loading.py:22} WARNING - Skipping row with missing video_id
[2025-12-20T20:18:59.149+0000] {data_loading.py:22} WARNING - Skipping row with missing video_id
[2025-12-20T20:18:59.149+0000] {data_loading.py:22} WARNING - Skipping row with missing video_id
[2025-12-20T20:18:59.150+0000] {data_loading.py:22} WARNING - Skipping row with missing video_id
[2025-12-20T20:18:59.150+0000] {data_loading.py:22} WARNING - Skipping row with missing video_id
[2025-12-20T20:18:59.151+0000] {data_loading.py:22} WARNING - Skipping row with missing video_id
[2025-12-20T20:18:59.151+0000] {data_loading.py:22} WARNING - Skipping row with missing video_id
[2025-12-20T20:18:59.152+0000] {data_loading.py:22} WARNING - Skipping row with missing video_id
[2025-12-20T20:18:59.153+0000] {data_loading.py:22} WARNING - Skipping row with missing video_id
[2025-12-20T20:18:59.153+0000] {data_loading.py:22} WARNING - Skipping row with missing video_id
[2025-12-20T20:18:59.154+0000] {data_loading.py:22} WARNING - Skipping row with missing video_id
[2025-12-20T20:18:59.154+0000] {data_loading.py:22} WARNING - Skipping row with missing video_id
[2025-12-20T20:18:59.155+0000] {data_loading.py:22} WARNING - Skipping row with missing video_id
[2025-12-20T20:18:59.155+0000] {data_loading.py:22} WARNING - Skipping row with missing video_id
[2025-12-20T20:18:59.156+0000] {data_loading.py:22} WARNING - Skipping row with missing video_id
[2025-12-20T20:18:59.156+0000] {data_loading.py:22} WARNING - Skipping row with missing video_id
[2025-12-20T20:18:59.157+0000] {data_loading.py:22} WARNING - Skipping row with missing video_id
[2025-12-20T20:18:59.157+0000] {data_loading.py:22} WARNING - Skipping row with missing video_id
[2025-12-20T20:18:59.158+0000] {data_loading.py:22} WARNING - Skipping row with missing video_id
[2025-12-20T20:18:59.158+0000] {data_loading.py:22} WARNING - Skipping row with missing video_id
[2025-12-20T20:18:59.159+0000] {data_loading.py:22} WARNING - Skipping row with missing video_id
[2025-12-20T20:18:59.159+0000] {data_loading.py:22} WARNING - Skipping row with missing video_id
[2025-12-20T20:18:59.160+0000] {data_loading.py:22} WARNING - Skipping row with missing video_id
[2025-12-20T20:18:59.160+0000] {data_loading.py:22} WARNING - Skipping row with missing video_id
[2025-12-20T20:18:59.161+0000] {data_loading.py:22} WARNING - Skipping row with missing video_id
[2025-12-20T20:18:59.161+0000] {data_loading.py:22} WARNING - Skipping row with missing video_id
[2025-12-20T20:18:59.162+0000] {data_loading.py:22} WARNING - Skipping row with missing video_id
[2025-12-20T20:18:59.162+0000] {data_loading.py:22} WARNING - Skipping row with missing video_id
[2025-12-20T20:18:59.162+0000] {data_loading.py:22} WARNING - Skipping row with missing video_id
[2025-12-20T20:18:59.163+0000] {data_loading.py:22} WARNING - Skipping row with missing video_id
[2025-12-20T20:18:59.163+0000] {data_loading.py:22} WARNING - Skipping row with missing video_id
[2025-12-20T20:18:59.164+0000] {data_loading.py:22} WARNING - Skipping row with missing video_id
[2025-12-20T20:18:59.164+0000] {data_loading.py:22} WARNING - Skipping row with missing video_id
[2025-12-20T20:18:59.165+0000] {data_loading.py:22} WARNING - Skipping row with missing video_id
[2025-12-20T20:18:59.165+0000] {data_loading.py:22} WARNING - Skipping row with missing video_id
[2025-12-20T20:18:59.166+0000] {data_loading.py:22} WARNING - Skipping row with missing video_id
[2025-12-20T20:18:59.166+0000] {data_loading.py:22} WARNING - Skipping row with missing video_id
[2025-12-20T20:18:59.167+0000] {data_loading.py:22} WARNING - Skipping row with missing video_id
[2025-12-20T20:18:59.167+0000] {data_loading.py:22} WARNING - Skipping row with missing video_id
[2025-12-20T20:18:59.168+0000] {data_loading.py:22} WARNING - Skipping row with missing video_id
[2025-12-20T20:18:59.168+0000] {data_loading.py:22} WARNING - Skipping row with missing video_id
[2025-12-20T20:18:59.169+0000] {data_loading.py:22} WARNING - Skipping row with missing video_id
[2025-12-20T20:18:59.170+0000] {data_loading.py:22} WARNING - Skipping row with missing video_id
[2025-12-20T20:18:59.170+0000] {data_loading.py:22} WARNING - Skipping row with missing video_id
[2025-12-20T20:18:59.171+0000] {data_loading.py:22} WARNING - Skipping row with missing video_id
[2025-12-20T20:18:59.171+0000] {data_loading.py:22} WARNING - Skipping row with missing video_id
[2025-12-20T20:18:59.172+0000] {data_loading.py:22} WARNING - Skipping row with missing video_id
[2025-12-20T20:18:59.172+0000] {data_loading.py:22} WARNING - Skipping row with missing video_id
[2025-12-20T20:18:59.173+0000] {data_loading.py:22} WARNING - Skipping row with missing video_id
[2025-12-20T20:18:59.173+0000] {data_loading.py:22} WARNING - Skipping row with missing video_id
[2025-12-20T20:18:59.174+0000] {data_loading.py:22} WARNING - Skipping row with missing video_id
[2025-12-20T20:18:59.175+0000] {data_loading.py:22} WARNING - Skipping row with missing video_id
[2025-12-20T20:18:59.175+0000] {data_loading.py:22} WARNING - Skipping row with missing video_id
[2025-12-20T20:18:59.176+0000] {data_loading.py:22} WARNING - Skipping row with missing video_id
[2025-12-20T20:18:59.177+0000] {base.py:84} INFO - Using connection ID 'postgres_db_yt_elt' for task execution.
[2025-12-20T20:18:59.185+0000] {base.py:84} INFO - Using connection ID 'postgres_db_yt_elt' for task execution.
[2025-12-20T20:18:59.190+0000] {dwh.py:40} INFO - staging table update completed
[2025-12-20T20:18:59.191+0000] {python.py:237} INFO - Done. Returned value was: None
[2025-12-20T20:18:59.192+0000] {taskinstance.py:441} INFO - ::group::Post task execution logs
[2025-12-20T20:18:59.201+0000] {taskinstance.py:1206} INFO - Marking task as SUCCESS. dag_id=update_db, task_id=staging_table, run_id=manual__2025-12-20T20:18:54.850847+00:00, execution_date=20251220T201854, start_date=20251220T201858, end_date=20251220T201859
[2025-12-20T20:18:59.256+0000] {local_task_job_runner.py:240} INFO - Task exited with return code 0
[2025-12-20T20:18:59.288+0000] {taskinstance.py:3503} INFO - 1 downstream tasks scheduled from follow-on schedule check
[2025-12-20T20:18:59.291+0000] {local_task_job_runner.py:222} INFO - ::endgroup::
