[2025-12-20T20:18:11.478+0000] {local_task_job_runner.py:120} INFO - ::group::Pre task execution logs
[2025-12-20T20:18:11.514+0000] {taskinstance.py:2076} INFO - Dependencies all met for dep_context=non-requeueable deps ti=<TaskInstance: update_db.staging_table manual__2025-12-20T20:17:59.413506+00:00 [queued]>
[2025-12-20T20:18:11.526+0000] {taskinstance.py:2076} INFO - Dependencies all met for dep_context=requeueable deps ti=<TaskInstance: update_db.staging_table manual__2025-12-20T20:17:59.413506+00:00 [queued]>
[2025-12-20T20:18:11.527+0000] {taskinstance.py:2306} INFO - Starting attempt 1 of 1
[2025-12-20T20:18:11.547+0000] {taskinstance.py:2330} INFO - Executing <Task(_PythonDecoratedOperator): staging_table> on 2025-12-20 20:17:59.413506+00:00
[2025-12-20T20:18:11.555+0000] {standard_task_runner.py:63} INFO - Started process 112 to run task
[2025-12-20T20:18:11.560+0000] {standard_task_runner.py:90} INFO - Running: ['***', 'tasks', 'run', 'update_db', 'staging_table', 'manual__2025-12-20T20:17:59.413506+00:00', '--job-id', '70', '--raw', '--subdir', 'DAGS_FOLDER/main.py', '--cfg-path', '/tmp/tmptile89ng']
[2025-12-20T20:18:11.562+0000] {standard_task_runner.py:91} INFO - Job 70: Subtask staging_table
[2025-12-20T20:18:11.682+0000] {task_command.py:426} INFO - Running <TaskInstance: update_db.staging_table manual__2025-12-20T20:17:59.413506+00:00 [running]> on host 87e0e81ae3ad
[2025-12-20T20:18:11.846+0000] {taskinstance.py:2648} INFO - Exporting env vars: AIRFLOW_CTX_DAG_EMAIL='data@engineers.com' AIRFLOW_CTX_DAG_OWNER='dataengineers' AIRFLOW_CTX_DAG_ID='update_db' AIRFLOW_CTX_TASK_ID='staging_table' AIRFLOW_CTX_EXECUTION_DATE='2025-12-20T20:17:59.413506+00:00' AIRFLOW_CTX_TRY_NUMBER='1' AIRFLOW_CTX_DAG_RUN_ID='manual__2025-12-20T20:17:59.413506+00:00'
[2025-12-20T20:18:11.847+0000] {taskinstance.py:430} INFO - ::endgroup::
[2025-12-20T20:18:11.891+0000] {base.py:84} INFO - Using connection ID 'postgres_db_yt_elt' for task execution.
[2025-12-20T20:18:11.897+0000] {data_loading.py:11} INFO - Processing file: YT_data_2025-12-20
[2025-12-20T20:18:11.913+0000] {data_loading.py:22} WARNING - Skipping row with missing video_id
[2025-12-20T20:18:11.914+0000] {data_loading.py:22} WARNING - Skipping row with missing video_id
[2025-12-20T20:18:11.914+0000] {data_loading.py:22} WARNING - Skipping row with missing video_id
[2025-12-20T20:18:11.915+0000] {data_loading.py:22} WARNING - Skipping row with missing video_id
[2025-12-20T20:18:11.915+0000] {data_loading.py:22} WARNING - Skipping row with missing video_id
[2025-12-20T20:18:11.916+0000] {data_loading.py:22} WARNING - Skipping row with missing video_id
[2025-12-20T20:18:11.916+0000] {data_loading.py:22} WARNING - Skipping row with missing video_id
[2025-12-20T20:18:11.917+0000] {data_loading.py:22} WARNING - Skipping row with missing video_id
[2025-12-20T20:18:11.917+0000] {data_loading.py:22} WARNING - Skipping row with missing video_id
[2025-12-20T20:18:11.918+0000] {data_loading.py:22} WARNING - Skipping row with missing video_id
[2025-12-20T20:18:11.918+0000] {data_loading.py:22} WARNING - Skipping row with missing video_id
[2025-12-20T20:18:11.918+0000] {data_loading.py:22} WARNING - Skipping row with missing video_id
[2025-12-20T20:18:11.919+0000] {data_loading.py:22} WARNING - Skipping row with missing video_id
[2025-12-20T20:18:11.919+0000] {data_loading.py:22} WARNING - Skipping row with missing video_id
[2025-12-20T20:18:11.919+0000] {data_loading.py:22} WARNING - Skipping row with missing video_id
[2025-12-20T20:18:11.920+0000] {data_loading.py:22} WARNING - Skipping row with missing video_id
[2025-12-20T20:18:11.920+0000] {data_loading.py:22} WARNING - Skipping row with missing video_id
[2025-12-20T20:18:11.921+0000] {data_loading.py:22} WARNING - Skipping row with missing video_id
[2025-12-20T20:18:11.923+0000] {data_loading.py:22} WARNING - Skipping row with missing video_id
[2025-12-20T20:18:11.924+0000] {data_loading.py:22} WARNING - Skipping row with missing video_id
[2025-12-20T20:18:11.925+0000] {data_loading.py:22} WARNING - Skipping row with missing video_id
[2025-12-20T20:18:11.926+0000] {data_loading.py:22} WARNING - Skipping row with missing video_id
[2025-12-20T20:18:11.927+0000] {data_loading.py:22} WARNING - Skipping row with missing video_id
[2025-12-20T20:18:11.927+0000] {data_loading.py:22} WARNING - Skipping row with missing video_id
[2025-12-20T20:18:11.928+0000] {data_loading.py:22} WARNING - Skipping row with missing video_id
[2025-12-20T20:18:11.929+0000] {data_loading.py:22} WARNING - Skipping row with missing video_id
[2025-12-20T20:18:11.929+0000] {data_loading.py:22} WARNING - Skipping row with missing video_id
[2025-12-20T20:18:11.930+0000] {data_loading.py:22} WARNING - Skipping row with missing video_id
[2025-12-20T20:18:11.930+0000] {data_loading.py:22} WARNING - Skipping row with missing video_id
[2025-12-20T20:18:11.931+0000] {data_loading.py:22} WARNING - Skipping row with missing video_id
[2025-12-20T20:18:11.932+0000] {data_loading.py:22} WARNING - Skipping row with missing video_id
[2025-12-20T20:18:11.933+0000] {data_loading.py:22} WARNING - Skipping row with missing video_id
[2025-12-20T20:18:11.933+0000] {data_loading.py:22} WARNING - Skipping row with missing video_id
[2025-12-20T20:18:11.934+0000] {data_loading.py:22} WARNING - Skipping row with missing video_id
[2025-12-20T20:18:11.935+0000] {data_loading.py:22} WARNING - Skipping row with missing video_id
[2025-12-20T20:18:11.935+0000] {data_loading.py:22} WARNING - Skipping row with missing video_id
[2025-12-20T20:18:11.936+0000] {data_loading.py:22} WARNING - Skipping row with missing video_id
[2025-12-20T20:18:11.937+0000] {data_loading.py:22} WARNING - Skipping row with missing video_id
[2025-12-20T20:18:11.938+0000] {data_loading.py:22} WARNING - Skipping row with missing video_id
[2025-12-20T20:18:11.939+0000] {data_loading.py:22} WARNING - Skipping row with missing video_id
[2025-12-20T20:18:11.940+0000] {data_loading.py:22} WARNING - Skipping row with missing video_id
[2025-12-20T20:18:11.940+0000] {data_loading.py:22} WARNING - Skipping row with missing video_id
[2025-12-20T20:18:11.941+0000] {data_loading.py:22} WARNING - Skipping row with missing video_id
[2025-12-20T20:18:11.941+0000] {data_loading.py:22} WARNING - Skipping row with missing video_id
[2025-12-20T20:18:11.943+0000] {data_loading.py:22} WARNING - Skipping row with missing video_id
[2025-12-20T20:18:11.943+0000] {data_loading.py:22} WARNING - Skipping row with missing video_id
[2025-12-20T20:18:11.944+0000] {data_loading.py:22} WARNING - Skipping row with missing video_id
[2025-12-20T20:18:11.945+0000] {data_loading.py:22} WARNING - Skipping row with missing video_id
[2025-12-20T20:18:11.945+0000] {data_loading.py:22} WARNING - Skipping row with missing video_id
[2025-12-20T20:18:11.946+0000] {data_loading.py:22} WARNING - Skipping row with missing video_id
[2025-12-20T20:18:11.946+0000] {data_loading.py:22} WARNING - Skipping row with missing video_id
[2025-12-20T20:18:11.947+0000] {data_loading.py:22} WARNING - Skipping row with missing video_id
[2025-12-20T20:18:11.948+0000] {data_loading.py:22} WARNING - Skipping row with missing video_id
[2025-12-20T20:18:11.948+0000] {data_loading.py:22} WARNING - Skipping row with missing video_id
[2025-12-20T20:18:11.949+0000] {data_loading.py:22} WARNING - Skipping row with missing video_id
[2025-12-20T20:18:11.950+0000] {data_loading.py:22} WARNING - Skipping row with missing video_id
[2025-12-20T20:18:11.950+0000] {data_loading.py:22} WARNING - Skipping row with missing video_id
[2025-12-20T20:18:11.951+0000] {data_loading.py:22} WARNING - Skipping row with missing video_id
[2025-12-20T20:18:11.952+0000] {data_loading.py:22} WARNING - Skipping row with missing video_id
[2025-12-20T20:18:11.953+0000] {data_loading.py:22} WARNING - Skipping row with missing video_id
[2025-12-20T20:18:11.954+0000] {data_loading.py:22} WARNING - Skipping row with missing video_id
[2025-12-20T20:18:11.954+0000] {data_loading.py:22} WARNING - Skipping row with missing video_id
[2025-12-20T20:18:11.955+0000] {data_loading.py:22} WARNING - Skipping row with missing video_id
[2025-12-20T20:18:11.956+0000] {data_loading.py:22} WARNING - Skipping row with missing video_id
[2025-12-20T20:18:11.957+0000] {data_loading.py:22} WARNING - Skipping row with missing video_id
[2025-12-20T20:18:11.958+0000] {data_loading.py:22} WARNING - Skipping row with missing video_id
[2025-12-20T20:18:11.959+0000] {data_loading.py:22} WARNING - Skipping row with missing video_id
[2025-12-20T20:18:11.959+0000] {data_loading.py:22} WARNING - Skipping row with missing video_id
[2025-12-20T20:18:11.960+0000] {data_loading.py:22} WARNING - Skipping row with missing video_id
[2025-12-20T20:18:11.960+0000] {data_loading.py:22} WARNING - Skipping row with missing video_id
[2025-12-20T20:18:11.961+0000] {data_loading.py:22} WARNING - Skipping row with missing video_id
[2025-12-20T20:18:11.961+0000] {data_loading.py:22} WARNING - Skipping row with missing video_id
[2025-12-20T20:18:11.962+0000] {data_loading.py:22} WARNING - Skipping row with missing video_id
[2025-12-20T20:18:11.962+0000] {data_loading.py:22} WARNING - Skipping row with missing video_id
[2025-12-20T20:18:11.963+0000] {data_loading.py:22} WARNING - Skipping row with missing video_id
[2025-12-20T20:18:11.963+0000] {data_loading.py:22} WARNING - Skipping row with missing video_id
[2025-12-20T20:18:11.964+0000] {data_loading.py:22} WARNING - Skipping row with missing video_id
[2025-12-20T20:18:11.964+0000] {data_loading.py:22} WARNING - Skipping row with missing video_id
[2025-12-20T20:18:11.965+0000] {data_loading.py:22} WARNING - Skipping row with missing video_id
[2025-12-20T20:18:11.965+0000] {data_loading.py:22} WARNING - Skipping row with missing video_id
[2025-12-20T20:18:11.966+0000] {data_loading.py:22} WARNING - Skipping row with missing video_id
[2025-12-20T20:18:11.966+0000] {data_loading.py:22} WARNING - Skipping row with missing video_id
[2025-12-20T20:18:11.966+0000] {data_loading.py:22} WARNING - Skipping row with missing video_id
[2025-12-20T20:18:11.967+0000] {data_loading.py:22} WARNING - Skipping row with missing video_id
[2025-12-20T20:18:11.967+0000] {data_loading.py:22} WARNING - Skipping row with missing video_id
[2025-12-20T20:18:11.968+0000] {data_loading.py:22} WARNING - Skipping row with missing video_id
[2025-12-20T20:18:11.968+0000] {data_loading.py:22} WARNING - Skipping row with missing video_id
[2025-12-20T20:18:11.968+0000] {data_loading.py:22} WARNING - Skipping row with missing video_id
[2025-12-20T20:18:11.969+0000] {data_loading.py:22} WARNING - Skipping row with missing video_id
[2025-12-20T20:18:11.969+0000] {data_loading.py:22} WARNING - Skipping row with missing video_id
[2025-12-20T20:18:11.970+0000] {data_loading.py:22} WARNING - Skipping row with missing video_id
[2025-12-20T20:18:11.970+0000] {data_loading.py:22} WARNING - Skipping row with missing video_id
[2025-12-20T20:18:11.971+0000] {data_loading.py:22} WARNING - Skipping row with missing video_id
[2025-12-20T20:18:11.971+0000] {data_loading.py:22} WARNING - Skipping row with missing video_id
[2025-12-20T20:18:11.972+0000] {data_loading.py:22} WARNING - Skipping row with missing video_id
[2025-12-20T20:18:11.973+0000] {data_loading.py:22} WARNING - Skipping row with missing video_id
[2025-12-20T20:18:11.973+0000] {data_loading.py:22} WARNING - Skipping row with missing video_id
[2025-12-20T20:18:11.974+0000] {data_loading.py:22} WARNING - Skipping row with missing video_id
[2025-12-20T20:18:11.975+0000] {data_loading.py:22} WARNING - Skipping row with missing video_id
[2025-12-20T20:18:11.975+0000] {data_loading.py:22} WARNING - Skipping row with missing video_id
[2025-12-20T20:18:11.976+0000] {data_loading.py:22} WARNING - Skipping row with missing video_id
[2025-12-20T20:18:11.976+0000] {data_loading.py:22} WARNING - Skipping row with missing video_id
[2025-12-20T20:18:11.977+0000] {data_loading.py:22} WARNING - Skipping row with missing video_id
[2025-12-20T20:18:11.977+0000] {data_loading.py:22} WARNING - Skipping row with missing video_id
[2025-12-20T20:18:11.978+0000] {data_loading.py:22} WARNING - Skipping row with missing video_id
[2025-12-20T20:18:11.979+0000] {data_loading.py:22} WARNING - Skipping row with missing video_id
[2025-12-20T20:18:11.979+0000] {data_loading.py:22} WARNING - Skipping row with missing video_id
[2025-12-20T20:18:11.980+0000] {data_loading.py:22} WARNING - Skipping row with missing video_id
[2025-12-20T20:18:11.981+0000] {data_loading.py:22} WARNING - Skipping row with missing video_id
[2025-12-20T20:18:11.981+0000] {data_loading.py:22} WARNING - Skipping row with missing video_id
[2025-12-20T20:18:11.982+0000] {data_loading.py:22} WARNING - Skipping row with missing video_id
[2025-12-20T20:18:11.982+0000] {data_loading.py:22} WARNING - Skipping row with missing video_id
[2025-12-20T20:18:11.984+0000] {data_loading.py:22} WARNING - Skipping row with missing video_id
[2025-12-20T20:18:11.984+0000] {data_loading.py:22} WARNING - Skipping row with missing video_id
[2025-12-20T20:18:11.985+0000] {data_loading.py:22} WARNING - Skipping row with missing video_id
[2025-12-20T20:18:11.985+0000] {data_loading.py:22} WARNING - Skipping row with missing video_id
[2025-12-20T20:18:11.986+0000] {data_loading.py:22} WARNING - Skipping row with missing video_id
[2025-12-20T20:18:11.987+0000] {data_loading.py:22} WARNING - Skipping row with missing video_id
[2025-12-20T20:18:11.987+0000] {data_loading.py:22} WARNING - Skipping row with missing video_id
[2025-12-20T20:18:11.988+0000] {data_loading.py:22} WARNING - Skipping row with missing video_id
[2025-12-20T20:18:11.988+0000] {data_loading.py:22} WARNING - Skipping row with missing video_id
[2025-12-20T20:18:11.989+0000] {data_loading.py:22} WARNING - Skipping row with missing video_id
[2025-12-20T20:18:11.989+0000] {data_loading.py:22} WARNING - Skipping row with missing video_id
[2025-12-20T20:18:11.990+0000] {data_loading.py:22} WARNING - Skipping row with missing video_id
[2025-12-20T20:18:11.990+0000] {data_loading.py:22} WARNING - Skipping row with missing video_id
[2025-12-20T20:18:11.990+0000] {data_loading.py:22} WARNING - Skipping row with missing video_id
[2025-12-20T20:18:11.991+0000] {data_loading.py:22} WARNING - Skipping row with missing video_id
[2025-12-20T20:18:11.991+0000] {data_loading.py:22} WARNING - Skipping row with missing video_id
[2025-12-20T20:18:11.992+0000] {data_loading.py:22} WARNING - Skipping row with missing video_id
[2025-12-20T20:18:11.993+0000] {data_loading.py:22} WARNING - Skipping row with missing video_id
[2025-12-20T20:18:11.993+0000] {data_loading.py:22} WARNING - Skipping row with missing video_id
[2025-12-20T20:18:11.994+0000] {data_loading.py:22} WARNING - Skipping row with missing video_id
[2025-12-20T20:18:11.994+0000] {data_loading.py:22} WARNING - Skipping row with missing video_id
[2025-12-20T20:18:11.995+0000] {data_loading.py:22} WARNING - Skipping row with missing video_id
[2025-12-20T20:18:11.996+0000] {data_loading.py:22} WARNING - Skipping row with missing video_id
[2025-12-20T20:18:11.996+0000] {data_loading.py:22} WARNING - Skipping row with missing video_id
[2025-12-20T20:18:11.996+0000] {data_loading.py:22} WARNING - Skipping row with missing video_id
[2025-12-20T20:18:11.997+0000] {data_loading.py:22} WARNING - Skipping row with missing video_id
[2025-12-20T20:18:11.997+0000] {data_loading.py:22} WARNING - Skipping row with missing video_id
[2025-12-20T20:18:11.998+0000] {data_loading.py:22} WARNING - Skipping row with missing video_id
[2025-12-20T20:18:11.998+0000] {data_loading.py:22} WARNING - Skipping row with missing video_id
[2025-12-20T20:18:11.999+0000] {data_loading.py:22} WARNING - Skipping row with missing video_id
[2025-12-20T20:18:11.999+0000] {data_loading.py:22} WARNING - Skipping row with missing video_id
[2025-12-20T20:18:12.000+0000] {data_loading.py:22} WARNING - Skipping row with missing video_id
[2025-12-20T20:18:12.000+0000] {data_loading.py:22} WARNING - Skipping row with missing video_id
[2025-12-20T20:18:12.001+0000] {data_loading.py:22} WARNING - Skipping row with missing video_id
[2025-12-20T20:18:12.001+0000] {data_loading.py:22} WARNING - Skipping row with missing video_id
[2025-12-20T20:18:12.002+0000] {data_loading.py:22} WARNING - Skipping row with missing video_id
[2025-12-20T20:18:12.002+0000] {data_loading.py:22} WARNING - Skipping row with missing video_id
[2025-12-20T20:18:12.002+0000] {data_loading.py:22} WARNING - Skipping row with missing video_id
[2025-12-20T20:18:12.003+0000] {data_loading.py:22} WARNING - Skipping row with missing video_id
[2025-12-20T20:18:12.003+0000] {data_loading.py:22} WARNING - Skipping row with missing video_id
[2025-12-20T20:18:12.004+0000] {data_loading.py:22} WARNING - Skipping row with missing video_id
[2025-12-20T20:18:12.004+0000] {data_loading.py:22} WARNING - Skipping row with missing video_id
[2025-12-20T20:18:12.005+0000] {data_loading.py:22} WARNING - Skipping row with missing video_id
[2025-12-20T20:18:12.005+0000] {data_loading.py:22} WARNING - Skipping row with missing video_id
[2025-12-20T20:18:12.006+0000] {data_loading.py:22} WARNING - Skipping row with missing video_id
[2025-12-20T20:18:12.006+0000] {data_loading.py:22} WARNING - Skipping row with missing video_id
[2025-12-20T20:18:12.006+0000] {data_loading.py:22} WARNING - Skipping row with missing video_id
[2025-12-20T20:18:12.007+0000] {data_loading.py:22} WARNING - Skipping row with missing video_id
[2025-12-20T20:18:12.007+0000] {data_loading.py:22} WARNING - Skipping row with missing video_id
[2025-12-20T20:18:12.007+0000] {data_loading.py:22} WARNING - Skipping row with missing video_id
[2025-12-20T20:18:12.008+0000] {data_loading.py:22} WARNING - Skipping row with missing video_id
[2025-12-20T20:18:12.009+0000] {data_loading.py:22} WARNING - Skipping row with missing video_id
[2025-12-20T20:18:12.009+0000] {data_loading.py:22} WARNING - Skipping row with missing video_id
[2025-12-20T20:18:12.010+0000] {data_loading.py:22} WARNING - Skipping row with missing video_id
[2025-12-20T20:18:12.011+0000] {data_loading.py:22} WARNING - Skipping row with missing video_id
[2025-12-20T20:18:12.011+0000] {data_loading.py:22} WARNING - Skipping row with missing video_id
[2025-12-20T20:18:12.012+0000] {data_loading.py:22} WARNING - Skipping row with missing video_id
[2025-12-20T20:18:12.012+0000] {data_loading.py:22} WARNING - Skipping row with missing video_id
[2025-12-20T20:18:12.013+0000] {data_loading.py:22} WARNING - Skipping row with missing video_id
[2025-12-20T20:18:12.013+0000] {data_loading.py:22} WARNING - Skipping row with missing video_id
[2025-12-20T20:18:12.014+0000] {data_loading.py:22} WARNING - Skipping row with missing video_id
[2025-12-20T20:18:12.014+0000] {data_loading.py:22} WARNING - Skipping row with missing video_id
[2025-12-20T20:18:12.015+0000] {data_loading.py:22} WARNING - Skipping row with missing video_id
[2025-12-20T20:18:12.015+0000] {data_loading.py:22} WARNING - Skipping row with missing video_id
[2025-12-20T20:18:12.016+0000] {data_loading.py:22} WARNING - Skipping row with missing video_id
[2025-12-20T20:18:12.016+0000] {data_loading.py:22} WARNING - Skipping row with missing video_id
[2025-12-20T20:18:12.017+0000] {data_loading.py:22} WARNING - Skipping row with missing video_id
[2025-12-20T20:18:12.018+0000] {data_loading.py:22} WARNING - Skipping row with missing video_id
[2025-12-20T20:18:12.018+0000] {data_loading.py:22} WARNING - Skipping row with missing video_id
[2025-12-20T20:18:12.019+0000] {data_loading.py:22} WARNING - Skipping row with missing video_id
[2025-12-20T20:18:12.019+0000] {data_loading.py:22} WARNING - Skipping row with missing video_id
[2025-12-20T20:18:12.019+0000] {data_loading.py:22} WARNING - Skipping row with missing video_id
[2025-12-20T20:18:12.020+0000] {data_loading.py:22} WARNING - Skipping row with missing video_id
[2025-12-20T20:18:12.020+0000] {data_loading.py:22} WARNING - Skipping row with missing video_id
[2025-12-20T20:18:12.021+0000] {data_loading.py:22} WARNING - Skipping row with missing video_id
[2025-12-20T20:18:12.021+0000] {data_loading.py:22} WARNING - Skipping row with missing video_id
[2025-12-20T20:18:12.022+0000] {data_loading.py:22} WARNING - Skipping row with missing video_id
[2025-12-20T20:18:12.022+0000] {data_loading.py:22} WARNING - Skipping row with missing video_id
[2025-12-20T20:18:12.022+0000] {data_loading.py:22} WARNING - Skipping row with missing video_id
[2025-12-20T20:18:12.023+0000] {data_loading.py:22} WARNING - Skipping row with missing video_id
[2025-12-20T20:18:12.023+0000] {data_loading.py:22} WARNING - Skipping row with missing video_id
[2025-12-20T20:18:12.024+0000] {data_loading.py:22} WARNING - Skipping row with missing video_id
[2025-12-20T20:18:12.024+0000] {data_loading.py:22} WARNING - Skipping row with missing video_id
[2025-12-20T20:18:12.025+0000] {data_loading.py:22} WARNING - Skipping row with missing video_id
[2025-12-20T20:18:12.025+0000] {data_loading.py:22} WARNING - Skipping row with missing video_id
[2025-12-20T20:18:12.026+0000] {data_loading.py:22} WARNING - Skipping row with missing video_id
[2025-12-20T20:18:12.026+0000] {data_loading.py:22} WARNING - Skipping row with missing video_id
[2025-12-20T20:18:12.027+0000] {data_loading.py:22} WARNING - Skipping row with missing video_id
[2025-12-20T20:18:12.028+0000] {data_loading.py:22} WARNING - Skipping row with missing video_id
[2025-12-20T20:18:12.028+0000] {data_loading.py:22} WARNING - Skipping row with missing video_id
[2025-12-20T20:18:12.029+0000] {data_loading.py:22} WARNING - Skipping row with missing video_id
[2025-12-20T20:18:12.029+0000] {data_loading.py:22} WARNING - Skipping row with missing video_id
[2025-12-20T20:18:12.030+0000] {data_loading.py:22} WARNING - Skipping row with missing video_id
[2025-12-20T20:18:12.030+0000] {data_loading.py:22} WARNING - Skipping row with missing video_id
[2025-12-20T20:18:12.031+0000] {data_loading.py:22} WARNING - Skipping row with missing video_id
[2025-12-20T20:18:12.032+0000] {data_loading.py:22} WARNING - Skipping row with missing video_id
[2025-12-20T20:18:12.032+0000] {data_loading.py:22} WARNING - Skipping row with missing video_id
[2025-12-20T20:18:12.033+0000] {data_loading.py:22} WARNING - Skipping row with missing video_id
[2025-12-20T20:18:12.034+0000] {data_loading.py:22} WARNING - Skipping row with missing video_id
[2025-12-20T20:18:12.034+0000] {data_loading.py:22} WARNING - Skipping row with missing video_id
[2025-12-20T20:18:12.035+0000] {data_loading.py:22} WARNING - Skipping row with missing video_id
[2025-12-20T20:18:12.036+0000] {data_loading.py:22} WARNING - Skipping row with missing video_id
[2025-12-20T20:18:12.036+0000] {data_loading.py:22} WARNING - Skipping row with missing video_id
[2025-12-20T20:18:12.037+0000] {data_loading.py:22} WARNING - Skipping row with missing video_id
[2025-12-20T20:18:12.038+0000] {data_loading.py:22} WARNING - Skipping row with missing video_id
[2025-12-20T20:18:12.039+0000] {data_loading.py:22} WARNING - Skipping row with missing video_id
[2025-12-20T20:18:12.040+0000] {data_loading.py:22} WARNING - Skipping row with missing video_id
[2025-12-20T20:18:12.041+0000] {data_loading.py:22} WARNING - Skipping row with missing video_id
[2025-12-20T20:18:12.042+0000] {data_loading.py:22} WARNING - Skipping row with missing video_id
[2025-12-20T20:18:12.042+0000] {data_loading.py:22} WARNING - Skipping row with missing video_id
[2025-12-20T20:18:12.043+0000] {data_loading.py:22} WARNING - Skipping row with missing video_id
[2025-12-20T20:18:12.044+0000] {data_loading.py:22} WARNING - Skipping row with missing video_id
[2025-12-20T20:18:12.044+0000] {data_loading.py:22} WARNING - Skipping row with missing video_id
[2025-12-20T20:18:12.045+0000] {data_loading.py:22} WARNING - Skipping row with missing video_id
[2025-12-20T20:18:12.046+0000] {data_loading.py:22} WARNING - Skipping row with missing video_id
[2025-12-20T20:18:12.046+0000] {data_loading.py:22} WARNING - Skipping row with missing video_id
[2025-12-20T20:18:12.047+0000] {data_loading.py:22} WARNING - Skipping row with missing video_id
[2025-12-20T20:18:12.048+0000] {data_loading.py:22} WARNING - Skipping row with missing video_id
[2025-12-20T20:18:12.048+0000] {data_loading.py:22} WARNING - Skipping row with missing video_id
[2025-12-20T20:18:12.049+0000] {data_loading.py:22} WARNING - Skipping row with missing video_id
[2025-12-20T20:18:12.049+0000] {data_loading.py:22} WARNING - Skipping row with missing video_id
[2025-12-20T20:18:12.050+0000] {data_loading.py:22} WARNING - Skipping row with missing video_id
[2025-12-20T20:18:12.050+0000] {data_loading.py:22} WARNING - Skipping row with missing video_id
[2025-12-20T20:18:12.050+0000] {data_loading.py:22} WARNING - Skipping row with missing video_id
[2025-12-20T20:18:12.051+0000] {data_loading.py:22} WARNING - Skipping row with missing video_id
[2025-12-20T20:18:12.051+0000] {data_loading.py:22} WARNING - Skipping row with missing video_id
[2025-12-20T20:18:12.052+0000] {data_loading.py:22} WARNING - Skipping row with missing video_id
[2025-12-20T20:18:12.052+0000] {data_loading.py:22} WARNING - Skipping row with missing video_id
[2025-12-20T20:18:12.052+0000] {data_loading.py:22} WARNING - Skipping row with missing video_id
[2025-12-20T20:18:12.053+0000] {data_loading.py:22} WARNING - Skipping row with missing video_id
[2025-12-20T20:18:12.053+0000] {data_loading.py:22} WARNING - Skipping row with missing video_id
[2025-12-20T20:18:12.054+0000] {data_loading.py:22} WARNING - Skipping row with missing video_id
[2025-12-20T20:18:12.054+0000] {data_loading.py:22} WARNING - Skipping row with missing video_id
[2025-12-20T20:18:12.054+0000] {data_loading.py:22} WARNING - Skipping row with missing video_id
[2025-12-20T20:18:12.055+0000] {data_loading.py:22} WARNING - Skipping row with missing video_id
[2025-12-20T20:18:12.056+0000] {data_loading.py:22} WARNING - Skipping row with missing video_id
[2025-12-20T20:18:12.056+0000] {data_loading.py:22} WARNING - Skipping row with missing video_id
[2025-12-20T20:18:12.057+0000] {data_loading.py:22} WARNING - Skipping row with missing video_id
[2025-12-20T20:18:12.057+0000] {data_loading.py:22} WARNING - Skipping row with missing video_id
[2025-12-20T20:18:12.058+0000] {data_loading.py:22} WARNING - Skipping row with missing video_id
[2025-12-20T20:18:12.059+0000] {data_loading.py:22} WARNING - Skipping row with missing video_id
[2025-12-20T20:18:12.059+0000] {data_loading.py:22} WARNING - Skipping row with missing video_id
[2025-12-20T20:18:12.060+0000] {data_loading.py:22} WARNING - Skipping row with missing video_id
[2025-12-20T20:18:12.060+0000] {data_loading.py:22} WARNING - Skipping row with missing video_id
[2025-12-20T20:18:12.061+0000] {data_loading.py:22} WARNING - Skipping row with missing video_id
[2025-12-20T20:18:12.061+0000] {data_loading.py:22} WARNING - Skipping row with missing video_id
[2025-12-20T20:18:12.062+0000] {data_loading.py:22} WARNING - Skipping row with missing video_id
[2025-12-20T20:18:12.062+0000] {data_loading.py:22} WARNING - Skipping row with missing video_id
[2025-12-20T20:18:12.063+0000] {data_loading.py:22} WARNING - Skipping row with missing video_id
[2025-12-20T20:18:12.063+0000] {data_loading.py:22} WARNING - Skipping row with missing video_id
[2025-12-20T20:18:12.064+0000] {data_loading.py:22} WARNING - Skipping row with missing video_id
[2025-12-20T20:18:12.065+0000] {data_loading.py:22} WARNING - Skipping row with missing video_id
[2025-12-20T20:18:12.066+0000] {data_loading.py:22} WARNING - Skipping row with missing video_id
[2025-12-20T20:18:12.067+0000] {data_loading.py:22} WARNING - Skipping row with missing video_id
[2025-12-20T20:18:12.067+0000] {data_loading.py:22} WARNING - Skipping row with missing video_id
[2025-12-20T20:18:12.068+0000] {data_loading.py:22} WARNING - Skipping row with missing video_id
[2025-12-20T20:18:12.069+0000] {data_loading.py:22} WARNING - Skipping row with missing video_id
[2025-12-20T20:18:12.070+0000] {data_loading.py:22} WARNING - Skipping row with missing video_id
[2025-12-20T20:18:12.070+0000] {data_loading.py:22} WARNING - Skipping row with missing video_id
[2025-12-20T20:18:12.071+0000] {data_loading.py:22} WARNING - Skipping row with missing video_id
[2025-12-20T20:18:12.072+0000] {data_loading.py:22} WARNING - Skipping row with missing video_id
[2025-12-20T20:18:12.072+0000] {data_loading.py:22} WARNING - Skipping row with missing video_id
[2025-12-20T20:18:12.073+0000] {data_loading.py:22} WARNING - Skipping row with missing video_id
[2025-12-20T20:18:12.074+0000] {data_loading.py:22} WARNING - Skipping row with missing video_id
[2025-12-20T20:18:12.075+0000] {data_loading.py:22} WARNING - Skipping row with missing video_id
[2025-12-20T20:18:12.075+0000] {data_loading.py:22} WARNING - Skipping row with missing video_id
[2025-12-20T20:18:12.076+0000] {data_loading.py:22} WARNING - Skipping row with missing video_id
[2025-12-20T20:18:12.076+0000] {data_loading.py:22} WARNING - Skipping row with missing video_id
[2025-12-20T20:18:12.077+0000] {data_loading.py:22} WARNING - Skipping row with missing video_id
[2025-12-20T20:18:12.077+0000] {data_loading.py:22} WARNING - Skipping row with missing video_id
[2025-12-20T20:18:12.078+0000] {data_loading.py:22} WARNING - Skipping row with missing video_id
[2025-12-20T20:18:12.078+0000] {data_loading.py:22} WARNING - Skipping row with missing video_id
[2025-12-20T20:18:12.079+0000] {data_loading.py:22} WARNING - Skipping row with missing video_id
[2025-12-20T20:18:12.079+0000] {data_loading.py:22} WARNING - Skipping row with missing video_id
[2025-12-20T20:18:12.080+0000] {data_loading.py:22} WARNING - Skipping row with missing video_id
[2025-12-20T20:18:12.080+0000] {data_loading.py:22} WARNING - Skipping row with missing video_id
[2025-12-20T20:18:12.081+0000] {data_loading.py:22} WARNING - Skipping row with missing video_id
[2025-12-20T20:18:12.081+0000] {data_loading.py:22} WARNING - Skipping row with missing video_id
[2025-12-20T20:18:12.082+0000] {data_loading.py:22} WARNING - Skipping row with missing video_id
[2025-12-20T20:18:12.082+0000] {data_loading.py:22} WARNING - Skipping row with missing video_id
[2025-12-20T20:18:12.083+0000] {data_loading.py:22} WARNING - Skipping row with missing video_id
[2025-12-20T20:18:12.084+0000] {data_loading.py:22} WARNING - Skipping row with missing video_id
[2025-12-20T20:18:12.085+0000] {data_loading.py:22} WARNING - Skipping row with missing video_id
[2025-12-20T20:18:12.085+0000] {data_loading.py:22} WARNING - Skipping row with missing video_id
[2025-12-20T20:18:12.086+0000] {data_loading.py:22} WARNING - Skipping row with missing video_id
[2025-12-20T20:18:12.087+0000] {data_loading.py:22} WARNING - Skipping row with missing video_id
[2025-12-20T20:18:12.088+0000] {data_loading.py:22} WARNING - Skipping row with missing video_id
[2025-12-20T20:18:12.089+0000] {data_loading.py:22} WARNING - Skipping row with missing video_id
[2025-12-20T20:18:12.089+0000] {data_loading.py:22} WARNING - Skipping row with missing video_id
[2025-12-20T20:18:12.090+0000] {data_loading.py:22} WARNING - Skipping row with missing video_id
[2025-12-20T20:18:12.091+0000] {data_loading.py:22} WARNING - Skipping row with missing video_id
[2025-12-20T20:18:12.091+0000] {data_loading.py:22} WARNING - Skipping row with missing video_id
[2025-12-20T20:18:12.092+0000] {data_loading.py:22} WARNING - Skipping row with missing video_id
[2025-12-20T20:18:12.093+0000] {data_loading.py:22} WARNING - Skipping row with missing video_id
[2025-12-20T20:18:12.093+0000] {data_loading.py:22} WARNING - Skipping row with missing video_id
[2025-12-20T20:18:12.094+0000] {data_loading.py:22} WARNING - Skipping row with missing video_id
[2025-12-20T20:18:12.095+0000] {data_loading.py:22} WARNING - Skipping row with missing video_id
[2025-12-20T20:18:12.095+0000] {data_loading.py:22} WARNING - Skipping row with missing video_id
[2025-12-20T20:18:12.096+0000] {data_loading.py:22} WARNING - Skipping row with missing video_id
[2025-12-20T20:18:12.097+0000] {data_loading.py:22} WARNING - Skipping row with missing video_id
[2025-12-20T20:18:12.097+0000] {data_loading.py:22} WARNING - Skipping row with missing video_id
[2025-12-20T20:18:12.098+0000] {data_loading.py:22} WARNING - Skipping row with missing video_id
[2025-12-20T20:18:12.099+0000] {data_loading.py:22} WARNING - Skipping row with missing video_id
[2025-12-20T20:18:12.099+0000] {data_loading.py:22} WARNING - Skipping row with missing video_id
[2025-12-20T20:18:12.100+0000] {data_loading.py:22} WARNING - Skipping row with missing video_id
[2025-12-20T20:18:12.101+0000] {data_loading.py:22} WARNING - Skipping row with missing video_id
[2025-12-20T20:18:12.101+0000] {data_loading.py:22} WARNING - Skipping row with missing video_id
[2025-12-20T20:18:12.102+0000] {data_loading.py:22} WARNING - Skipping row with missing video_id
[2025-12-20T20:18:12.103+0000] {data_loading.py:22} WARNING - Skipping row with missing video_id
[2025-12-20T20:18:12.105+0000] {data_loading.py:22} WARNING - Skipping row with missing video_id
[2025-12-20T20:18:12.105+0000] {data_loading.py:22} WARNING - Skipping row with missing video_id
[2025-12-20T20:18:12.106+0000] {data_loading.py:22} WARNING - Skipping row with missing video_id
[2025-12-20T20:18:12.107+0000] {data_loading.py:22} WARNING - Skipping row with missing video_id
[2025-12-20T20:18:12.107+0000] {data_loading.py:22} WARNING - Skipping row with missing video_id
[2025-12-20T20:18:12.108+0000] {data_loading.py:22} WARNING - Skipping row with missing video_id
[2025-12-20T20:18:12.108+0000] {data_loading.py:22} WARNING - Skipping row with missing video_id
[2025-12-20T20:18:12.109+0000] {data_loading.py:22} WARNING - Skipping row with missing video_id
[2025-12-20T20:18:12.110+0000] {data_loading.py:22} WARNING - Skipping row with missing video_id
[2025-12-20T20:18:12.111+0000] {data_loading.py:22} WARNING - Skipping row with missing video_id
[2025-12-20T20:18:12.111+0000] {data_loading.py:22} WARNING - Skipping row with missing video_id
[2025-12-20T20:18:12.112+0000] {data_loading.py:22} WARNING - Skipping row with missing video_id
[2025-12-20T20:18:12.113+0000] {data_loading.py:22} WARNING - Skipping row with missing video_id
[2025-12-20T20:18:12.113+0000] {data_loading.py:22} WARNING - Skipping row with missing video_id
[2025-12-20T20:18:12.114+0000] {data_loading.py:22} WARNING - Skipping row with missing video_id
[2025-12-20T20:18:12.114+0000] {data_loading.py:22} WARNING - Skipping row with missing video_id
[2025-12-20T20:18:12.115+0000] {data_loading.py:22} WARNING - Skipping row with missing video_id
[2025-12-20T20:18:12.116+0000] {data_loading.py:22} WARNING - Skipping row with missing video_id
[2025-12-20T20:18:12.116+0000] {data_loading.py:22} WARNING - Skipping row with missing video_id
[2025-12-20T20:18:12.117+0000] {data_loading.py:22} WARNING - Skipping row with missing video_id
[2025-12-20T20:18:12.118+0000] {data_loading.py:22} WARNING - Skipping row with missing video_id
[2025-12-20T20:18:12.119+0000] {data_loading.py:22} WARNING - Skipping row with missing video_id
[2025-12-20T20:18:12.120+0000] {data_loading.py:22} WARNING - Skipping row with missing video_id
[2025-12-20T20:18:12.121+0000] {data_loading.py:22} WARNING - Skipping row with missing video_id
[2025-12-20T20:18:12.122+0000] {data_loading.py:22} WARNING - Skipping row with missing video_id
[2025-12-20T20:18:12.122+0000] {data_loading.py:22} WARNING - Skipping row with missing video_id
[2025-12-20T20:18:12.123+0000] {data_loading.py:22} WARNING - Skipping row with missing video_id
[2025-12-20T20:18:12.124+0000] {data_loading.py:22} WARNING - Skipping row with missing video_id
[2025-12-20T20:18:12.125+0000] {data_loading.py:22} WARNING - Skipping row with missing video_id
[2025-12-20T20:18:12.126+0000] {data_loading.py:22} WARNING - Skipping row with missing video_id
[2025-12-20T20:18:12.127+0000] {data_loading.py:22} WARNING - Skipping row with missing video_id
[2025-12-20T20:18:12.127+0000] {data_loading.py:22} WARNING - Skipping row with missing video_id
[2025-12-20T20:18:12.128+0000] {data_loading.py:22} WARNING - Skipping row with missing video_id
[2025-12-20T20:18:12.128+0000] {data_loading.py:22} WARNING - Skipping row with missing video_id
[2025-12-20T20:18:12.129+0000] {data_loading.py:22} WARNING - Skipping row with missing video_id
[2025-12-20T20:18:12.131+0000] {data_loading.py:22} WARNING - Skipping row with missing video_id
[2025-12-20T20:18:12.131+0000] {data_loading.py:22} WARNING - Skipping row with missing video_id
[2025-12-20T20:18:12.132+0000] {data_loading.py:22} WARNING - Skipping row with missing video_id
[2025-12-20T20:18:12.133+0000] {data_loading.py:22} WARNING - Skipping row with missing video_id
[2025-12-20T20:18:12.133+0000] {data_loading.py:22} WARNING - Skipping row with missing video_id
[2025-12-20T20:18:12.134+0000] {data_loading.py:22} WARNING - Skipping row with missing video_id
[2025-12-20T20:18:12.135+0000] {data_loading.py:22} WARNING - Skipping row with missing video_id
[2025-12-20T20:18:12.136+0000] {data_loading.py:22} WARNING - Skipping row with missing video_id
[2025-12-20T20:18:12.137+0000] {data_loading.py:22} WARNING - Skipping row with missing video_id
[2025-12-20T20:18:12.138+0000] {data_loading.py:22} WARNING - Skipping row with missing video_id
[2025-12-20T20:18:12.139+0000] {data_loading.py:22} WARNING - Skipping row with missing video_id
[2025-12-20T20:18:12.139+0000] {data_loading.py:22} WARNING - Skipping row with missing video_id
[2025-12-20T20:18:12.140+0000] {data_loading.py:22} WARNING - Skipping row with missing video_id
[2025-12-20T20:18:12.141+0000] {data_loading.py:22} WARNING - Skipping row with missing video_id
[2025-12-20T20:18:12.142+0000] {data_loading.py:22} WARNING - Skipping row with missing video_id
[2025-12-20T20:18:12.142+0000] {data_loading.py:22} WARNING - Skipping row with missing video_id
[2025-12-20T20:18:12.143+0000] {data_loading.py:22} WARNING - Skipping row with missing video_id
[2025-12-20T20:18:12.143+0000] {data_loading.py:22} WARNING - Skipping row with missing video_id
[2025-12-20T20:18:12.144+0000] {data_loading.py:22} WARNING - Skipping row with missing video_id
[2025-12-20T20:18:12.145+0000] {data_loading.py:22} WARNING - Skipping row with missing video_id
[2025-12-20T20:18:12.145+0000] {data_loading.py:22} WARNING - Skipping row with missing video_id
[2025-12-20T20:18:12.146+0000] {data_loading.py:22} WARNING - Skipping row with missing video_id
[2025-12-20T20:18:12.146+0000] {data_loading.py:22} WARNING - Skipping row with missing video_id
[2025-12-20T20:18:12.147+0000] {data_loading.py:22} WARNING - Skipping row with missing video_id
[2025-12-20T20:18:12.148+0000] {data_loading.py:22} WARNING - Skipping row with missing video_id
[2025-12-20T20:18:12.148+0000] {data_loading.py:22} WARNING - Skipping row with missing video_id
[2025-12-20T20:18:12.149+0000] {data_loading.py:22} WARNING - Skipping row with missing video_id
[2025-12-20T20:18:12.150+0000] {data_loading.py:22} WARNING - Skipping row with missing video_id
[2025-12-20T20:18:12.150+0000] {data_loading.py:22} WARNING - Skipping row with missing video_id
[2025-12-20T20:18:12.151+0000] {data_loading.py:22} WARNING - Skipping row with missing video_id
[2025-12-20T20:18:12.151+0000] {data_loading.py:22} WARNING - Skipping row with missing video_id
[2025-12-20T20:18:12.152+0000] {data_loading.py:22} WARNING - Skipping row with missing video_id
[2025-12-20T20:18:12.153+0000] {data_loading.py:22} WARNING - Skipping row with missing video_id
[2025-12-20T20:18:12.154+0000] {data_loading.py:22} WARNING - Skipping row with missing video_id
[2025-12-20T20:18:12.155+0000] {data_loading.py:22} WARNING - Skipping row with missing video_id
[2025-12-20T20:18:12.156+0000] {data_loading.py:22} WARNING - Skipping row with missing video_id
[2025-12-20T20:18:12.157+0000] {data_loading.py:22} WARNING - Skipping row with missing video_id
[2025-12-20T20:18:12.158+0000] {data_loading.py:22} WARNING - Skipping row with missing video_id
[2025-12-20T20:18:12.158+0000] {data_loading.py:22} WARNING - Skipping row with missing video_id
[2025-12-20T20:18:12.159+0000] {data_loading.py:22} WARNING - Skipping row with missing video_id
[2025-12-20T20:18:12.160+0000] {data_loading.py:22} WARNING - Skipping row with missing video_id
[2025-12-20T20:18:12.161+0000] {data_loading.py:22} WARNING - Skipping row with missing video_id
[2025-12-20T20:18:12.162+0000] {data_loading.py:22} WARNING - Skipping row with missing video_id
[2025-12-20T20:18:12.162+0000] {data_loading.py:22} WARNING - Skipping row with missing video_id
[2025-12-20T20:18:12.163+0000] {data_loading.py:22} WARNING - Skipping row with missing video_id
[2025-12-20T20:18:12.163+0000] {data_loading.py:22} WARNING - Skipping row with missing video_id
[2025-12-20T20:18:12.164+0000] {data_loading.py:22} WARNING - Skipping row with missing video_id
[2025-12-20T20:18:12.165+0000] {data_loading.py:22} WARNING - Skipping row with missing video_id
[2025-12-20T20:18:12.165+0000] {data_loading.py:22} WARNING - Skipping row with missing video_id
[2025-12-20T20:18:12.166+0000] {data_loading.py:22} WARNING - Skipping row with missing video_id
[2025-12-20T20:18:12.166+0000] {data_loading.py:22} WARNING - Skipping row with missing video_id
[2025-12-20T20:18:12.167+0000] {data_loading.py:22} WARNING - Skipping row with missing video_id
[2025-12-20T20:18:12.168+0000] {data_loading.py:22} WARNING - Skipping row with missing video_id
[2025-12-20T20:18:12.169+0000] {data_loading.py:22} WARNING - Skipping row with missing video_id
[2025-12-20T20:18:12.169+0000] {data_loading.py:22} WARNING - Skipping row with missing video_id
[2025-12-20T20:18:12.170+0000] {data_loading.py:22} WARNING - Skipping row with missing video_id
[2025-12-20T20:18:12.171+0000] {data_loading.py:22} WARNING - Skipping row with missing video_id
[2025-12-20T20:18:12.172+0000] {data_loading.py:22} WARNING - Skipping row with missing video_id
[2025-12-20T20:18:12.172+0000] {data_loading.py:22} WARNING - Skipping row with missing video_id
[2025-12-20T20:18:12.173+0000] {data_loading.py:22} WARNING - Skipping row with missing video_id
[2025-12-20T20:18:12.174+0000] {data_loading.py:22} WARNING - Skipping row with missing video_id
[2025-12-20T20:18:12.174+0000] {data_loading.py:22} WARNING - Skipping row with missing video_id
[2025-12-20T20:18:12.175+0000] {data_loading.py:22} WARNING - Skipping row with missing video_id
[2025-12-20T20:18:12.176+0000] {data_loading.py:22} WARNING - Skipping row with missing video_id
[2025-12-20T20:18:12.176+0000] {data_loading.py:22} WARNING - Skipping row with missing video_id
[2025-12-20T20:18:12.177+0000] {data_loading.py:22} WARNING - Skipping row with missing video_id
[2025-12-20T20:18:12.178+0000] {data_loading.py:22} WARNING - Skipping row with missing video_id
[2025-12-20T20:18:12.178+0000] {data_loading.py:22} WARNING - Skipping row with missing video_id
[2025-12-20T20:18:12.180+0000] {data_loading.py:22} WARNING - Skipping row with missing video_id
[2025-12-20T20:18:12.180+0000] {data_loading.py:22} WARNING - Skipping row with missing video_id
[2025-12-20T20:18:12.181+0000] {data_loading.py:22} WARNING - Skipping row with missing video_id
[2025-12-20T20:18:12.182+0000] {data_loading.py:22} WARNING - Skipping row with missing video_id
[2025-12-20T20:18:12.183+0000] {data_loading.py:22} WARNING - Skipping row with missing video_id
[2025-12-20T20:18:12.183+0000] {data_loading.py:22} WARNING - Skipping row with missing video_id
[2025-12-20T20:18:12.184+0000] {data_loading.py:22} WARNING - Skipping row with missing video_id
[2025-12-20T20:18:12.185+0000] {data_loading.py:22} WARNING - Skipping row with missing video_id
[2025-12-20T20:18:12.185+0000] {data_loading.py:22} WARNING - Skipping row with missing video_id
[2025-12-20T20:18:12.186+0000] {data_loading.py:22} WARNING - Skipping row with missing video_id
[2025-12-20T20:18:12.187+0000] {data_loading.py:22} WARNING - Skipping row with missing video_id
[2025-12-20T20:18:12.188+0000] {data_loading.py:22} WARNING - Skipping row with missing video_id
[2025-12-20T20:18:12.188+0000] {data_loading.py:22} WARNING - Skipping row with missing video_id
[2025-12-20T20:18:12.189+0000] {data_loading.py:22} WARNING - Skipping row with missing video_id
[2025-12-20T20:18:12.190+0000] {data_loading.py:22} WARNING - Skipping row with missing video_id
[2025-12-20T20:18:12.190+0000] {data_loading.py:22} WARNING - Skipping row with missing video_id
[2025-12-20T20:18:12.191+0000] {data_loading.py:22} WARNING - Skipping row with missing video_id
[2025-12-20T20:18:12.192+0000] {data_loading.py:22} WARNING - Skipping row with missing video_id
[2025-12-20T20:18:12.193+0000] {data_loading.py:22} WARNING - Skipping row with missing video_id
[2025-12-20T20:18:12.193+0000] {data_loading.py:22} WARNING - Skipping row with missing video_id
[2025-12-20T20:18:12.194+0000] {data_loading.py:22} WARNING - Skipping row with missing video_id
[2025-12-20T20:18:12.195+0000] {data_loading.py:22} WARNING - Skipping row with missing video_id
[2025-12-20T20:18:12.196+0000] {data_loading.py:22} WARNING - Skipping row with missing video_id
[2025-12-20T20:18:12.196+0000] {data_loading.py:22} WARNING - Skipping row with missing video_id
[2025-12-20T20:18:12.200+0000] {data_loading.py:22} WARNING - Skipping row with missing video_id
[2025-12-20T20:18:12.201+0000] {data_loading.py:22} WARNING - Skipping row with missing video_id
[2025-12-20T20:18:12.202+0000] {data_loading.py:22} WARNING - Skipping row with missing video_id
[2025-12-20T20:18:12.203+0000] {data_loading.py:22} WARNING - Skipping row with missing video_id
[2025-12-20T20:18:12.203+0000] {data_loading.py:22} WARNING - Skipping row with missing video_id
[2025-12-20T20:18:12.204+0000] {data_loading.py:22} WARNING - Skipping row with missing video_id
[2025-12-20T20:18:12.204+0000] {data_loading.py:22} WARNING - Skipping row with missing video_id
[2025-12-20T20:18:12.205+0000] {data_loading.py:22} WARNING - Skipping row with missing video_id
[2025-12-20T20:18:12.205+0000] {data_loading.py:22} WARNING - Skipping row with missing video_id
[2025-12-20T20:18:12.206+0000] {data_loading.py:22} WARNING - Skipping row with missing video_id
[2025-12-20T20:18:12.207+0000] {data_loading.py:22} WARNING - Skipping row with missing video_id
[2025-12-20T20:18:12.207+0000] {data_loading.py:22} WARNING - Skipping row with missing video_id
[2025-12-20T20:18:12.208+0000] {data_loading.py:22} WARNING - Skipping row with missing video_id
[2025-12-20T20:18:12.208+0000] {data_loading.py:22} WARNING - Skipping row with missing video_id
[2025-12-20T20:18:12.209+0000] {data_loading.py:22} WARNING - Skipping row with missing video_id
[2025-12-20T20:18:12.209+0000] {data_loading.py:22} WARNING - Skipping row with missing video_id
[2025-12-20T20:18:12.210+0000] {data_loading.py:22} WARNING - Skipping row with missing video_id
[2025-12-20T20:18:12.210+0000] {data_loading.py:22} WARNING - Skipping row with missing video_id
[2025-12-20T20:18:12.211+0000] {data_loading.py:22} WARNING - Skipping row with missing video_id
[2025-12-20T20:18:12.211+0000] {data_loading.py:22} WARNING - Skipping row with missing video_id
[2025-12-20T20:18:12.212+0000] {data_loading.py:22} WARNING - Skipping row with missing video_id
[2025-12-20T20:18:12.213+0000] {data_loading.py:22} WARNING - Skipping row with missing video_id
[2025-12-20T20:18:12.213+0000] {data_loading.py:22} WARNING - Skipping row with missing video_id
[2025-12-20T20:18:12.214+0000] {data_loading.py:22} WARNING - Skipping row with missing video_id
[2025-12-20T20:18:12.214+0000] {data_loading.py:22} WARNING - Skipping row with missing video_id
[2025-12-20T20:18:12.215+0000] {data_loading.py:22} WARNING - Skipping row with missing video_id
[2025-12-20T20:18:12.216+0000] {data_loading.py:22} WARNING - Skipping row with missing video_id
[2025-12-20T20:18:12.217+0000] {data_loading.py:22} WARNING - Skipping row with missing video_id
[2025-12-20T20:18:12.217+0000] {data_loading.py:22} WARNING - Skipping row with missing video_id
[2025-12-20T20:18:12.218+0000] {data_loading.py:22} WARNING - Skipping row with missing video_id
[2025-12-20T20:18:12.219+0000] {data_loading.py:22} WARNING - Skipping row with missing video_id
[2025-12-20T20:18:12.220+0000] {data_loading.py:22} WARNING - Skipping row with missing video_id
[2025-12-20T20:18:12.221+0000] {data_loading.py:22} WARNING - Skipping row with missing video_id
[2025-12-20T20:18:12.223+0000] {data_loading.py:22} WARNING - Skipping row with missing video_id
[2025-12-20T20:18:12.224+0000] {data_loading.py:22} WARNING - Skipping row with missing video_id
[2025-12-20T20:18:12.225+0000] {data_loading.py:22} WARNING - Skipping row with missing video_id
[2025-12-20T20:18:12.226+0000] {data_loading.py:22} WARNING - Skipping row with missing video_id
[2025-12-20T20:18:12.227+0000] {data_loading.py:22} WARNING - Skipping row with missing video_id
[2025-12-20T20:18:12.228+0000] {data_loading.py:22} WARNING - Skipping row with missing video_id
[2025-12-20T20:18:12.229+0000] {data_loading.py:22} WARNING - Skipping row with missing video_id
[2025-12-20T20:18:12.230+0000] {data_loading.py:22} WARNING - Skipping row with missing video_id
[2025-12-20T20:18:12.231+0000] {data_loading.py:22} WARNING - Skipping row with missing video_id
[2025-12-20T20:18:12.231+0000] {data_loading.py:22} WARNING - Skipping row with missing video_id
[2025-12-20T20:18:12.232+0000] {data_loading.py:22} WARNING - Skipping row with missing video_id
[2025-12-20T20:18:12.233+0000] {data_loading.py:22} WARNING - Skipping row with missing video_id
[2025-12-20T20:18:12.233+0000] {data_loading.py:22} WARNING - Skipping row with missing video_id
[2025-12-20T20:18:12.234+0000] {data_loading.py:22} WARNING - Skipping row with missing video_id
[2025-12-20T20:18:12.234+0000] {data_loading.py:22} WARNING - Skipping row with missing video_id
[2025-12-20T20:18:12.235+0000] {data_loading.py:22} WARNING - Skipping row with missing video_id
[2025-12-20T20:18:12.236+0000] {data_loading.py:22} WARNING - Skipping row with missing video_id
[2025-12-20T20:18:12.237+0000] {data_loading.py:22} WARNING - Skipping row with missing video_id
[2025-12-20T20:18:12.238+0000] {data_loading.py:22} WARNING - Skipping row with missing video_id
[2025-12-20T20:18:12.238+0000] {data_loading.py:22} WARNING - Skipping row with missing video_id
[2025-12-20T20:18:12.239+0000] {data_loading.py:22} WARNING - Skipping row with missing video_id
[2025-12-20T20:18:12.240+0000] {data_loading.py:22} WARNING - Skipping row with missing video_id
[2025-12-20T20:18:12.241+0000] {data_loading.py:22} WARNING - Skipping row with missing video_id
[2025-12-20T20:18:12.241+0000] {data_loading.py:22} WARNING - Skipping row with missing video_id
[2025-12-20T20:18:12.242+0000] {data_loading.py:22} WARNING - Skipping row with missing video_id
[2025-12-20T20:18:12.243+0000] {data_loading.py:22} WARNING - Skipping row with missing video_id
[2025-12-20T20:18:12.244+0000] {data_loading.py:22} WARNING - Skipping row with missing video_id
[2025-12-20T20:18:12.245+0000] {data_loading.py:22} WARNING - Skipping row with missing video_id
[2025-12-20T20:18:12.245+0000] {data_loading.py:22} WARNING - Skipping row with missing video_id
[2025-12-20T20:18:12.246+0000] {data_loading.py:22} WARNING - Skipping row with missing video_id
[2025-12-20T20:18:12.247+0000] {data_loading.py:22} WARNING - Skipping row with missing video_id
[2025-12-20T20:18:12.248+0000] {data_loading.py:22} WARNING - Skipping row with missing video_id
[2025-12-20T20:18:12.249+0000] {data_loading.py:22} WARNING - Skipping row with missing video_id
[2025-12-20T20:18:12.250+0000] {data_loading.py:22} WARNING - Skipping row with missing video_id
[2025-12-20T20:18:12.251+0000] {data_loading.py:22} WARNING - Skipping row with missing video_id
[2025-12-20T20:18:12.251+0000] {data_loading.py:22} WARNING - Skipping row with missing video_id
[2025-12-20T20:18:12.252+0000] {data_loading.py:22} WARNING - Skipping row with missing video_id
[2025-12-20T20:18:12.253+0000] {data_loading.py:22} WARNING - Skipping row with missing video_id
[2025-12-20T20:18:12.254+0000] {data_loading.py:22} WARNING - Skipping row with missing video_id
[2025-12-20T20:18:12.254+0000] {data_loading.py:22} WARNING - Skipping row with missing video_id
[2025-12-20T20:18:12.255+0000] {data_loading.py:22} WARNING - Skipping row with missing video_id
[2025-12-20T20:18:12.255+0000] {data_loading.py:22} WARNING - Skipping row with missing video_id
[2025-12-20T20:18:12.256+0000] {data_loading.py:22} WARNING - Skipping row with missing video_id
[2025-12-20T20:18:12.256+0000] {data_loading.py:22} WARNING - Skipping row with missing video_id
[2025-12-20T20:18:12.257+0000] {data_loading.py:22} WARNING - Skipping row with missing video_id
[2025-12-20T20:18:12.257+0000] {data_loading.py:22} WARNING - Skipping row with missing video_id
[2025-12-20T20:18:12.257+0000] {data_loading.py:22} WARNING - Skipping row with missing video_id
[2025-12-20T20:18:12.258+0000] {data_loading.py:22} WARNING - Skipping row with missing video_id
[2025-12-20T20:18:12.258+0000] {data_loading.py:22} WARNING - Skipping row with missing video_id
[2025-12-20T20:18:12.259+0000] {data_loading.py:22} WARNING - Skipping row with missing video_id
[2025-12-20T20:18:12.259+0000] {data_loading.py:22} WARNING - Skipping row with missing video_id
[2025-12-20T20:18:12.260+0000] {data_loading.py:22} WARNING - Skipping row with missing video_id
[2025-12-20T20:18:12.261+0000] {data_loading.py:22} WARNING - Skipping row with missing video_id
[2025-12-20T20:18:12.261+0000] {data_loading.py:22} WARNING - Skipping row with missing video_id
[2025-12-20T20:18:12.262+0000] {data_loading.py:22} WARNING - Skipping row with missing video_id
[2025-12-20T20:18:12.262+0000] {data_loading.py:22} WARNING - Skipping row with missing video_id
[2025-12-20T20:18:12.263+0000] {data_loading.py:22} WARNING - Skipping row with missing video_id
[2025-12-20T20:18:12.264+0000] {data_loading.py:22} WARNING - Skipping row with missing video_id
[2025-12-20T20:18:12.264+0000] {data_loading.py:22} WARNING - Skipping row with missing video_id
[2025-12-20T20:18:12.265+0000] {data_loading.py:22} WARNING - Skipping row with missing video_id
[2025-12-20T20:18:12.265+0000] {data_loading.py:22} WARNING - Skipping row with missing video_id
[2025-12-20T20:18:12.266+0000] {data_loading.py:22} WARNING - Skipping row with missing video_id
[2025-12-20T20:18:12.266+0000] {data_loading.py:22} WARNING - Skipping row with missing video_id
[2025-12-20T20:18:12.267+0000] {data_loading.py:22} WARNING - Skipping row with missing video_id
[2025-12-20T20:18:12.267+0000] {data_loading.py:22} WARNING - Skipping row with missing video_id
[2025-12-20T20:18:12.268+0000] {data_loading.py:22} WARNING - Skipping row with missing video_id
[2025-12-20T20:18:12.268+0000] {data_loading.py:22} WARNING - Skipping row with missing video_id
[2025-12-20T20:18:12.269+0000] {data_loading.py:22} WARNING - Skipping row with missing video_id
[2025-12-20T20:18:12.269+0000] {data_loading.py:22} WARNING - Skipping row with missing video_id
[2025-12-20T20:18:12.270+0000] {data_loading.py:22} WARNING - Skipping row with missing video_id
[2025-12-20T20:18:12.270+0000] {data_loading.py:22} WARNING - Skipping row with missing video_id
[2025-12-20T20:18:12.270+0000] {data_loading.py:22} WARNING - Skipping row with missing video_id
[2025-12-20T20:18:12.271+0000] {data_loading.py:22} WARNING - Skipping row with missing video_id
[2025-12-20T20:18:12.271+0000] {data_loading.py:22} WARNING - Skipping row with missing video_id
[2025-12-20T20:18:12.272+0000] {data_loading.py:22} WARNING - Skipping row with missing video_id
[2025-12-20T20:18:12.272+0000] {data_loading.py:22} WARNING - Skipping row with missing video_id
[2025-12-20T20:18:12.273+0000] {data_loading.py:22} WARNING - Skipping row with missing video_id
[2025-12-20T20:18:12.273+0000] {data_loading.py:22} WARNING - Skipping row with missing video_id
[2025-12-20T20:18:12.274+0000] {data_loading.py:22} WARNING - Skipping row with missing video_id
[2025-12-20T20:18:12.274+0000] {data_loading.py:22} WARNING - Skipping row with missing video_id
[2025-12-20T20:18:12.275+0000] {data_loading.py:22} WARNING - Skipping row with missing video_id
[2025-12-20T20:18:12.276+0000] {data_loading.py:22} WARNING - Skipping row with missing video_id
[2025-12-20T20:18:12.277+0000] {data_loading.py:22} WARNING - Skipping row with missing video_id
[2025-12-20T20:18:12.278+0000] {data_loading.py:22} WARNING - Skipping row with missing video_id
[2025-12-20T20:18:12.279+0000] {data_loading.py:22} WARNING - Skipping row with missing video_id
[2025-12-20T20:18:12.279+0000] {data_loading.py:22} WARNING - Skipping row with missing video_id
[2025-12-20T20:18:12.280+0000] {data_loading.py:22} WARNING - Skipping row with missing video_id
[2025-12-20T20:18:12.280+0000] {data_loading.py:22} WARNING - Skipping row with missing video_id
[2025-12-20T20:18:12.281+0000] {data_loading.py:22} WARNING - Skipping row with missing video_id
[2025-12-20T20:18:12.281+0000] {data_loading.py:22} WARNING - Skipping row with missing video_id
[2025-12-20T20:18:12.282+0000] {data_loading.py:22} WARNING - Skipping row with missing video_id
[2025-12-20T20:18:12.282+0000] {data_loading.py:22} WARNING - Skipping row with missing video_id
[2025-12-20T20:18:12.283+0000] {data_loading.py:22} WARNING - Skipping row with missing video_id
[2025-12-20T20:18:12.283+0000] {data_loading.py:22} WARNING - Skipping row with missing video_id
[2025-12-20T20:18:12.284+0000] {data_loading.py:22} WARNING - Skipping row with missing video_id
[2025-12-20T20:18:12.284+0000] {data_loading.py:22} WARNING - Skipping row with missing video_id
[2025-12-20T20:18:12.285+0000] {data_loading.py:22} WARNING - Skipping row with missing video_id
[2025-12-20T20:18:12.285+0000] {data_loading.py:22} WARNING - Skipping row with missing video_id
[2025-12-20T20:18:12.286+0000] {data_loading.py:22} WARNING - Skipping row with missing video_id
[2025-12-20T20:18:12.286+0000] {data_loading.py:22} WARNING - Skipping row with missing video_id
[2025-12-20T20:18:12.286+0000] {data_loading.py:22} WARNING - Skipping row with missing video_id
[2025-12-20T20:18:12.287+0000] {data_loading.py:22} WARNING - Skipping row with missing video_id
[2025-12-20T20:18:12.287+0000] {data_loading.py:22} WARNING - Skipping row with missing video_id
[2025-12-20T20:18:12.288+0000] {data_loading.py:22} WARNING - Skipping row with missing video_id
[2025-12-20T20:18:12.288+0000] {data_loading.py:22} WARNING - Skipping row with missing video_id
[2025-12-20T20:18:12.289+0000] {data_loading.py:22} WARNING - Skipping row with missing video_id
[2025-12-20T20:18:12.289+0000] {data_loading.py:22} WARNING - Skipping row with missing video_id
[2025-12-20T20:18:12.290+0000] {data_loading.py:22} WARNING - Skipping row with missing video_id
[2025-12-20T20:18:12.290+0000] {data_loading.py:22} WARNING - Skipping row with missing video_id
[2025-12-20T20:18:12.291+0000] {data_loading.py:22} WARNING - Skipping row with missing video_id
[2025-12-20T20:18:12.292+0000] {data_loading.py:22} WARNING - Skipping row with missing video_id
[2025-12-20T20:18:12.292+0000] {data_loading.py:22} WARNING - Skipping row with missing video_id
[2025-12-20T20:18:12.293+0000] {data_loading.py:22} WARNING - Skipping row with missing video_id
[2025-12-20T20:18:12.293+0000] {data_loading.py:22} WARNING - Skipping row with missing video_id
[2025-12-20T20:18:12.294+0000] {data_loading.py:22} WARNING - Skipping row with missing video_id
[2025-12-20T20:18:12.295+0000] {data_loading.py:22} WARNING - Skipping row with missing video_id
[2025-12-20T20:18:12.295+0000] {data_loading.py:22} WARNING - Skipping row with missing video_id
[2025-12-20T20:18:12.296+0000] {data_loading.py:22} WARNING - Skipping row with missing video_id
[2025-12-20T20:18:12.296+0000] {data_loading.py:22} WARNING - Skipping row with missing video_id
[2025-12-20T20:18:12.296+0000] {data_loading.py:22} WARNING - Skipping row with missing video_id
[2025-12-20T20:18:12.297+0000] {data_loading.py:22} WARNING - Skipping row with missing video_id
[2025-12-20T20:18:12.298+0000] {data_loading.py:22} WARNING - Skipping row with missing video_id
[2025-12-20T20:18:12.298+0000] {data_loading.py:22} WARNING - Skipping row with missing video_id
[2025-12-20T20:18:12.299+0000] {data_loading.py:22} WARNING - Skipping row with missing video_id
[2025-12-20T20:18:12.299+0000] {data_loading.py:22} WARNING - Skipping row with missing video_id
[2025-12-20T20:18:12.300+0000] {data_loading.py:22} WARNING - Skipping row with missing video_id
[2025-12-20T20:18:12.300+0000] {data_loading.py:22} WARNING - Skipping row with missing video_id
[2025-12-20T20:18:12.301+0000] {data_loading.py:22} WARNING - Skipping row with missing video_id
[2025-12-20T20:18:12.301+0000] {data_loading.py:22} WARNING - Skipping row with missing video_id
[2025-12-20T20:18:12.302+0000] {data_loading.py:22} WARNING - Skipping row with missing video_id
[2025-12-20T20:18:12.302+0000] {data_loading.py:22} WARNING - Skipping row with missing video_id
[2025-12-20T20:18:12.303+0000] {data_loading.py:22} WARNING - Skipping row with missing video_id
[2025-12-20T20:18:12.303+0000] {data_loading.py:22} WARNING - Skipping row with missing video_id
[2025-12-20T20:18:12.304+0000] {data_loading.py:22} WARNING - Skipping row with missing video_id
[2025-12-20T20:18:12.304+0000] {data_loading.py:22} WARNING - Skipping row with missing video_id
[2025-12-20T20:18:12.304+0000] {data_loading.py:22} WARNING - Skipping row with missing video_id
[2025-12-20T20:18:12.305+0000] {data_loading.py:22} WARNING - Skipping row with missing video_id
[2025-12-20T20:18:12.305+0000] {data_loading.py:22} WARNING - Skipping row with missing video_id
[2025-12-20T20:18:12.306+0000] {data_loading.py:22} WARNING - Skipping row with missing video_id
[2025-12-20T20:18:12.306+0000] {data_loading.py:22} WARNING - Skipping row with missing video_id
[2025-12-20T20:18:12.308+0000] {data_loading.py:22} WARNING - Skipping row with missing video_id
[2025-12-20T20:18:12.310+0000] {data_loading.py:22} WARNING - Skipping row with missing video_id
[2025-12-20T20:18:12.312+0000] {data_loading.py:22} WARNING - Skipping row with missing video_id
[2025-12-20T20:18:12.313+0000] {data_loading.py:22} WARNING - Skipping row with missing video_id
[2025-12-20T20:18:12.316+0000] {data_loading.py:22} WARNING - Skipping row with missing video_id
[2025-12-20T20:18:12.321+0000] {data_loading.py:22} WARNING - Skipping row with missing video_id
[2025-12-20T20:18:12.322+0000] {data_loading.py:22} WARNING - Skipping row with missing video_id
[2025-12-20T20:18:12.323+0000] {data_loading.py:22} WARNING - Skipping row with missing video_id
[2025-12-20T20:18:12.325+0000] {data_loading.py:22} WARNING - Skipping row with missing video_id
[2025-12-20T20:18:12.326+0000] {data_loading.py:22} WARNING - Skipping row with missing video_id
[2025-12-20T20:18:12.327+0000] {data_loading.py:22} WARNING - Skipping row with missing video_id
[2025-12-20T20:18:12.328+0000] {data_loading.py:22} WARNING - Skipping row with missing video_id
[2025-12-20T20:18:12.329+0000] {data_loading.py:22} WARNING - Skipping row with missing video_id
[2025-12-20T20:18:12.330+0000] {data_loading.py:22} WARNING - Skipping row with missing video_id
[2025-12-20T20:18:12.331+0000] {data_loading.py:22} WARNING - Skipping row with missing video_id
[2025-12-20T20:18:12.332+0000] {data_loading.py:22} WARNING - Skipping row with missing video_id
[2025-12-20T20:18:12.333+0000] {data_loading.py:22} WARNING - Skipping row with missing video_id
[2025-12-20T20:18:12.334+0000] {data_loading.py:22} WARNING - Skipping row with missing video_id
[2025-12-20T20:18:12.334+0000] {data_loading.py:22} WARNING - Skipping row with missing video_id
[2025-12-20T20:18:12.337+0000] {data_loading.py:22} WARNING - Skipping row with missing video_id
[2025-12-20T20:18:12.338+0000] {data_loading.py:22} WARNING - Skipping row with missing video_id
[2025-12-20T20:18:12.339+0000] {data_loading.py:22} WARNING - Skipping row with missing video_id
[2025-12-20T20:18:12.341+0000] {data_loading.py:22} WARNING - Skipping row with missing video_id
[2025-12-20T20:18:12.342+0000] {data_loading.py:22} WARNING - Skipping row with missing video_id
[2025-12-20T20:18:12.343+0000] {data_loading.py:22} WARNING - Skipping row with missing video_id
[2025-12-20T20:18:12.343+0000] {data_loading.py:22} WARNING - Skipping row with missing video_id
[2025-12-20T20:18:12.344+0000] {data_loading.py:22} WARNING - Skipping row with missing video_id
[2025-12-20T20:18:12.345+0000] {data_loading.py:22} WARNING - Skipping row with missing video_id
[2025-12-20T20:18:12.345+0000] {data_loading.py:22} WARNING - Skipping row with missing video_id
[2025-12-20T20:18:12.346+0000] {data_loading.py:22} WARNING - Skipping row with missing video_id
[2025-12-20T20:18:12.347+0000] {data_loading.py:22} WARNING - Skipping row with missing video_id
[2025-12-20T20:18:12.347+0000] {data_loading.py:22} WARNING - Skipping row with missing video_id
[2025-12-20T20:18:12.348+0000] {data_loading.py:22} WARNING - Skipping row with missing video_id
[2025-12-20T20:18:12.348+0000] {data_loading.py:22} WARNING - Skipping row with missing video_id
[2025-12-20T20:18:12.349+0000] {data_loading.py:22} WARNING - Skipping row with missing video_id
[2025-12-20T20:18:12.349+0000] {data_loading.py:22} WARNING - Skipping row with missing video_id
[2025-12-20T20:18:12.350+0000] {data_loading.py:22} WARNING - Skipping row with missing video_id
[2025-12-20T20:18:12.350+0000] {data_loading.py:22} WARNING - Skipping row with missing video_id
[2025-12-20T20:18:12.351+0000] {data_loading.py:22} WARNING - Skipping row with missing video_id
[2025-12-20T20:18:12.351+0000] {data_loading.py:22} WARNING - Skipping row with missing video_id
[2025-12-20T20:18:12.352+0000] {data_loading.py:22} WARNING - Skipping row with missing video_id
[2025-12-20T20:18:12.352+0000] {data_loading.py:22} WARNING - Skipping row with missing video_id
[2025-12-20T20:18:12.352+0000] {data_loading.py:22} WARNING - Skipping row with missing video_id
[2025-12-20T20:18:12.353+0000] {data_loading.py:22} WARNING - Skipping row with missing video_id
[2025-12-20T20:18:12.353+0000] {data_loading.py:22} WARNING - Skipping row with missing video_id
[2025-12-20T20:18:12.354+0000] {data_loading.py:22} WARNING - Skipping row with missing video_id
[2025-12-20T20:18:12.354+0000] {data_loading.py:22} WARNING - Skipping row with missing video_id
[2025-12-20T20:18:12.355+0000] {data_loading.py:22} WARNING - Skipping row with missing video_id
[2025-12-20T20:18:12.356+0000] {data_loading.py:22} WARNING - Skipping row with missing video_id
[2025-12-20T20:18:12.356+0000] {data_loading.py:22} WARNING - Skipping row with missing video_id
[2025-12-20T20:18:12.357+0000] {data_loading.py:22} WARNING - Skipping row with missing video_id
[2025-12-20T20:18:12.357+0000] {data_loading.py:22} WARNING - Skipping row with missing video_id
[2025-12-20T20:18:12.358+0000] {data_loading.py:22} WARNING - Skipping row with missing video_id
[2025-12-20T20:18:12.359+0000] {data_loading.py:22} WARNING - Skipping row with missing video_id
[2025-12-20T20:18:12.359+0000] {data_loading.py:22} WARNING - Skipping row with missing video_id
[2025-12-20T20:18:12.360+0000] {data_loading.py:22} WARNING - Skipping row with missing video_id
[2025-12-20T20:18:12.360+0000] {data_loading.py:22} WARNING - Skipping row with missing video_id
[2025-12-20T20:18:12.361+0000] {data_loading.py:22} WARNING - Skipping row with missing video_id
[2025-12-20T20:18:12.362+0000] {data_loading.py:22} WARNING - Skipping row with missing video_id
[2025-12-20T20:18:12.362+0000] {data_loading.py:22} WARNING - Skipping row with missing video_id
[2025-12-20T20:18:12.363+0000] {data_loading.py:22} WARNING - Skipping row with missing video_id
[2025-12-20T20:18:12.363+0000] {data_loading.py:22} WARNING - Skipping row with missing video_id
[2025-12-20T20:18:12.364+0000] {data_loading.py:22} WARNING - Skipping row with missing video_id
[2025-12-20T20:18:12.364+0000] {data_loading.py:22} WARNING - Skipping row with missing video_id
[2025-12-20T20:18:12.365+0000] {data_loading.py:22} WARNING - Skipping row with missing video_id
[2025-12-20T20:18:12.365+0000] {data_loading.py:22} WARNING - Skipping row with missing video_id
[2025-12-20T20:18:12.366+0000] {data_loading.py:22} WARNING - Skipping row with missing video_id
[2025-12-20T20:18:12.366+0000] {data_loading.py:22} WARNING - Skipping row with missing video_id
[2025-12-20T20:18:12.367+0000] {data_loading.py:22} WARNING - Skipping row with missing video_id
[2025-12-20T20:18:12.367+0000] {data_loading.py:22} WARNING - Skipping row with missing video_id
[2025-12-20T20:18:12.368+0000] {data_loading.py:22} WARNING - Skipping row with missing video_id
[2025-12-20T20:18:12.369+0000] {data_loading.py:22} WARNING - Skipping row with missing video_id
[2025-12-20T20:18:12.369+0000] {data_loading.py:22} WARNING - Skipping row with missing video_id
[2025-12-20T20:18:12.370+0000] {data_loading.py:22} WARNING - Skipping row with missing video_id
[2025-12-20T20:18:12.371+0000] {data_loading.py:22} WARNING - Skipping row with missing video_id
[2025-12-20T20:18:12.375+0000] {data_loading.py:22} WARNING - Skipping row with missing video_id
[2025-12-20T20:18:12.376+0000] {data_loading.py:22} WARNING - Skipping row with missing video_id
[2025-12-20T20:18:12.377+0000] {data_loading.py:22} WARNING - Skipping row with missing video_id
[2025-12-20T20:18:12.379+0000] {data_loading.py:22} WARNING - Skipping row with missing video_id
[2025-12-20T20:18:12.380+0000] {data_loading.py:22} WARNING - Skipping row with missing video_id
[2025-12-20T20:18:12.381+0000] {data_loading.py:22} WARNING - Skipping row with missing video_id
[2025-12-20T20:18:12.381+0000] {data_loading.py:22} WARNING - Skipping row with missing video_id
[2025-12-20T20:18:12.382+0000] {data_loading.py:22} WARNING - Skipping row with missing video_id
[2025-12-20T20:18:12.383+0000] {data_loading.py:22} WARNING - Skipping row with missing video_id
[2025-12-20T20:18:12.383+0000] {data_loading.py:22} WARNING - Skipping row with missing video_id
[2025-12-20T20:18:12.384+0000] {data_loading.py:22} WARNING - Skipping row with missing video_id
[2025-12-20T20:18:12.384+0000] {data_loading.py:22} WARNING - Skipping row with missing video_id
[2025-12-20T20:18:12.385+0000] {data_loading.py:22} WARNING - Skipping row with missing video_id
[2025-12-20T20:18:12.385+0000] {data_loading.py:22} WARNING - Skipping row with missing video_id
[2025-12-20T20:18:12.386+0000] {data_loading.py:22} WARNING - Skipping row with missing video_id
[2025-12-20T20:18:12.386+0000] {data_loading.py:22} WARNING - Skipping row with missing video_id
[2025-12-20T20:18:12.387+0000] {data_loading.py:22} WARNING - Skipping row with missing video_id
[2025-12-20T20:18:12.387+0000] {data_loading.py:22} WARNING - Skipping row with missing video_id
[2025-12-20T20:18:12.388+0000] {data_loading.py:22} WARNING - Skipping row with missing video_id
[2025-12-20T20:18:12.389+0000] {data_loading.py:22} WARNING - Skipping row with missing video_id
[2025-12-20T20:18:12.390+0000] {data_loading.py:22} WARNING - Skipping row with missing video_id
[2025-12-20T20:18:12.391+0000] {data_loading.py:22} WARNING - Skipping row with missing video_id
[2025-12-20T20:18:12.392+0000] {data_loading.py:22} WARNING - Skipping row with missing video_id
[2025-12-20T20:18:12.393+0000] {data_loading.py:22} WARNING - Skipping row with missing video_id
[2025-12-20T20:18:12.393+0000] {data_loading.py:22} WARNING - Skipping row with missing video_id
[2025-12-20T20:18:12.394+0000] {data_loading.py:22} WARNING - Skipping row with missing video_id
[2025-12-20T20:18:12.394+0000] {data_loading.py:22} WARNING - Skipping row with missing video_id
[2025-12-20T20:18:12.396+0000] {data_loading.py:22} WARNING - Skipping row with missing video_id
[2025-12-20T20:18:12.398+0000] {data_loading.py:22} WARNING - Skipping row with missing video_id
[2025-12-20T20:18:12.399+0000] {data_loading.py:22} WARNING - Skipping row with missing video_id
[2025-12-20T20:18:12.401+0000] {data_loading.py:22} WARNING - Skipping row with missing video_id
[2025-12-20T20:18:12.401+0000] {data_loading.py:22} WARNING - Skipping row with missing video_id
[2025-12-20T20:18:12.402+0000] {data_loading.py:22} WARNING - Skipping row with missing video_id
[2025-12-20T20:18:12.403+0000] {data_loading.py:22} WARNING - Skipping row with missing video_id
[2025-12-20T20:18:12.404+0000] {data_loading.py:22} WARNING - Skipping row with missing video_id
[2025-12-20T20:18:12.406+0000] {data_loading.py:22} WARNING - Skipping row with missing video_id
[2025-12-20T20:18:12.407+0000] {data_loading.py:22} WARNING - Skipping row with missing video_id
[2025-12-20T20:18:12.408+0000] {data_loading.py:22} WARNING - Skipping row with missing video_id
[2025-12-20T20:18:12.409+0000] {data_loading.py:22} WARNING - Skipping row with missing video_id
[2025-12-20T20:18:12.410+0000] {data_loading.py:22} WARNING - Skipping row with missing video_id
[2025-12-20T20:18:12.410+0000] {data_loading.py:22} WARNING - Skipping row with missing video_id
[2025-12-20T20:18:12.411+0000] {data_loading.py:22} WARNING - Skipping row with missing video_id
[2025-12-20T20:18:12.411+0000] {data_loading.py:22} WARNING - Skipping row with missing video_id
[2025-12-20T20:18:12.412+0000] {data_loading.py:22} WARNING - Skipping row with missing video_id
[2025-12-20T20:18:12.412+0000] {data_loading.py:22} WARNING - Skipping row with missing video_id
[2025-12-20T20:18:12.413+0000] {data_loading.py:22} WARNING - Skipping row with missing video_id
[2025-12-20T20:18:12.414+0000] {data_loading.py:22} WARNING - Skipping row with missing video_id
[2025-12-20T20:18:12.415+0000] {data_loading.py:22} WARNING - Skipping row with missing video_id
[2025-12-20T20:18:12.415+0000] {data_loading.py:22} WARNING - Skipping row with missing video_id
[2025-12-20T20:18:12.416+0000] {data_loading.py:22} WARNING - Skipping row with missing video_id
[2025-12-20T20:18:12.416+0000] {data_loading.py:22} WARNING - Skipping row with missing video_id
[2025-12-20T20:18:12.417+0000] {data_loading.py:22} WARNING - Skipping row with missing video_id
[2025-12-20T20:18:12.417+0000] {data_loading.py:22} WARNING - Skipping row with missing video_id
[2025-12-20T20:18:12.418+0000] {data_loading.py:22} WARNING - Skipping row with missing video_id
[2025-12-20T20:18:12.418+0000] {data_loading.py:22} WARNING - Skipping row with missing video_id
[2025-12-20T20:18:12.420+0000] {data_loading.py:22} WARNING - Skipping row with missing video_id
[2025-12-20T20:18:12.421+0000] {data_loading.py:22} WARNING - Skipping row with missing video_id
[2025-12-20T20:18:12.421+0000] {data_loading.py:22} WARNING - Skipping row with missing video_id
[2025-12-20T20:18:12.422+0000] {data_loading.py:22} WARNING - Skipping row with missing video_id
[2025-12-20T20:18:12.423+0000] {data_loading.py:22} WARNING - Skipping row with missing video_id
[2025-12-20T20:18:12.423+0000] {data_loading.py:22} WARNING - Skipping row with missing video_id
[2025-12-20T20:18:12.424+0000] {data_loading.py:22} WARNING - Skipping row with missing video_id
[2025-12-20T20:18:12.424+0000] {data_loading.py:22} WARNING - Skipping row with missing video_id
[2025-12-20T20:18:12.425+0000] {data_loading.py:22} WARNING - Skipping row with missing video_id
[2025-12-20T20:18:12.426+0000] {data_loading.py:22} WARNING - Skipping row with missing video_id
[2025-12-20T20:18:12.426+0000] {data_loading.py:22} WARNING - Skipping row with missing video_id
[2025-12-20T20:18:12.427+0000] {data_loading.py:22} WARNING - Skipping row with missing video_id
[2025-12-20T20:18:12.427+0000] {data_loading.py:22} WARNING - Skipping row with missing video_id
[2025-12-20T20:18:12.428+0000] {data_loading.py:22} WARNING - Skipping row with missing video_id
[2025-12-20T20:18:12.428+0000] {data_loading.py:22} WARNING - Skipping row with missing video_id
[2025-12-20T20:18:12.429+0000] {data_loading.py:22} WARNING - Skipping row with missing video_id
[2025-12-20T20:18:12.430+0000] {data_loading.py:22} WARNING - Skipping row with missing video_id
[2025-12-20T20:18:12.430+0000] {data_loading.py:22} WARNING - Skipping row with missing video_id
[2025-12-20T20:18:12.431+0000] {data_loading.py:22} WARNING - Skipping row with missing video_id
[2025-12-20T20:18:12.431+0000] {data_loading.py:22} WARNING - Skipping row with missing video_id
[2025-12-20T20:18:12.432+0000] {data_loading.py:22} WARNING - Skipping row with missing video_id
[2025-12-20T20:18:12.432+0000] {data_loading.py:22} WARNING - Skipping row with missing video_id
[2025-12-20T20:18:12.433+0000] {data_loading.py:22} WARNING - Skipping row with missing video_id
[2025-12-20T20:18:12.434+0000] {data_loading.py:22} WARNING - Skipping row with missing video_id
[2025-12-20T20:18:12.435+0000] {data_loading.py:22} WARNING - Skipping row with missing video_id
[2025-12-20T20:18:12.436+0000] {data_loading.py:22} WARNING - Skipping row with missing video_id
[2025-12-20T20:18:12.437+0000] {data_loading.py:22} WARNING - Skipping row with missing video_id
[2025-12-20T20:18:12.438+0000] {data_loading.py:22} WARNING - Skipping row with missing video_id
[2025-12-20T20:18:12.440+0000] {data_loading.py:22} WARNING - Skipping row with missing video_id
[2025-12-20T20:18:12.441+0000] {data_loading.py:22} WARNING - Skipping row with missing video_id
[2025-12-20T20:18:12.442+0000] {data_loading.py:22} WARNING - Skipping row with missing video_id
[2025-12-20T20:18:12.443+0000] {data_loading.py:22} WARNING - Skipping row with missing video_id
[2025-12-20T20:18:12.444+0000] {data_loading.py:22} WARNING - Skipping row with missing video_id
[2025-12-20T20:18:12.444+0000] {data_loading.py:22} WARNING - Skipping row with missing video_id
[2025-12-20T20:18:12.445+0000] {data_loading.py:22} WARNING - Skipping row with missing video_id
[2025-12-20T20:18:12.446+0000] {data_loading.py:22} WARNING - Skipping row with missing video_id
[2025-12-20T20:18:12.447+0000] {data_loading.py:22} WARNING - Skipping row with missing video_id
[2025-12-20T20:18:12.447+0000] {data_loading.py:22} WARNING - Skipping row with missing video_id
[2025-12-20T20:18:12.448+0000] {data_loading.py:22} WARNING - Skipping row with missing video_id
[2025-12-20T20:18:12.448+0000] {data_loading.py:22} WARNING - Skipping row with missing video_id
[2025-12-20T20:18:12.449+0000] {data_loading.py:22} WARNING - Skipping row with missing video_id
[2025-12-20T20:18:12.450+0000] {data_loading.py:22} WARNING - Skipping row with missing video_id
[2025-12-20T20:18:12.451+0000] {data_loading.py:22} WARNING - Skipping row with missing video_id
[2025-12-20T20:18:12.451+0000] {data_loading.py:22} WARNING - Skipping row with missing video_id
[2025-12-20T20:18:12.452+0000] {data_loading.py:22} WARNING - Skipping row with missing video_id
[2025-12-20T20:18:12.453+0000] {data_loading.py:22} WARNING - Skipping row with missing video_id
[2025-12-20T20:18:12.453+0000] {data_loading.py:22} WARNING - Skipping row with missing video_id
[2025-12-20T20:18:12.454+0000] {data_loading.py:22} WARNING - Skipping row with missing video_id
[2025-12-20T20:18:12.456+0000] {data_loading.py:22} WARNING - Skipping row with missing video_id
[2025-12-20T20:18:12.457+0000] {data_loading.py:22} WARNING - Skipping row with missing video_id
[2025-12-20T20:18:12.458+0000] {data_loading.py:22} WARNING - Skipping row with missing video_id
[2025-12-20T20:18:12.458+0000] {data_loading.py:22} WARNING - Skipping row with missing video_id
[2025-12-20T20:18:12.459+0000] {data_loading.py:22} WARNING - Skipping row with missing video_id
[2025-12-20T20:18:12.460+0000] {data_loading.py:22} WARNING - Skipping row with missing video_id
[2025-12-20T20:18:12.460+0000] {data_loading.py:22} WARNING - Skipping row with missing video_id
[2025-12-20T20:18:12.461+0000] {data_loading.py:22} WARNING - Skipping row with missing video_id
[2025-12-20T20:18:12.462+0000] {data_loading.py:22} WARNING - Skipping row with missing video_id
[2025-12-20T20:18:12.463+0000] {data_loading.py:22} WARNING - Skipping row with missing video_id
[2025-12-20T20:18:12.463+0000] {data_loading.py:22} WARNING - Skipping row with missing video_id
[2025-12-20T20:18:12.464+0000] {data_loading.py:22} WARNING - Skipping row with missing video_id
[2025-12-20T20:18:12.465+0000] {data_loading.py:22} WARNING - Skipping row with missing video_id
[2025-12-20T20:18:12.465+0000] {data_loading.py:22} WARNING - Skipping row with missing video_id
[2025-12-20T20:18:12.466+0000] {data_loading.py:22} WARNING - Skipping row with missing video_id
[2025-12-20T20:18:12.467+0000] {data_loading.py:22} WARNING - Skipping row with missing video_id
[2025-12-20T20:18:12.468+0000] {data_loading.py:22} WARNING - Skipping row with missing video_id
[2025-12-20T20:18:12.468+0000] {data_loading.py:22} WARNING - Skipping row with missing video_id
[2025-12-20T20:18:12.469+0000] {data_loading.py:22} WARNING - Skipping row with missing video_id
[2025-12-20T20:18:12.470+0000] {data_loading.py:22} WARNING - Skipping row with missing video_id
[2025-12-20T20:18:12.471+0000] {data_loading.py:22} WARNING - Skipping row with missing video_id
[2025-12-20T20:18:12.471+0000] {data_loading.py:22} WARNING - Skipping row with missing video_id
[2025-12-20T20:18:12.474+0000] {data_loading.py:22} WARNING - Skipping row with missing video_id
[2025-12-20T20:18:12.475+0000] {data_loading.py:22} WARNING - Skipping row with missing video_id
[2025-12-20T20:18:12.475+0000] {data_loading.py:22} WARNING - Skipping row with missing video_id
[2025-12-20T20:18:12.476+0000] {data_loading.py:22} WARNING - Skipping row with missing video_id
[2025-12-20T20:18:12.477+0000] {data_loading.py:22} WARNING - Skipping row with missing video_id
[2025-12-20T20:18:12.477+0000] {data_loading.py:22} WARNING - Skipping row with missing video_id
[2025-12-20T20:18:12.478+0000] {data_loading.py:22} WARNING - Skipping row with missing video_id
[2025-12-20T20:18:12.479+0000] {data_loading.py:22} WARNING - Skipping row with missing video_id
[2025-12-20T20:18:12.479+0000] {data_loading.py:22} WARNING - Skipping row with missing video_id
[2025-12-20T20:18:12.480+0000] {data_loading.py:22} WARNING - Skipping row with missing video_id
[2025-12-20T20:18:12.480+0000] {data_loading.py:22} WARNING - Skipping row with missing video_id
[2025-12-20T20:18:12.481+0000] {data_loading.py:22} WARNING - Skipping row with missing video_id
[2025-12-20T20:18:12.481+0000] {data_loading.py:22} WARNING - Skipping row with missing video_id
[2025-12-20T20:18:12.482+0000] {data_loading.py:22} WARNING - Skipping row with missing video_id
[2025-12-20T20:18:12.483+0000] {data_loading.py:22} WARNING - Skipping row with missing video_id
[2025-12-20T20:18:12.483+0000] {data_loading.py:22} WARNING - Skipping row with missing video_id
[2025-12-20T20:18:12.484+0000] {data_loading.py:22} WARNING - Skipping row with missing video_id
[2025-12-20T20:18:12.484+0000] {data_loading.py:22} WARNING - Skipping row with missing video_id
[2025-12-20T20:18:12.485+0000] {data_loading.py:22} WARNING - Skipping row with missing video_id
[2025-12-20T20:18:12.485+0000] {data_loading.py:22} WARNING - Skipping row with missing video_id
[2025-12-20T20:18:12.486+0000] {data_loading.py:22} WARNING - Skipping row with missing video_id
[2025-12-20T20:18:12.486+0000] {data_loading.py:22} WARNING - Skipping row with missing video_id
[2025-12-20T20:18:12.486+0000] {data_loading.py:22} WARNING - Skipping row with missing video_id
[2025-12-20T20:18:12.487+0000] {data_loading.py:22} WARNING - Skipping row with missing video_id
[2025-12-20T20:18:12.488+0000] {data_loading.py:22} WARNING - Skipping row with missing video_id
[2025-12-20T20:18:12.489+0000] {data_loading.py:22} WARNING - Skipping row with missing video_id
[2025-12-20T20:18:12.489+0000] {data_loading.py:22} WARNING - Skipping row with missing video_id
[2025-12-20T20:18:12.490+0000] {data_loading.py:22} WARNING - Skipping row with missing video_id
[2025-12-20T20:18:12.490+0000] {data_loading.py:22} WARNING - Skipping row with missing video_id
[2025-12-20T20:18:12.491+0000] {data_loading.py:22} WARNING - Skipping row with missing video_id
[2025-12-20T20:18:12.491+0000] {data_loading.py:22} WARNING - Skipping row with missing video_id
[2025-12-20T20:18:12.492+0000] {data_loading.py:22} WARNING - Skipping row with missing video_id
[2025-12-20T20:18:12.492+0000] {data_loading.py:22} WARNING - Skipping row with missing video_id
[2025-12-20T20:18:12.493+0000] {data_loading.py:22} WARNING - Skipping row with missing video_id
[2025-12-20T20:18:12.493+0000] {data_loading.py:22} WARNING - Skipping row with missing video_id
[2025-12-20T20:18:12.494+0000] {data_loading.py:22} WARNING - Skipping row with missing video_id
[2025-12-20T20:18:12.494+0000] {data_loading.py:22} WARNING - Skipping row with missing video_id
[2025-12-20T20:18:12.495+0000] {data_loading.py:22} WARNING - Skipping row with missing video_id
[2025-12-20T20:18:12.496+0000] {data_loading.py:22} WARNING - Skipping row with missing video_id
[2025-12-20T20:18:12.496+0000] {data_loading.py:22} WARNING - Skipping row with missing video_id
[2025-12-20T20:18:12.497+0000] {data_loading.py:22} WARNING - Skipping row with missing video_id
[2025-12-20T20:18:12.497+0000] {data_loading.py:22} WARNING - Skipping row with missing video_id
[2025-12-20T20:18:12.498+0000] {data_loading.py:22} WARNING - Skipping row with missing video_id
[2025-12-20T20:18:12.498+0000] {data_loading.py:22} WARNING - Skipping row with missing video_id
[2025-12-20T20:18:12.499+0000] {data_loading.py:22} WARNING - Skipping row with missing video_id
[2025-12-20T20:18:12.499+0000] {data_loading.py:22} WARNING - Skipping row with missing video_id
[2025-12-20T20:18:12.500+0000] {data_loading.py:22} WARNING - Skipping row with missing video_id
[2025-12-20T20:18:12.500+0000] {data_loading.py:22} WARNING - Skipping row with missing video_id
[2025-12-20T20:18:12.501+0000] {data_loading.py:22} WARNING - Skipping row with missing video_id
[2025-12-20T20:18:12.501+0000] {data_loading.py:22} WARNING - Skipping row with missing video_id
[2025-12-20T20:18:12.502+0000] {data_loading.py:22} WARNING - Skipping row with missing video_id
[2025-12-20T20:18:12.502+0000] {data_loading.py:22} WARNING - Skipping row with missing video_id
[2025-12-20T20:18:12.503+0000] {data_loading.py:22} WARNING - Skipping row with missing video_id
[2025-12-20T20:18:12.505+0000] {data_loading.py:22} WARNING - Skipping row with missing video_id
[2025-12-20T20:18:12.507+0000] {data_loading.py:22} WARNING - Skipping row with missing video_id
[2025-12-20T20:18:12.508+0000] {data_loading.py:22} WARNING - Skipping row with missing video_id
[2025-12-20T20:18:12.508+0000] {data_loading.py:22} WARNING - Skipping row with missing video_id
[2025-12-20T20:18:12.509+0000] {data_loading.py:22} WARNING - Skipping row with missing video_id
[2025-12-20T20:18:12.509+0000] {data_loading.py:22} WARNING - Skipping row with missing video_id
[2025-12-20T20:18:12.510+0000] {data_loading.py:22} WARNING - Skipping row with missing video_id
[2025-12-20T20:18:12.511+0000] {data_loading.py:22} WARNING - Skipping row with missing video_id
[2025-12-20T20:18:12.511+0000] {data_loading.py:22} WARNING - Skipping row with missing video_id
[2025-12-20T20:18:12.512+0000] {data_loading.py:22} WARNING - Skipping row with missing video_id
[2025-12-20T20:18:12.512+0000] {data_loading.py:22} WARNING - Skipping row with missing video_id
[2025-12-20T20:18:12.513+0000] {data_loading.py:22} WARNING - Skipping row with missing video_id
[2025-12-20T20:18:12.513+0000] {data_loading.py:22} WARNING - Skipping row with missing video_id
[2025-12-20T20:18:12.514+0000] {data_loading.py:22} WARNING - Skipping row with missing video_id
[2025-12-20T20:18:12.514+0000] {data_loading.py:22} WARNING - Skipping row with missing video_id
[2025-12-20T20:18:12.515+0000] {data_loading.py:22} WARNING - Skipping row with missing video_id
[2025-12-20T20:18:12.515+0000] {data_loading.py:22} WARNING - Skipping row with missing video_id
[2025-12-20T20:18:12.516+0000] {data_loading.py:22} WARNING - Skipping row with missing video_id
[2025-12-20T20:18:12.516+0000] {data_loading.py:22} WARNING - Skipping row with missing video_id
[2025-12-20T20:18:12.517+0000] {data_loading.py:22} WARNING - Skipping row with missing video_id
[2025-12-20T20:18:12.518+0000] {data_loading.py:22} WARNING - Skipping row with missing video_id
[2025-12-20T20:18:12.519+0000] {data_loading.py:22} WARNING - Skipping row with missing video_id
[2025-12-20T20:18:12.520+0000] {data_loading.py:22} WARNING - Skipping row with missing video_id
[2025-12-20T20:18:12.520+0000] {data_loading.py:22} WARNING - Skipping row with missing video_id
[2025-12-20T20:18:12.521+0000] {data_loading.py:22} WARNING - Skipping row with missing video_id
[2025-12-20T20:18:12.522+0000] {data_loading.py:22} WARNING - Skipping row with missing video_id
[2025-12-20T20:18:12.522+0000] {data_loading.py:22} WARNING - Skipping row with missing video_id
[2025-12-20T20:18:12.523+0000] {data_loading.py:22} WARNING - Skipping row with missing video_id
[2025-12-20T20:18:12.523+0000] {data_loading.py:22} WARNING - Skipping row with missing video_id
[2025-12-20T20:18:12.524+0000] {data_loading.py:22} WARNING - Skipping row with missing video_id
[2025-12-20T20:18:12.526+0000] {data_loading.py:22} WARNING - Skipping row with missing video_id
[2025-12-20T20:18:12.527+0000] {data_loading.py:22} WARNING - Skipping row with missing video_id
[2025-12-20T20:18:12.528+0000] {data_loading.py:22} WARNING - Skipping row with missing video_id
[2025-12-20T20:18:12.529+0000] {data_loading.py:22} WARNING - Skipping row with missing video_id
[2025-12-20T20:18:12.530+0000] {data_loading.py:22} WARNING - Skipping row with missing video_id
[2025-12-20T20:18:12.531+0000] {data_loading.py:22} WARNING - Skipping row with missing video_id
[2025-12-20T20:18:12.532+0000] {data_loading.py:22} WARNING - Skipping row with missing video_id
[2025-12-20T20:18:12.532+0000] {data_loading.py:22} WARNING - Skipping row with missing video_id
[2025-12-20T20:18:12.534+0000] {data_loading.py:22} WARNING - Skipping row with missing video_id
[2025-12-20T20:18:12.535+0000] {data_loading.py:22} WARNING - Skipping row with missing video_id
[2025-12-20T20:18:12.536+0000] {data_loading.py:22} WARNING - Skipping row with missing video_id
[2025-12-20T20:18:12.538+0000] {data_loading.py:22} WARNING - Skipping row with missing video_id
[2025-12-20T20:18:12.541+0000] {data_loading.py:22} WARNING - Skipping row with missing video_id
[2025-12-20T20:18:12.542+0000] {data_loading.py:22} WARNING - Skipping row with missing video_id
[2025-12-20T20:18:12.545+0000] {data_loading.py:22} WARNING - Skipping row with missing video_id
[2025-12-20T20:18:12.546+0000] {data_loading.py:22} WARNING - Skipping row with missing video_id
[2025-12-20T20:18:12.547+0000] {data_loading.py:22} WARNING - Skipping row with missing video_id
[2025-12-20T20:18:12.548+0000] {data_loading.py:22} WARNING - Skipping row with missing video_id
[2025-12-20T20:18:12.548+0000] {data_loading.py:22} WARNING - Skipping row with missing video_id
[2025-12-20T20:18:12.549+0000] {data_loading.py:22} WARNING - Skipping row with missing video_id
[2025-12-20T20:18:12.550+0000] {data_loading.py:22} WARNING - Skipping row with missing video_id
[2025-12-20T20:18:12.551+0000] {data_loading.py:22} WARNING - Skipping row with missing video_id
[2025-12-20T20:18:12.552+0000] {data_loading.py:22} WARNING - Skipping row with missing video_id
[2025-12-20T20:18:12.553+0000] {data_loading.py:22} WARNING - Skipping row with missing video_id
[2025-12-20T20:18:12.554+0000] {data_loading.py:22} WARNING - Skipping row with missing video_id
[2025-12-20T20:18:12.555+0000] {data_loading.py:22} WARNING - Skipping row with missing video_id
[2025-12-20T20:18:12.556+0000] {data_loading.py:22} WARNING - Skipping row with missing video_id
[2025-12-20T20:18:12.559+0000] {base.py:84} INFO - Using connection ID 'postgres_db_yt_elt' for task execution.
[2025-12-20T20:18:12.579+0000] {base.py:84} INFO - Using connection ID 'postgres_db_yt_elt' for task execution.
[2025-12-20T20:18:12.610+0000] {dwh.py:40} INFO - staging table update completed
[2025-12-20T20:18:12.611+0000] {python.py:237} INFO - Done. Returned value was: None
[2025-12-20T20:18:12.613+0000] {taskinstance.py:441} INFO - ::group::Post task execution logs
[2025-12-20T20:18:12.631+0000] {taskinstance.py:1206} INFO - Marking task as SUCCESS. dag_id=update_db, task_id=staging_table, run_id=manual__2025-12-20T20:17:59.413506+00:00, execution_date=20251220T201759, start_date=20251220T201811, end_date=20251220T201812
[2025-12-20T20:18:12.700+0000] {local_task_job_runner.py:240} INFO - Task exited with return code 0
[2025-12-20T20:18:12.751+0000] {taskinstance.py:3503} INFO - 1 downstream tasks scheduled from follow-on schedule check
[2025-12-20T20:18:12.756+0000] {local_task_job_runner.py:222} INFO - ::endgroup::
