[2025-12-14T23:28:37.367+0000] {local_task_job_runner.py:120} INFO - ::group::Pre task execution logs
[2025-12-14T23:28:37.393+0000] {taskinstance.py:2076} INFO - Dependencies all met for dep_context=non-requeueable deps ti=<TaskInstance: produce_json.save_to_json manual__2025-12-14T23:28:15.096088+00:00 [queued]>
[2025-12-14T23:28:37.403+0000] {taskinstance.py:2076} INFO - Dependencies all met for dep_context=requeueable deps ti=<TaskInstance: produce_json.save_to_json manual__2025-12-14T23:28:15.096088+00:00 [queued]>
[2025-12-14T23:28:37.404+0000] {taskinstance.py:2306} INFO - Starting attempt 1 of 1
[2025-12-14T23:28:37.418+0000] {taskinstance.py:2330} INFO - Executing <Task(_PythonDecoratedOperator): save_to_json> on 2025-12-14 23:28:15.096088+00:00
[2025-12-14T23:28:37.424+0000] {warnings.py:112} WARNING - /home/***/.local/lib/python3.12/site-packages/***/task/task_runner/standard_task_runner.py:61: DeprecationWarning: This process (pid=81) is multi-threaded, use of fork() may lead to deadlocks in the child.
  pid = os.fork()

[2025-12-14T23:28:37.426+0000] {standard_task_runner.py:90} INFO - Running: ['***', 'tasks', 'run', 'produce_json', 'save_to_json', 'manual__2025-12-14T23:28:15.096088+00:00', '--job-id', '108', '--raw', '--subdir', 'DAGS_FOLDER/main.py', '--cfg-path', '/tmp/tmp9zus4q26']
[2025-12-14T23:28:37.427+0000] {standard_task_runner.py:63} INFO - Started process 82 to run task
[2025-12-14T23:28:37.427+0000] {standard_task_runner.py:91} INFO - Job 108: Subtask save_to_json
[2025-12-14T23:28:37.516+0000] {task_command.py:426} INFO - Running <TaskInstance: produce_json.save_to_json manual__2025-12-14T23:28:15.096088+00:00 [running]> on host 58cdcf494984
[2025-12-14T23:28:37.645+0000] {taskinstance.py:2648} INFO - Exporting env vars: AIRFLOW_CTX_DAG_EMAIL='data@engineers.com' AIRFLOW_CTX_DAG_OWNER='dataengineers' AIRFLOW_CTX_DAG_ID='produce_json' AIRFLOW_CTX_TASK_ID='save_to_json' AIRFLOW_CTX_EXECUTION_DATE='2025-12-14T23:28:15.096088+00:00' AIRFLOW_CTX_TRY_NUMBER='1' AIRFLOW_CTX_DAG_RUN_ID='manual__2025-12-14T23:28:15.096088+00:00'
[2025-12-14T23:28:37.647+0000] {taskinstance.py:430} INFO - ::endgroup::
[2025-12-14T23:28:37.684+0000] {logging_mixin.py:188} INFO - Archivo guardado en: ./data/YT_data_2025-12-14.json
[2025-12-14T23:28:37.685+0000] {python.py:237} INFO - Done. Returned value was: None
[2025-12-14T23:28:37.686+0000] {taskinstance.py:441} INFO - ::group::Post task execution logs
[2025-12-14T23:28:37.698+0000] {taskinstance.py:1206} INFO - Marking task as SUCCESS. dag_id=produce_json, task_id=save_to_json, run_id=manual__2025-12-14T23:28:15.096088+00:00, execution_date=20251214T232815, start_date=20251214T232837, end_date=20251214T232837
[2025-12-14T23:28:37.725+0000] {local_task_job_runner.py:240} INFO - Task exited with return code 0
[2025-12-14T23:28:37.748+0000] {taskinstance.py:3503} INFO - 0 downstream tasks scheduled from follow-on schedule check
[2025-12-14T23:28:37.751+0000] {local_task_job_runner.py:222} INFO - ::endgroup::
