[2025-12-19T20:24:55.375+0000] {local_task_job_runner.py:120} INFO - ::group::Pre task execution logs
[2025-12-19T20:24:55.395+0000] {taskinstance.py:2076} INFO - Dependencies all met for dep_context=non-requeueable deps ti=<TaskInstance: update_db.staging_table manual__2025-12-19T20:24:54.449577+00:00 [queued]>
[2025-12-19T20:24:55.404+0000] {taskinstance.py:2076} INFO - Dependencies all met for dep_context=requeueable deps ti=<TaskInstance: update_db.staging_table manual__2025-12-19T20:24:54.449577+00:00 [queued]>
[2025-12-19T20:24:55.405+0000] {taskinstance.py:2306} INFO - Starting attempt 1 of 1
[2025-12-19T20:24:55.418+0000] {taskinstance.py:2330} INFO - Executing <Task(_PythonDecoratedOperator): staging_table> on 2025-12-19 20:24:54.449577+00:00
[2025-12-19T20:24:55.423+0000] {standard_task_runner.py:63} INFO - Started process 2028 to run task
[2025-12-19T20:24:55.426+0000] {standard_task_runner.py:90} INFO - Running: ['***', 'tasks', 'run', 'update_db', 'staging_table', 'manual__2025-12-19T20:24:54.449577+00:00', '--job-id', '49', '--raw', '--subdir', 'DAGS_FOLDER/main.py', '--cfg-path', '/tmp/tmpy60lyinb']
[2025-12-19T20:24:55.427+0000] {standard_task_runner.py:91} INFO - Job 49: Subtask staging_table
[2025-12-19T20:24:55.501+0000] {task_command.py:426} INFO - Running <TaskInstance: update_db.staging_table manual__2025-12-19T20:24:54.449577+00:00 [running]> on host 2095eb49e620
[2025-12-19T20:24:55.589+0000] {taskinstance.py:2648} INFO - Exporting env vars: AIRFLOW_CTX_DAG_EMAIL='data@engineers.com' AIRFLOW_CTX_DAG_OWNER='dataengineers' AIRFLOW_CTX_DAG_ID='update_db' AIRFLOW_CTX_TASK_ID='staging_table' AIRFLOW_CTX_EXECUTION_DATE='2025-12-19T20:24:54.449577+00:00' AIRFLOW_CTX_TRY_NUMBER='1' AIRFLOW_CTX_DAG_RUN_ID='manual__2025-12-19T20:24:54.449577+00:00'
[2025-12-19T20:24:55.590+0000] {taskinstance.py:430} INFO - ::endgroup::
[2025-12-19T20:24:55.638+0000] {base.py:84} INFO - Using connection ID 'postgres_db_yt_elt' for task execution.
[2025-12-19T20:24:55.643+0000] {data_loading.py:11} INFO - Processing file: YT_data_2025-12-19
[2025-12-19T20:24:55.654+0000] {data_loading.py:22} WARNING - Skipping row with missing video_id
[2025-12-19T20:24:55.655+0000] {data_loading.py:22} WARNING - Skipping row with missing video_id
[2025-12-19T20:24:55.656+0000] {data_loading.py:22} WARNING - Skipping row with missing video_id
[2025-12-19T20:24:55.656+0000] {data_loading.py:22} WARNING - Skipping row with missing video_id
[2025-12-19T20:24:55.657+0000] {data_loading.py:22} WARNING - Skipping row with missing video_id
[2025-12-19T20:24:55.657+0000] {data_loading.py:22} WARNING - Skipping row with missing video_id
[2025-12-19T20:24:55.658+0000] {data_loading.py:22} WARNING - Skipping row with missing video_id
[2025-12-19T20:24:55.658+0000] {data_loading.py:22} WARNING - Skipping row with missing video_id
[2025-12-19T20:24:55.658+0000] {data_loading.py:22} WARNING - Skipping row with missing video_id
[2025-12-19T20:24:55.659+0000] {data_loading.py:22} WARNING - Skipping row with missing video_id
[2025-12-19T20:24:55.659+0000] {data_loading.py:22} WARNING - Skipping row with missing video_id
[2025-12-19T20:24:55.660+0000] {data_loading.py:22} WARNING - Skipping row with missing video_id
[2025-12-19T20:24:55.660+0000] {data_loading.py:22} WARNING - Skipping row with missing video_id
[2025-12-19T20:24:55.661+0000] {data_loading.py:22} WARNING - Skipping row with missing video_id
[2025-12-19T20:24:55.661+0000] {data_loading.py:22} WARNING - Skipping row with missing video_id
[2025-12-19T20:24:55.661+0000] {data_loading.py:22} WARNING - Skipping row with missing video_id
[2025-12-19T20:24:55.662+0000] {data_loading.py:22} WARNING - Skipping row with missing video_id
[2025-12-19T20:24:55.662+0000] {data_loading.py:22} WARNING - Skipping row with missing video_id
[2025-12-19T20:24:55.663+0000] {data_loading.py:22} WARNING - Skipping row with missing video_id
[2025-12-19T20:24:55.663+0000] {data_loading.py:22} WARNING - Skipping row with missing video_id
[2025-12-19T20:24:55.664+0000] {data_loading.py:22} WARNING - Skipping row with missing video_id
[2025-12-19T20:24:55.664+0000] {data_loading.py:22} WARNING - Skipping row with missing video_id
[2025-12-19T20:24:55.665+0000] {data_loading.py:22} WARNING - Skipping row with missing video_id
[2025-12-19T20:24:55.665+0000] {data_loading.py:22} WARNING - Skipping row with missing video_id
[2025-12-19T20:24:55.665+0000] {data_loading.py:22} WARNING - Skipping row with missing video_id
[2025-12-19T20:24:55.666+0000] {data_loading.py:22} WARNING - Skipping row with missing video_id
[2025-12-19T20:24:55.666+0000] {data_loading.py:22} WARNING - Skipping row with missing video_id
[2025-12-19T20:24:55.667+0000] {data_loading.py:22} WARNING - Skipping row with missing video_id
[2025-12-19T20:24:55.667+0000] {data_loading.py:22} WARNING - Skipping row with missing video_id
[2025-12-19T20:24:55.667+0000] {data_loading.py:22} WARNING - Skipping row with missing video_id
[2025-12-19T20:24:55.668+0000] {data_loading.py:22} WARNING - Skipping row with missing video_id
[2025-12-19T20:24:55.669+0000] {data_loading.py:22} WARNING - Skipping row with missing video_id
[2025-12-19T20:24:55.669+0000] {data_loading.py:22} WARNING - Skipping row with missing video_id
[2025-12-19T20:24:55.670+0000] {data_loading.py:22} WARNING - Skipping row with missing video_id
[2025-12-19T20:24:55.670+0000] {data_loading.py:22} WARNING - Skipping row with missing video_id
[2025-12-19T20:24:55.670+0000] {data_loading.py:22} WARNING - Skipping row with missing video_id
[2025-12-19T20:24:55.671+0000] {data_loading.py:22} WARNING - Skipping row with missing video_id
[2025-12-19T20:24:55.671+0000] {data_loading.py:22} WARNING - Skipping row with missing video_id
[2025-12-19T20:24:55.671+0000] {data_loading.py:22} WARNING - Skipping row with missing video_id
[2025-12-19T20:24:55.672+0000] {data_loading.py:22} WARNING - Skipping row with missing video_id
[2025-12-19T20:24:55.672+0000] {data_loading.py:22} WARNING - Skipping row with missing video_id
[2025-12-19T20:24:55.673+0000] {data_loading.py:22} WARNING - Skipping row with missing video_id
[2025-12-19T20:24:55.673+0000] {data_loading.py:22} WARNING - Skipping row with missing video_id
[2025-12-19T20:24:55.674+0000] {data_loading.py:22} WARNING - Skipping row with missing video_id
[2025-12-19T20:24:55.674+0000] {data_loading.py:22} WARNING - Skipping row with missing video_id
[2025-12-19T20:24:55.674+0000] {data_loading.py:22} WARNING - Skipping row with missing video_id
[2025-12-19T20:24:55.675+0000] {data_loading.py:22} WARNING - Skipping row with missing video_id
[2025-12-19T20:24:55.675+0000] {data_loading.py:22} WARNING - Skipping row with missing video_id
[2025-12-19T20:24:55.675+0000] {data_loading.py:22} WARNING - Skipping row with missing video_id
[2025-12-19T20:24:55.676+0000] {data_loading.py:22} WARNING - Skipping row with missing video_id
[2025-12-19T20:24:55.676+0000] {data_loading.py:22} WARNING - Skipping row with missing video_id
[2025-12-19T20:24:55.676+0000] {data_loading.py:22} WARNING - Skipping row with missing video_id
[2025-12-19T20:24:55.677+0000] {data_loading.py:22} WARNING - Skipping row with missing video_id
[2025-12-19T20:24:55.677+0000] {data_loading.py:22} WARNING - Skipping row with missing video_id
[2025-12-19T20:24:55.677+0000] {data_loading.py:22} WARNING - Skipping row with missing video_id
[2025-12-19T20:24:55.678+0000] {data_loading.py:22} WARNING - Skipping row with missing video_id
[2025-12-19T20:24:55.678+0000] {data_loading.py:22} WARNING - Skipping row with missing video_id
[2025-12-19T20:24:55.678+0000] {data_loading.py:22} WARNING - Skipping row with missing video_id
[2025-12-19T20:24:55.679+0000] {data_loading.py:22} WARNING - Skipping row with missing video_id
[2025-12-19T20:24:55.679+0000] {data_loading.py:22} WARNING - Skipping row with missing video_id
[2025-12-19T20:24:55.680+0000] {data_loading.py:22} WARNING - Skipping row with missing video_id
[2025-12-19T20:24:55.680+0000] {data_loading.py:22} WARNING - Skipping row with missing video_id
[2025-12-19T20:24:55.680+0000] {data_loading.py:22} WARNING - Skipping row with missing video_id
[2025-12-19T20:24:55.681+0000] {data_loading.py:22} WARNING - Skipping row with missing video_id
[2025-12-19T20:24:55.681+0000] {data_loading.py:22} WARNING - Skipping row with missing video_id
[2025-12-19T20:24:55.681+0000] {data_loading.py:22} WARNING - Skipping row with missing video_id
[2025-12-19T20:24:55.682+0000] {data_loading.py:22} WARNING - Skipping row with missing video_id
[2025-12-19T20:24:55.682+0000] {data_loading.py:22} WARNING - Skipping row with missing video_id
[2025-12-19T20:24:55.682+0000] {data_loading.py:22} WARNING - Skipping row with missing video_id
[2025-12-19T20:24:55.683+0000] {data_loading.py:22} WARNING - Skipping row with missing video_id
[2025-12-19T20:24:55.683+0000] {data_loading.py:22} WARNING - Skipping row with missing video_id
[2025-12-19T20:24:55.683+0000] {data_loading.py:22} WARNING - Skipping row with missing video_id
[2025-12-19T20:24:55.684+0000] {data_loading.py:22} WARNING - Skipping row with missing video_id
[2025-12-19T20:24:55.684+0000] {data_loading.py:22} WARNING - Skipping row with missing video_id
[2025-12-19T20:24:55.685+0000] {data_loading.py:22} WARNING - Skipping row with missing video_id
[2025-12-19T20:24:55.685+0000] {data_loading.py:22} WARNING - Skipping row with missing video_id
[2025-12-19T20:24:55.686+0000] {data_loading.py:22} WARNING - Skipping row with missing video_id
[2025-12-19T20:24:55.686+0000] {data_loading.py:22} WARNING - Skipping row with missing video_id
[2025-12-19T20:24:55.687+0000] {data_loading.py:22} WARNING - Skipping row with missing video_id
[2025-12-19T20:24:55.687+0000] {data_loading.py:22} WARNING - Skipping row with missing video_id
[2025-12-19T20:24:55.687+0000] {data_loading.py:22} WARNING - Skipping row with missing video_id
[2025-12-19T20:24:55.688+0000] {data_loading.py:22} WARNING - Skipping row with missing video_id
[2025-12-19T20:24:55.688+0000] {data_loading.py:22} WARNING - Skipping row with missing video_id
[2025-12-19T20:24:55.689+0000] {data_loading.py:22} WARNING - Skipping row with missing video_id
[2025-12-19T20:24:55.689+0000] {data_loading.py:22} WARNING - Skipping row with missing video_id
[2025-12-19T20:24:55.689+0000] {data_loading.py:22} WARNING - Skipping row with missing video_id
[2025-12-19T20:24:55.690+0000] {data_loading.py:22} WARNING - Skipping row with missing video_id
[2025-12-19T20:24:55.690+0000] {data_loading.py:22} WARNING - Skipping row with missing video_id
[2025-12-19T20:24:55.690+0000] {data_loading.py:22} WARNING - Skipping row with missing video_id
[2025-12-19T20:24:55.691+0000] {data_loading.py:22} WARNING - Skipping row with missing video_id
[2025-12-19T20:24:55.691+0000] {data_loading.py:22} WARNING - Skipping row with missing video_id
[2025-12-19T20:24:55.692+0000] {data_loading.py:22} WARNING - Skipping row with missing video_id
[2025-12-19T20:24:55.692+0000] {data_loading.py:22} WARNING - Skipping row with missing video_id
[2025-12-19T20:24:55.692+0000] {data_loading.py:22} WARNING - Skipping row with missing video_id
[2025-12-19T20:24:55.693+0000] {data_loading.py:22} WARNING - Skipping row with missing video_id
[2025-12-19T20:24:55.693+0000] {data_loading.py:22} WARNING - Skipping row with missing video_id
[2025-12-19T20:24:55.693+0000] {data_loading.py:22} WARNING - Skipping row with missing video_id
[2025-12-19T20:24:55.694+0000] {data_loading.py:22} WARNING - Skipping row with missing video_id
[2025-12-19T20:24:55.694+0000] {data_loading.py:22} WARNING - Skipping row with missing video_id
[2025-12-19T20:24:55.694+0000] {data_loading.py:22} WARNING - Skipping row with missing video_id
[2025-12-19T20:24:55.695+0000] {data_loading.py:22} WARNING - Skipping row with missing video_id
[2025-12-19T20:24:55.695+0000] {data_loading.py:22} WARNING - Skipping row with missing video_id
[2025-12-19T20:24:55.695+0000] {data_loading.py:22} WARNING - Skipping row with missing video_id
[2025-12-19T20:24:55.696+0000] {data_loading.py:22} WARNING - Skipping row with missing video_id
[2025-12-19T20:24:55.696+0000] {data_loading.py:22} WARNING - Skipping row with missing video_id
[2025-12-19T20:24:55.697+0000] {data_loading.py:22} WARNING - Skipping row with missing video_id
[2025-12-19T20:24:55.697+0000] {data_loading.py:22} WARNING - Skipping row with missing video_id
[2025-12-19T20:24:55.697+0000] {data_loading.py:22} WARNING - Skipping row with missing video_id
[2025-12-19T20:24:55.698+0000] {data_loading.py:22} WARNING - Skipping row with missing video_id
[2025-12-19T20:24:55.698+0000] {data_loading.py:22} WARNING - Skipping row with missing video_id
[2025-12-19T20:24:55.698+0000] {data_loading.py:22} WARNING - Skipping row with missing video_id
[2025-12-19T20:24:55.699+0000] {data_loading.py:22} WARNING - Skipping row with missing video_id
[2025-12-19T20:24:55.699+0000] {data_loading.py:22} WARNING - Skipping row with missing video_id
[2025-12-19T20:24:55.699+0000] {data_loading.py:22} WARNING - Skipping row with missing video_id
[2025-12-19T20:24:55.699+0000] {data_loading.py:22} WARNING - Skipping row with missing video_id
[2025-12-19T20:24:55.700+0000] {data_loading.py:22} WARNING - Skipping row with missing video_id
[2025-12-19T20:24:55.701+0000] {data_loading.py:22} WARNING - Skipping row with missing video_id
[2025-12-19T20:24:55.702+0000] {data_loading.py:22} WARNING - Skipping row with missing video_id
[2025-12-19T20:24:55.702+0000] {data_loading.py:22} WARNING - Skipping row with missing video_id
[2025-12-19T20:24:55.702+0000] {data_loading.py:22} WARNING - Skipping row with missing video_id
[2025-12-19T20:24:55.703+0000] {data_loading.py:22} WARNING - Skipping row with missing video_id
[2025-12-19T20:24:55.703+0000] {data_loading.py:22} WARNING - Skipping row with missing video_id
[2025-12-19T20:24:55.703+0000] {data_loading.py:22} WARNING - Skipping row with missing video_id
[2025-12-19T20:24:55.704+0000] {data_loading.py:22} WARNING - Skipping row with missing video_id
[2025-12-19T20:24:55.704+0000] {data_loading.py:22} WARNING - Skipping row with missing video_id
[2025-12-19T20:24:55.705+0000] {data_loading.py:22} WARNING - Skipping row with missing video_id
[2025-12-19T20:24:55.705+0000] {data_loading.py:22} WARNING - Skipping row with missing video_id
[2025-12-19T20:24:55.705+0000] {data_loading.py:22} WARNING - Skipping row with missing video_id
[2025-12-19T20:24:55.706+0000] {data_loading.py:22} WARNING - Skipping row with missing video_id
[2025-12-19T20:24:55.706+0000] {data_loading.py:22} WARNING - Skipping row with missing video_id
[2025-12-19T20:24:55.706+0000] {data_loading.py:22} WARNING - Skipping row with missing video_id
[2025-12-19T20:24:55.707+0000] {data_loading.py:22} WARNING - Skipping row with missing video_id
[2025-12-19T20:24:55.707+0000] {data_loading.py:22} WARNING - Skipping row with missing video_id
[2025-12-19T20:24:55.707+0000] {data_loading.py:22} WARNING - Skipping row with missing video_id
[2025-12-19T20:24:55.708+0000] {data_loading.py:22} WARNING - Skipping row with missing video_id
[2025-12-19T20:24:55.708+0000] {data_loading.py:22} WARNING - Skipping row with missing video_id
[2025-12-19T20:24:55.708+0000] {data_loading.py:22} WARNING - Skipping row with missing video_id
[2025-12-19T20:24:55.709+0000] {data_loading.py:22} WARNING - Skipping row with missing video_id
[2025-12-19T20:24:55.709+0000] {data_loading.py:22} WARNING - Skipping row with missing video_id
[2025-12-19T20:24:55.709+0000] {data_loading.py:22} WARNING - Skipping row with missing video_id
[2025-12-19T20:24:55.710+0000] {data_loading.py:22} WARNING - Skipping row with missing video_id
[2025-12-19T20:24:55.710+0000] {data_loading.py:22} WARNING - Skipping row with missing video_id
[2025-12-19T20:24:55.710+0000] {data_loading.py:22} WARNING - Skipping row with missing video_id
[2025-12-19T20:24:55.711+0000] {data_loading.py:22} WARNING - Skipping row with missing video_id
[2025-12-19T20:24:55.711+0000] {data_loading.py:22} WARNING - Skipping row with missing video_id
[2025-12-19T20:24:55.711+0000] {data_loading.py:22} WARNING - Skipping row with missing video_id
[2025-12-19T20:24:55.712+0000] {data_loading.py:22} WARNING - Skipping row with missing video_id
[2025-12-19T20:24:55.712+0000] {data_loading.py:22} WARNING - Skipping row with missing video_id
[2025-12-19T20:24:55.712+0000] {data_loading.py:22} WARNING - Skipping row with missing video_id
[2025-12-19T20:24:55.712+0000] {data_loading.py:22} WARNING - Skipping row with missing video_id
[2025-12-19T20:24:55.713+0000] {data_loading.py:22} WARNING - Skipping row with missing video_id
[2025-12-19T20:24:55.713+0000] {data_loading.py:22} WARNING - Skipping row with missing video_id
[2025-12-19T20:24:55.713+0000] {data_loading.py:22} WARNING - Skipping row with missing video_id
[2025-12-19T20:24:55.713+0000] {data_loading.py:22} WARNING - Skipping row with missing video_id
[2025-12-19T20:24:55.714+0000] {data_loading.py:22} WARNING - Skipping row with missing video_id
[2025-12-19T20:24:55.714+0000] {data_loading.py:22} WARNING - Skipping row with missing video_id
[2025-12-19T20:24:55.714+0000] {data_loading.py:22} WARNING - Skipping row with missing video_id
[2025-12-19T20:24:55.714+0000] {data_loading.py:22} WARNING - Skipping row with missing video_id
[2025-12-19T20:24:55.714+0000] {data_loading.py:22} WARNING - Skipping row with missing video_id
[2025-12-19T20:24:55.715+0000] {data_loading.py:22} WARNING - Skipping row with missing video_id
[2025-12-19T20:24:55.715+0000] {data_loading.py:22} WARNING - Skipping row with missing video_id
[2025-12-19T20:24:55.715+0000] {data_loading.py:22} WARNING - Skipping row with missing video_id
[2025-12-19T20:24:55.715+0000] {data_loading.py:22} WARNING - Skipping row with missing video_id
[2025-12-19T20:24:55.716+0000] {data_loading.py:22} WARNING - Skipping row with missing video_id
[2025-12-19T20:24:55.716+0000] {data_loading.py:22} WARNING - Skipping row with missing video_id
[2025-12-19T20:24:55.717+0000] {data_loading.py:22} WARNING - Skipping row with missing video_id
[2025-12-19T20:24:55.717+0000] {data_loading.py:22} WARNING - Skipping row with missing video_id
[2025-12-19T20:24:55.717+0000] {data_loading.py:22} WARNING - Skipping row with missing video_id
[2025-12-19T20:24:55.717+0000] {data_loading.py:22} WARNING - Skipping row with missing video_id
[2025-12-19T20:24:55.718+0000] {data_loading.py:22} WARNING - Skipping row with missing video_id
[2025-12-19T20:24:55.718+0000] {data_loading.py:22} WARNING - Skipping row with missing video_id
[2025-12-19T20:24:55.718+0000] {data_loading.py:22} WARNING - Skipping row with missing video_id
[2025-12-19T20:24:55.719+0000] {data_loading.py:22} WARNING - Skipping row with missing video_id
[2025-12-19T20:24:55.719+0000] {data_loading.py:22} WARNING - Skipping row with missing video_id
[2025-12-19T20:24:55.719+0000] {data_loading.py:22} WARNING - Skipping row with missing video_id
[2025-12-19T20:24:55.719+0000] {data_loading.py:22} WARNING - Skipping row with missing video_id
[2025-12-19T20:24:55.720+0000] {data_loading.py:22} WARNING - Skipping row with missing video_id
[2025-12-19T20:24:55.720+0000] {data_loading.py:22} WARNING - Skipping row with missing video_id
[2025-12-19T20:24:55.720+0000] {data_loading.py:22} WARNING - Skipping row with missing video_id
[2025-12-19T20:24:55.720+0000] {data_loading.py:22} WARNING - Skipping row with missing video_id
[2025-12-19T20:24:55.720+0000] {data_loading.py:22} WARNING - Skipping row with missing video_id
[2025-12-19T20:24:55.721+0000] {data_loading.py:22} WARNING - Skipping row with missing video_id
[2025-12-19T20:24:55.721+0000] {data_loading.py:22} WARNING - Skipping row with missing video_id
[2025-12-19T20:24:55.721+0000] {data_loading.py:22} WARNING - Skipping row with missing video_id
[2025-12-19T20:24:55.722+0000] {data_loading.py:22} WARNING - Skipping row with missing video_id
[2025-12-19T20:24:55.722+0000] {data_loading.py:22} WARNING - Skipping row with missing video_id
[2025-12-19T20:24:55.722+0000] {data_loading.py:22} WARNING - Skipping row with missing video_id
[2025-12-19T20:24:55.722+0000] {data_loading.py:22} WARNING - Skipping row with missing video_id
[2025-12-19T20:24:55.722+0000] {data_loading.py:22} WARNING - Skipping row with missing video_id
[2025-12-19T20:24:55.723+0000] {data_loading.py:22} WARNING - Skipping row with missing video_id
[2025-12-19T20:24:55.723+0000] {data_loading.py:22} WARNING - Skipping row with missing video_id
[2025-12-19T20:24:55.723+0000] {data_loading.py:22} WARNING - Skipping row with missing video_id
[2025-12-19T20:24:55.723+0000] {data_loading.py:22} WARNING - Skipping row with missing video_id
[2025-12-19T20:24:55.724+0000] {data_loading.py:22} WARNING - Skipping row with missing video_id
[2025-12-19T20:24:55.724+0000] {data_loading.py:22} WARNING - Skipping row with missing video_id
[2025-12-19T20:24:55.724+0000] {data_loading.py:22} WARNING - Skipping row with missing video_id
[2025-12-19T20:24:55.724+0000] {data_loading.py:22} WARNING - Skipping row with missing video_id
[2025-12-19T20:24:55.724+0000] {data_loading.py:22} WARNING - Skipping row with missing video_id
[2025-12-19T20:24:55.725+0000] {data_loading.py:22} WARNING - Skipping row with missing video_id
[2025-12-19T20:24:55.725+0000] {data_loading.py:22} WARNING - Skipping row with missing video_id
[2025-12-19T20:24:55.725+0000] {data_loading.py:22} WARNING - Skipping row with missing video_id
[2025-12-19T20:24:55.725+0000] {data_loading.py:22} WARNING - Skipping row with missing video_id
[2025-12-19T20:24:55.726+0000] {data_loading.py:22} WARNING - Skipping row with missing video_id
[2025-12-19T20:24:55.726+0000] {data_loading.py:22} WARNING - Skipping row with missing video_id
[2025-12-19T20:24:55.726+0000] {data_loading.py:22} WARNING - Skipping row with missing video_id
[2025-12-19T20:24:55.726+0000] {data_loading.py:22} WARNING - Skipping row with missing video_id
[2025-12-19T20:24:55.726+0000] {data_loading.py:22} WARNING - Skipping row with missing video_id
[2025-12-19T20:24:55.727+0000] {data_loading.py:22} WARNING - Skipping row with missing video_id
[2025-12-19T20:24:55.727+0000] {data_loading.py:22} WARNING - Skipping row with missing video_id
[2025-12-19T20:24:55.727+0000] {data_loading.py:22} WARNING - Skipping row with missing video_id
[2025-12-19T20:24:55.727+0000] {data_loading.py:22} WARNING - Skipping row with missing video_id
[2025-12-19T20:24:55.728+0000] {data_loading.py:22} WARNING - Skipping row with missing video_id
[2025-12-19T20:24:55.728+0000] {data_loading.py:22} WARNING - Skipping row with missing video_id
[2025-12-19T20:24:55.728+0000] {data_loading.py:22} WARNING - Skipping row with missing video_id
[2025-12-19T20:24:55.728+0000] {data_loading.py:22} WARNING - Skipping row with missing video_id
[2025-12-19T20:24:55.728+0000] {data_loading.py:22} WARNING - Skipping row with missing video_id
[2025-12-19T20:24:55.729+0000] {data_loading.py:22} WARNING - Skipping row with missing video_id
[2025-12-19T20:24:55.729+0000] {data_loading.py:22} WARNING - Skipping row with missing video_id
[2025-12-19T20:24:55.729+0000] {data_loading.py:22} WARNING - Skipping row with missing video_id
[2025-12-19T20:24:55.729+0000] {data_loading.py:22} WARNING - Skipping row with missing video_id
[2025-12-19T20:24:55.730+0000] {data_loading.py:22} WARNING - Skipping row with missing video_id
[2025-12-19T20:24:55.730+0000] {data_loading.py:22} WARNING - Skipping row with missing video_id
[2025-12-19T20:24:55.730+0000] {data_loading.py:22} WARNING - Skipping row with missing video_id
[2025-12-19T20:24:55.730+0000] {data_loading.py:22} WARNING - Skipping row with missing video_id
[2025-12-19T20:24:55.731+0000] {data_loading.py:22} WARNING - Skipping row with missing video_id
[2025-12-19T20:24:55.731+0000] {data_loading.py:22} WARNING - Skipping row with missing video_id
[2025-12-19T20:24:55.731+0000] {data_loading.py:22} WARNING - Skipping row with missing video_id
[2025-12-19T20:24:55.731+0000] {data_loading.py:22} WARNING - Skipping row with missing video_id
[2025-12-19T20:24:55.732+0000] {data_loading.py:22} WARNING - Skipping row with missing video_id
[2025-12-19T20:24:55.732+0000] {data_loading.py:22} WARNING - Skipping row with missing video_id
[2025-12-19T20:24:55.732+0000] {data_loading.py:22} WARNING - Skipping row with missing video_id
[2025-12-19T20:24:55.732+0000] {data_loading.py:22} WARNING - Skipping row with missing video_id
[2025-12-19T20:24:55.732+0000] {data_loading.py:22} WARNING - Skipping row with missing video_id
[2025-12-19T20:24:55.733+0000] {data_loading.py:22} WARNING - Skipping row with missing video_id
[2025-12-19T20:24:55.733+0000] {data_loading.py:22} WARNING - Skipping row with missing video_id
[2025-12-19T20:24:55.734+0000] {data_loading.py:22} WARNING - Skipping row with missing video_id
[2025-12-19T20:24:55.734+0000] {data_loading.py:22} WARNING - Skipping row with missing video_id
[2025-12-19T20:24:55.734+0000] {data_loading.py:22} WARNING - Skipping row with missing video_id
[2025-12-19T20:24:55.734+0000] {data_loading.py:22} WARNING - Skipping row with missing video_id
[2025-12-19T20:24:55.735+0000] {data_loading.py:22} WARNING - Skipping row with missing video_id
[2025-12-19T20:24:55.735+0000] {data_loading.py:22} WARNING - Skipping row with missing video_id
[2025-12-19T20:24:55.735+0000] {data_loading.py:22} WARNING - Skipping row with missing video_id
[2025-12-19T20:24:55.735+0000] {data_loading.py:22} WARNING - Skipping row with missing video_id
[2025-12-19T20:24:55.736+0000] {data_loading.py:22} WARNING - Skipping row with missing video_id
[2025-12-19T20:24:55.736+0000] {data_loading.py:22} WARNING - Skipping row with missing video_id
[2025-12-19T20:24:55.736+0000] {data_loading.py:22} WARNING - Skipping row with missing video_id
[2025-12-19T20:24:55.736+0000] {data_loading.py:22} WARNING - Skipping row with missing video_id
[2025-12-19T20:24:55.736+0000] {data_loading.py:22} WARNING - Skipping row with missing video_id
[2025-12-19T20:24:55.737+0000] {data_loading.py:22} WARNING - Skipping row with missing video_id
[2025-12-19T20:24:55.737+0000] {data_loading.py:22} WARNING - Skipping row with missing video_id
[2025-12-19T20:24:55.737+0000] {data_loading.py:22} WARNING - Skipping row with missing video_id
[2025-12-19T20:24:55.737+0000] {data_loading.py:22} WARNING - Skipping row with missing video_id
[2025-12-19T20:24:55.738+0000] {data_loading.py:22} WARNING - Skipping row with missing video_id
[2025-12-19T20:24:55.738+0000] {data_loading.py:22} WARNING - Skipping row with missing video_id
[2025-12-19T20:24:55.738+0000] {data_loading.py:22} WARNING - Skipping row with missing video_id
[2025-12-19T20:24:55.738+0000] {data_loading.py:22} WARNING - Skipping row with missing video_id
[2025-12-19T20:24:55.738+0000] {data_loading.py:22} WARNING - Skipping row with missing video_id
[2025-12-19T20:24:55.739+0000] {data_loading.py:22} WARNING - Skipping row with missing video_id
[2025-12-19T20:24:55.739+0000] {data_loading.py:22} WARNING - Skipping row with missing video_id
[2025-12-19T20:24:55.739+0000] {data_loading.py:22} WARNING - Skipping row with missing video_id
[2025-12-19T20:24:55.739+0000] {data_loading.py:22} WARNING - Skipping row with missing video_id
[2025-12-19T20:24:55.740+0000] {data_loading.py:22} WARNING - Skipping row with missing video_id
[2025-12-19T20:24:55.740+0000] {data_loading.py:22} WARNING - Skipping row with missing video_id
[2025-12-19T20:24:55.740+0000] {data_loading.py:22} WARNING - Skipping row with missing video_id
[2025-12-19T20:24:55.740+0000] {data_loading.py:22} WARNING - Skipping row with missing video_id
[2025-12-19T20:24:55.740+0000] {data_loading.py:22} WARNING - Skipping row with missing video_id
[2025-12-19T20:24:55.741+0000] {data_loading.py:22} WARNING - Skipping row with missing video_id
[2025-12-19T20:24:55.741+0000] {data_loading.py:22} WARNING - Skipping row with missing video_id
[2025-12-19T20:24:55.741+0000] {data_loading.py:22} WARNING - Skipping row with missing video_id
[2025-12-19T20:24:55.741+0000] {data_loading.py:22} WARNING - Skipping row with missing video_id
[2025-12-19T20:24:55.741+0000] {data_loading.py:22} WARNING - Skipping row with missing video_id
[2025-12-19T20:24:55.742+0000] {data_loading.py:22} WARNING - Skipping row with missing video_id
[2025-12-19T20:24:55.742+0000] {data_loading.py:22} WARNING - Skipping row with missing video_id
[2025-12-19T20:24:55.742+0000] {data_loading.py:22} WARNING - Skipping row with missing video_id
[2025-12-19T20:24:55.742+0000] {data_loading.py:22} WARNING - Skipping row with missing video_id
[2025-12-19T20:24:55.743+0000] {data_loading.py:22} WARNING - Skipping row with missing video_id
[2025-12-19T20:24:55.743+0000] {data_loading.py:22} WARNING - Skipping row with missing video_id
[2025-12-19T20:24:55.743+0000] {data_loading.py:22} WARNING - Skipping row with missing video_id
[2025-12-19T20:24:55.743+0000] {data_loading.py:22} WARNING - Skipping row with missing video_id
[2025-12-19T20:24:55.743+0000] {data_loading.py:22} WARNING - Skipping row with missing video_id
[2025-12-19T20:24:55.744+0000] {data_loading.py:22} WARNING - Skipping row with missing video_id
[2025-12-19T20:24:55.744+0000] {data_loading.py:22} WARNING - Skipping row with missing video_id
[2025-12-19T20:24:55.744+0000] {data_loading.py:22} WARNING - Skipping row with missing video_id
[2025-12-19T20:24:55.744+0000] {data_loading.py:22} WARNING - Skipping row with missing video_id
[2025-12-19T20:24:55.745+0000] {data_loading.py:22} WARNING - Skipping row with missing video_id
[2025-12-19T20:24:55.745+0000] {data_loading.py:22} WARNING - Skipping row with missing video_id
[2025-12-19T20:24:55.745+0000] {data_loading.py:22} WARNING - Skipping row with missing video_id
[2025-12-19T20:24:55.745+0000] {data_loading.py:22} WARNING - Skipping row with missing video_id
[2025-12-19T20:24:55.746+0000] {data_loading.py:22} WARNING - Skipping row with missing video_id
[2025-12-19T20:24:55.746+0000] {data_loading.py:22} WARNING - Skipping row with missing video_id
[2025-12-19T20:24:55.746+0000] {data_loading.py:22} WARNING - Skipping row with missing video_id
[2025-12-19T20:24:55.746+0000] {data_loading.py:22} WARNING - Skipping row with missing video_id
[2025-12-19T20:24:55.746+0000] {data_loading.py:22} WARNING - Skipping row with missing video_id
[2025-12-19T20:24:55.747+0000] {data_loading.py:22} WARNING - Skipping row with missing video_id
[2025-12-19T20:24:55.747+0000] {data_loading.py:22} WARNING - Skipping row with missing video_id
[2025-12-19T20:24:55.747+0000] {data_loading.py:22} WARNING - Skipping row with missing video_id
[2025-12-19T20:24:55.748+0000] {data_loading.py:22} WARNING - Skipping row with missing video_id
[2025-12-19T20:24:55.748+0000] {data_loading.py:22} WARNING - Skipping row with missing video_id
[2025-12-19T20:24:55.748+0000] {data_loading.py:22} WARNING - Skipping row with missing video_id
[2025-12-19T20:24:55.749+0000] {data_loading.py:22} WARNING - Skipping row with missing video_id
[2025-12-19T20:24:55.749+0000] {data_loading.py:22} WARNING - Skipping row with missing video_id
[2025-12-19T20:24:55.749+0000] {data_loading.py:22} WARNING - Skipping row with missing video_id
[2025-12-19T20:24:55.750+0000] {data_loading.py:22} WARNING - Skipping row with missing video_id
[2025-12-19T20:24:55.750+0000] {data_loading.py:22} WARNING - Skipping row with missing video_id
[2025-12-19T20:24:55.751+0000] {data_loading.py:22} WARNING - Skipping row with missing video_id
[2025-12-19T20:24:55.751+0000] {data_loading.py:22} WARNING - Skipping row with missing video_id
[2025-12-19T20:24:55.751+0000] {data_loading.py:22} WARNING - Skipping row with missing video_id
[2025-12-19T20:24:55.751+0000] {data_loading.py:22} WARNING - Skipping row with missing video_id
[2025-12-19T20:24:55.752+0000] {data_loading.py:22} WARNING - Skipping row with missing video_id
[2025-12-19T20:24:55.752+0000] {data_loading.py:22} WARNING - Skipping row with missing video_id
[2025-12-19T20:24:55.752+0000] {data_loading.py:22} WARNING - Skipping row with missing video_id
[2025-12-19T20:24:55.752+0000] {data_loading.py:22} WARNING - Skipping row with missing video_id
[2025-12-19T20:24:55.753+0000] {data_loading.py:22} WARNING - Skipping row with missing video_id
[2025-12-19T20:24:55.753+0000] {data_loading.py:22} WARNING - Skipping row with missing video_id
[2025-12-19T20:24:55.753+0000] {data_loading.py:22} WARNING - Skipping row with missing video_id
[2025-12-19T20:24:55.753+0000] {data_loading.py:22} WARNING - Skipping row with missing video_id
[2025-12-19T20:24:55.754+0000] {data_loading.py:22} WARNING - Skipping row with missing video_id
[2025-12-19T20:24:55.754+0000] {data_loading.py:22} WARNING - Skipping row with missing video_id
[2025-12-19T20:24:55.754+0000] {data_loading.py:22} WARNING - Skipping row with missing video_id
[2025-12-19T20:24:55.755+0000] {data_loading.py:22} WARNING - Skipping row with missing video_id
[2025-12-19T20:24:55.755+0000] {data_loading.py:22} WARNING - Skipping row with missing video_id
[2025-12-19T20:24:55.755+0000] {data_loading.py:22} WARNING - Skipping row with missing video_id
[2025-12-19T20:24:55.756+0000] {data_loading.py:22} WARNING - Skipping row with missing video_id
[2025-12-19T20:24:55.756+0000] {data_loading.py:22} WARNING - Skipping row with missing video_id
[2025-12-19T20:24:55.756+0000] {data_loading.py:22} WARNING - Skipping row with missing video_id
[2025-12-19T20:24:55.757+0000] {data_loading.py:22} WARNING - Skipping row with missing video_id
[2025-12-19T20:24:55.757+0000] {data_loading.py:22} WARNING - Skipping row with missing video_id
[2025-12-19T20:24:55.757+0000] {data_loading.py:22} WARNING - Skipping row with missing video_id
[2025-12-19T20:24:55.757+0000] {data_loading.py:22} WARNING - Skipping row with missing video_id
[2025-12-19T20:24:55.758+0000] {data_loading.py:22} WARNING - Skipping row with missing video_id
[2025-12-19T20:24:55.758+0000] {data_loading.py:22} WARNING - Skipping row with missing video_id
[2025-12-19T20:24:55.758+0000] {data_loading.py:22} WARNING - Skipping row with missing video_id
[2025-12-19T20:24:55.759+0000] {data_loading.py:22} WARNING - Skipping row with missing video_id
[2025-12-19T20:24:55.759+0000] {data_loading.py:22} WARNING - Skipping row with missing video_id
[2025-12-19T20:24:55.759+0000] {data_loading.py:22} WARNING - Skipping row with missing video_id
[2025-12-19T20:24:55.760+0000] {data_loading.py:22} WARNING - Skipping row with missing video_id
[2025-12-19T20:24:55.760+0000] {data_loading.py:22} WARNING - Skipping row with missing video_id
[2025-12-19T20:24:55.760+0000] {data_loading.py:22} WARNING - Skipping row with missing video_id
[2025-12-19T20:24:55.760+0000] {data_loading.py:22} WARNING - Skipping row with missing video_id
[2025-12-19T20:24:55.761+0000] {data_loading.py:22} WARNING - Skipping row with missing video_id
[2025-12-19T20:24:55.761+0000] {data_loading.py:22} WARNING - Skipping row with missing video_id
[2025-12-19T20:24:55.761+0000] {data_loading.py:22} WARNING - Skipping row with missing video_id
[2025-12-19T20:24:55.762+0000] {data_loading.py:22} WARNING - Skipping row with missing video_id
[2025-12-19T20:24:55.762+0000] {data_loading.py:22} WARNING - Skipping row with missing video_id
[2025-12-19T20:24:55.762+0000] {data_loading.py:22} WARNING - Skipping row with missing video_id
[2025-12-19T20:24:55.763+0000] {data_loading.py:22} WARNING - Skipping row with missing video_id
[2025-12-19T20:24:55.763+0000] {data_loading.py:22} WARNING - Skipping row with missing video_id
[2025-12-19T20:24:55.763+0000] {data_loading.py:22} WARNING - Skipping row with missing video_id
[2025-12-19T20:24:55.764+0000] {data_loading.py:22} WARNING - Skipping row with missing video_id
[2025-12-19T20:24:55.764+0000] {data_loading.py:22} WARNING - Skipping row with missing video_id
[2025-12-19T20:24:55.764+0000] {data_loading.py:22} WARNING - Skipping row with missing video_id
[2025-12-19T20:24:55.764+0000] {data_loading.py:22} WARNING - Skipping row with missing video_id
[2025-12-19T20:24:55.765+0000] {data_loading.py:22} WARNING - Skipping row with missing video_id
[2025-12-19T20:24:55.765+0000] {data_loading.py:22} WARNING - Skipping row with missing video_id
[2025-12-19T20:24:55.765+0000] {data_loading.py:22} WARNING - Skipping row with missing video_id
[2025-12-19T20:24:55.766+0000] {data_loading.py:22} WARNING - Skipping row with missing video_id
[2025-12-19T20:24:55.766+0000] {data_loading.py:22} WARNING - Skipping row with missing video_id
[2025-12-19T20:24:55.767+0000] {data_loading.py:22} WARNING - Skipping row with missing video_id
[2025-12-19T20:24:55.767+0000] {data_loading.py:22} WARNING - Skipping row with missing video_id
[2025-12-19T20:24:55.767+0000] {data_loading.py:22} WARNING - Skipping row with missing video_id
[2025-12-19T20:24:55.768+0000] {data_loading.py:22} WARNING - Skipping row with missing video_id
[2025-12-19T20:24:55.768+0000] {data_loading.py:22} WARNING - Skipping row with missing video_id
[2025-12-19T20:24:55.768+0000] {data_loading.py:22} WARNING - Skipping row with missing video_id
[2025-12-19T20:24:55.768+0000] {data_loading.py:22} WARNING - Skipping row with missing video_id
[2025-12-19T20:24:55.769+0000] {data_loading.py:22} WARNING - Skipping row with missing video_id
[2025-12-19T20:24:55.769+0000] {data_loading.py:22} WARNING - Skipping row with missing video_id
[2025-12-19T20:24:55.769+0000] {data_loading.py:22} WARNING - Skipping row with missing video_id
[2025-12-19T20:24:55.770+0000] {data_loading.py:22} WARNING - Skipping row with missing video_id
[2025-12-19T20:24:55.770+0000] {data_loading.py:22} WARNING - Skipping row with missing video_id
[2025-12-19T20:24:55.770+0000] {data_loading.py:22} WARNING - Skipping row with missing video_id
[2025-12-19T20:24:55.770+0000] {data_loading.py:22} WARNING - Skipping row with missing video_id
[2025-12-19T20:24:55.771+0000] {data_loading.py:22} WARNING - Skipping row with missing video_id
[2025-12-19T20:24:55.771+0000] {data_loading.py:22} WARNING - Skipping row with missing video_id
[2025-12-19T20:24:55.771+0000] {data_loading.py:22} WARNING - Skipping row with missing video_id
[2025-12-19T20:24:55.772+0000] {data_loading.py:22} WARNING - Skipping row with missing video_id
[2025-12-19T20:24:55.772+0000] {data_loading.py:22} WARNING - Skipping row with missing video_id
[2025-12-19T20:24:55.772+0000] {data_loading.py:22} WARNING - Skipping row with missing video_id
[2025-12-19T20:24:55.772+0000] {data_loading.py:22} WARNING - Skipping row with missing video_id
[2025-12-19T20:24:55.773+0000] {data_loading.py:22} WARNING - Skipping row with missing video_id
[2025-12-19T20:24:55.773+0000] {data_loading.py:22} WARNING - Skipping row with missing video_id
[2025-12-19T20:24:55.773+0000] {data_loading.py:22} WARNING - Skipping row with missing video_id
[2025-12-19T20:24:55.774+0000] {data_loading.py:22} WARNING - Skipping row with missing video_id
[2025-12-19T20:24:55.774+0000] {data_loading.py:22} WARNING - Skipping row with missing video_id
[2025-12-19T20:24:55.774+0000] {data_loading.py:22} WARNING - Skipping row with missing video_id
[2025-12-19T20:24:55.774+0000] {data_loading.py:22} WARNING - Skipping row with missing video_id
[2025-12-19T20:24:55.775+0000] {data_loading.py:22} WARNING - Skipping row with missing video_id
[2025-12-19T20:24:55.775+0000] {data_loading.py:22} WARNING - Skipping row with missing video_id
[2025-12-19T20:24:55.776+0000] {data_loading.py:22} WARNING - Skipping row with missing video_id
[2025-12-19T20:24:55.776+0000] {data_loading.py:22} WARNING - Skipping row with missing video_id
[2025-12-19T20:24:55.776+0000] {data_loading.py:22} WARNING - Skipping row with missing video_id
[2025-12-19T20:24:55.777+0000] {data_loading.py:22} WARNING - Skipping row with missing video_id
[2025-12-19T20:24:55.777+0000] {data_loading.py:22} WARNING - Skipping row with missing video_id
[2025-12-19T20:24:55.777+0000] {data_loading.py:22} WARNING - Skipping row with missing video_id
[2025-12-19T20:24:55.778+0000] {data_loading.py:22} WARNING - Skipping row with missing video_id
[2025-12-19T20:24:55.778+0000] {data_loading.py:22} WARNING - Skipping row with missing video_id
[2025-12-19T20:24:55.778+0000] {data_loading.py:22} WARNING - Skipping row with missing video_id
[2025-12-19T20:24:55.779+0000] {data_loading.py:22} WARNING - Skipping row with missing video_id
[2025-12-19T20:24:55.779+0000] {data_loading.py:22} WARNING - Skipping row with missing video_id
[2025-12-19T20:24:55.779+0000] {data_loading.py:22} WARNING - Skipping row with missing video_id
[2025-12-19T20:24:55.779+0000] {data_loading.py:22} WARNING - Skipping row with missing video_id
[2025-12-19T20:24:55.780+0000] {data_loading.py:22} WARNING - Skipping row with missing video_id
[2025-12-19T20:24:55.780+0000] {data_loading.py:22} WARNING - Skipping row with missing video_id
[2025-12-19T20:24:55.780+0000] {data_loading.py:22} WARNING - Skipping row with missing video_id
[2025-12-19T20:24:55.781+0000] {data_loading.py:22} WARNING - Skipping row with missing video_id
[2025-12-19T20:24:55.782+0000] {data_loading.py:22} WARNING - Skipping row with missing video_id
[2025-12-19T20:24:55.782+0000] {data_loading.py:22} WARNING - Skipping row with missing video_id
[2025-12-19T20:24:55.783+0000] {data_loading.py:22} WARNING - Skipping row with missing video_id
[2025-12-19T20:24:55.783+0000] {data_loading.py:22} WARNING - Skipping row with missing video_id
[2025-12-19T20:24:55.783+0000] {data_loading.py:22} WARNING - Skipping row with missing video_id
[2025-12-19T20:24:55.784+0000] {data_loading.py:22} WARNING - Skipping row with missing video_id
[2025-12-19T20:24:55.784+0000] {data_loading.py:22} WARNING - Skipping row with missing video_id
[2025-12-19T20:24:55.784+0000] {data_loading.py:22} WARNING - Skipping row with missing video_id
[2025-12-19T20:24:55.784+0000] {data_loading.py:22} WARNING - Skipping row with missing video_id
[2025-12-19T20:24:55.785+0000] {data_loading.py:22} WARNING - Skipping row with missing video_id
[2025-12-19T20:24:55.785+0000] {data_loading.py:22} WARNING - Skipping row with missing video_id
[2025-12-19T20:24:55.785+0000] {data_loading.py:22} WARNING - Skipping row with missing video_id
[2025-12-19T20:24:55.785+0000] {data_loading.py:22} WARNING - Skipping row with missing video_id
[2025-12-19T20:24:55.786+0000] {data_loading.py:22} WARNING - Skipping row with missing video_id
[2025-12-19T20:24:55.786+0000] {data_loading.py:22} WARNING - Skipping row with missing video_id
[2025-12-19T20:24:55.786+0000] {data_loading.py:22} WARNING - Skipping row with missing video_id
[2025-12-19T20:24:55.787+0000] {data_loading.py:22} WARNING - Skipping row with missing video_id
[2025-12-19T20:24:55.787+0000] {data_loading.py:22} WARNING - Skipping row with missing video_id
[2025-12-19T20:24:55.787+0000] {data_loading.py:22} WARNING - Skipping row with missing video_id
[2025-12-19T20:24:55.788+0000] {data_loading.py:22} WARNING - Skipping row with missing video_id
[2025-12-19T20:24:55.788+0000] {data_loading.py:22} WARNING - Skipping row with missing video_id
[2025-12-19T20:24:55.788+0000] {data_loading.py:22} WARNING - Skipping row with missing video_id
[2025-12-19T20:24:55.788+0000] {data_loading.py:22} WARNING - Skipping row with missing video_id
[2025-12-19T20:24:55.789+0000] {data_loading.py:22} WARNING - Skipping row with missing video_id
[2025-12-19T20:24:55.789+0000] {data_loading.py:22} WARNING - Skipping row with missing video_id
[2025-12-19T20:24:55.789+0000] {data_loading.py:22} WARNING - Skipping row with missing video_id
[2025-12-19T20:24:55.790+0000] {data_loading.py:22} WARNING - Skipping row with missing video_id
[2025-12-19T20:24:55.790+0000] {data_loading.py:22} WARNING - Skipping row with missing video_id
[2025-12-19T20:24:55.790+0000] {data_loading.py:22} WARNING - Skipping row with missing video_id
[2025-12-19T20:24:55.791+0000] {data_loading.py:22} WARNING - Skipping row with missing video_id
[2025-12-19T20:24:55.791+0000] {data_loading.py:22} WARNING - Skipping row with missing video_id
[2025-12-19T20:24:55.791+0000] {data_loading.py:22} WARNING - Skipping row with missing video_id
[2025-12-19T20:24:55.791+0000] {data_loading.py:22} WARNING - Skipping row with missing video_id
[2025-12-19T20:24:55.792+0000] {data_loading.py:22} WARNING - Skipping row with missing video_id
[2025-12-19T20:24:55.792+0000] {data_loading.py:22} WARNING - Skipping row with missing video_id
[2025-12-19T20:24:55.792+0000] {data_loading.py:22} WARNING - Skipping row with missing video_id
[2025-12-19T20:24:55.793+0000] {data_loading.py:22} WARNING - Skipping row with missing video_id
[2025-12-19T20:24:55.793+0000] {data_loading.py:22} WARNING - Skipping row with missing video_id
[2025-12-19T20:24:55.793+0000] {data_loading.py:22} WARNING - Skipping row with missing video_id
[2025-12-19T20:24:55.793+0000] {data_loading.py:22} WARNING - Skipping row with missing video_id
[2025-12-19T20:24:55.794+0000] {data_loading.py:22} WARNING - Skipping row with missing video_id
[2025-12-19T20:24:55.794+0000] {data_loading.py:22} WARNING - Skipping row with missing video_id
[2025-12-19T20:24:55.794+0000] {data_loading.py:22} WARNING - Skipping row with missing video_id
[2025-12-19T20:24:55.794+0000] {data_loading.py:22} WARNING - Skipping row with missing video_id
[2025-12-19T20:24:55.794+0000] {data_loading.py:22} WARNING - Skipping row with missing video_id
[2025-12-19T20:24:55.795+0000] {data_loading.py:22} WARNING - Skipping row with missing video_id
[2025-12-19T20:24:55.795+0000] {data_loading.py:22} WARNING - Skipping row with missing video_id
[2025-12-19T20:24:55.795+0000] {data_loading.py:22} WARNING - Skipping row with missing video_id
[2025-12-19T20:24:55.795+0000] {data_loading.py:22} WARNING - Skipping row with missing video_id
[2025-12-19T20:24:55.796+0000] {data_loading.py:22} WARNING - Skipping row with missing video_id
[2025-12-19T20:24:55.796+0000] {data_loading.py:22} WARNING - Skipping row with missing video_id
[2025-12-19T20:24:55.796+0000] {data_loading.py:22} WARNING - Skipping row with missing video_id
[2025-12-19T20:24:55.796+0000] {data_loading.py:22} WARNING - Skipping row with missing video_id
[2025-12-19T20:24:55.796+0000] {data_loading.py:22} WARNING - Skipping row with missing video_id
[2025-12-19T20:24:55.797+0000] {data_loading.py:22} WARNING - Skipping row with missing video_id
[2025-12-19T20:24:55.797+0000] {data_loading.py:22} WARNING - Skipping row with missing video_id
[2025-12-19T20:24:55.797+0000] {data_loading.py:22} WARNING - Skipping row with missing video_id
[2025-12-19T20:24:55.797+0000] {data_loading.py:22} WARNING - Skipping row with missing video_id
[2025-12-19T20:24:55.797+0000] {data_loading.py:22} WARNING - Skipping row with missing video_id
[2025-12-19T20:24:55.798+0000] {data_loading.py:22} WARNING - Skipping row with missing video_id
[2025-12-19T20:24:55.798+0000] {data_loading.py:22} WARNING - Skipping row with missing video_id
[2025-12-19T20:24:55.798+0000] {data_loading.py:22} WARNING - Skipping row with missing video_id
[2025-12-19T20:24:55.799+0000] {data_loading.py:22} WARNING - Skipping row with missing video_id
[2025-12-19T20:24:55.799+0000] {data_loading.py:22} WARNING - Skipping row with missing video_id
[2025-12-19T20:24:55.799+0000] {data_loading.py:22} WARNING - Skipping row with missing video_id
[2025-12-19T20:24:55.800+0000] {data_loading.py:22} WARNING - Skipping row with missing video_id
[2025-12-19T20:24:55.800+0000] {data_loading.py:22} WARNING - Skipping row with missing video_id
[2025-12-19T20:24:55.800+0000] {data_loading.py:22} WARNING - Skipping row with missing video_id
[2025-12-19T20:24:55.800+0000] {data_loading.py:22} WARNING - Skipping row with missing video_id
[2025-12-19T20:24:55.800+0000] {data_loading.py:22} WARNING - Skipping row with missing video_id
[2025-12-19T20:24:55.801+0000] {data_loading.py:22} WARNING - Skipping row with missing video_id
[2025-12-19T20:24:55.801+0000] {data_loading.py:22} WARNING - Skipping row with missing video_id
[2025-12-19T20:24:55.801+0000] {data_loading.py:22} WARNING - Skipping row with missing video_id
[2025-12-19T20:24:55.801+0000] {data_loading.py:22} WARNING - Skipping row with missing video_id
[2025-12-19T20:24:55.801+0000] {data_loading.py:22} WARNING - Skipping row with missing video_id
[2025-12-19T20:24:55.802+0000] {data_loading.py:22} WARNING - Skipping row with missing video_id
[2025-12-19T20:24:55.802+0000] {data_loading.py:22} WARNING - Skipping row with missing video_id
[2025-12-19T20:24:55.802+0000] {data_loading.py:22} WARNING - Skipping row with missing video_id
[2025-12-19T20:24:55.802+0000] {data_loading.py:22} WARNING - Skipping row with missing video_id
[2025-12-19T20:24:55.803+0000] {data_loading.py:22} WARNING - Skipping row with missing video_id
[2025-12-19T20:24:55.803+0000] {data_loading.py:22} WARNING - Skipping row with missing video_id
[2025-12-19T20:24:55.803+0000] {data_loading.py:22} WARNING - Skipping row with missing video_id
[2025-12-19T20:24:55.803+0000] {data_loading.py:22} WARNING - Skipping row with missing video_id
[2025-12-19T20:24:55.803+0000] {data_loading.py:22} WARNING - Skipping row with missing video_id
[2025-12-19T20:24:55.804+0000] {data_loading.py:22} WARNING - Skipping row with missing video_id
[2025-12-19T20:24:55.804+0000] {data_loading.py:22} WARNING - Skipping row with missing video_id
[2025-12-19T20:24:55.804+0000] {data_loading.py:22} WARNING - Skipping row with missing video_id
[2025-12-19T20:24:55.804+0000] {data_loading.py:22} WARNING - Skipping row with missing video_id
[2025-12-19T20:24:55.805+0000] {data_loading.py:22} WARNING - Skipping row with missing video_id
[2025-12-19T20:24:55.805+0000] {data_loading.py:22} WARNING - Skipping row with missing video_id
[2025-12-19T20:24:55.805+0000] {data_loading.py:22} WARNING - Skipping row with missing video_id
[2025-12-19T20:24:55.805+0000] {data_loading.py:22} WARNING - Skipping row with missing video_id
[2025-12-19T20:24:55.806+0000] {data_loading.py:22} WARNING - Skipping row with missing video_id
[2025-12-19T20:24:55.806+0000] {data_loading.py:22} WARNING - Skipping row with missing video_id
[2025-12-19T20:24:55.806+0000] {data_loading.py:22} WARNING - Skipping row with missing video_id
[2025-12-19T20:24:55.806+0000] {data_loading.py:22} WARNING - Skipping row with missing video_id
[2025-12-19T20:24:55.807+0000] {data_loading.py:22} WARNING - Skipping row with missing video_id
[2025-12-19T20:24:55.807+0000] {data_loading.py:22} WARNING - Skipping row with missing video_id
[2025-12-19T20:24:55.807+0000] {data_loading.py:22} WARNING - Skipping row with missing video_id
[2025-12-19T20:24:55.807+0000] {data_loading.py:22} WARNING - Skipping row with missing video_id
[2025-12-19T20:24:55.807+0000] {data_loading.py:22} WARNING - Skipping row with missing video_id
[2025-12-19T20:24:55.808+0000] {data_loading.py:22} WARNING - Skipping row with missing video_id
[2025-12-19T20:24:55.808+0000] {data_loading.py:22} WARNING - Skipping row with missing video_id
[2025-12-19T20:24:55.808+0000] {data_loading.py:22} WARNING - Skipping row with missing video_id
[2025-12-19T20:24:55.808+0000] {data_loading.py:22} WARNING - Skipping row with missing video_id
[2025-12-19T20:24:55.809+0000] {data_loading.py:22} WARNING - Skipping row with missing video_id
[2025-12-19T20:24:55.809+0000] {data_loading.py:22} WARNING - Skipping row with missing video_id
[2025-12-19T20:24:55.809+0000] {data_loading.py:22} WARNING - Skipping row with missing video_id
[2025-12-19T20:24:55.809+0000] {data_loading.py:22} WARNING - Skipping row with missing video_id
[2025-12-19T20:24:55.810+0000] {data_loading.py:22} WARNING - Skipping row with missing video_id
[2025-12-19T20:24:55.810+0000] {data_loading.py:22} WARNING - Skipping row with missing video_id
[2025-12-19T20:24:55.810+0000] {data_loading.py:22} WARNING - Skipping row with missing video_id
[2025-12-19T20:24:55.810+0000] {data_loading.py:22} WARNING - Skipping row with missing video_id
[2025-12-19T20:24:55.810+0000] {data_loading.py:22} WARNING - Skipping row with missing video_id
[2025-12-19T20:24:55.811+0000] {data_loading.py:22} WARNING - Skipping row with missing video_id
[2025-12-19T20:24:55.811+0000] {data_loading.py:22} WARNING - Skipping row with missing video_id
[2025-12-19T20:24:55.811+0000] {data_loading.py:22} WARNING - Skipping row with missing video_id
[2025-12-19T20:24:55.811+0000] {data_loading.py:22} WARNING - Skipping row with missing video_id
[2025-12-19T20:24:55.812+0000] {data_loading.py:22} WARNING - Skipping row with missing video_id
[2025-12-19T20:24:55.812+0000] {data_loading.py:22} WARNING - Skipping row with missing video_id
[2025-12-19T20:24:55.812+0000] {data_loading.py:22} WARNING - Skipping row with missing video_id
[2025-12-19T20:24:55.812+0000] {data_loading.py:22} WARNING - Skipping row with missing video_id
[2025-12-19T20:24:55.813+0000] {data_loading.py:22} WARNING - Skipping row with missing video_id
[2025-12-19T20:24:55.813+0000] {data_loading.py:22} WARNING - Skipping row with missing video_id
[2025-12-19T20:24:55.813+0000] {data_loading.py:22} WARNING - Skipping row with missing video_id
[2025-12-19T20:24:55.814+0000] {data_loading.py:22} WARNING - Skipping row with missing video_id
[2025-12-19T20:24:55.814+0000] {data_loading.py:22} WARNING - Skipping row with missing video_id
[2025-12-19T20:24:55.814+0000] {data_loading.py:22} WARNING - Skipping row with missing video_id
[2025-12-19T20:24:55.814+0000] {data_loading.py:22} WARNING - Skipping row with missing video_id
[2025-12-19T20:24:55.814+0000] {data_loading.py:22} WARNING - Skipping row with missing video_id
[2025-12-19T20:24:55.815+0000] {data_loading.py:22} WARNING - Skipping row with missing video_id
[2025-12-19T20:24:55.815+0000] {data_loading.py:22} WARNING - Skipping row with missing video_id
[2025-12-19T20:24:55.816+0000] {data_loading.py:22} WARNING - Skipping row with missing video_id
[2025-12-19T20:24:55.816+0000] {data_loading.py:22} WARNING - Skipping row with missing video_id
[2025-12-19T20:24:55.816+0000] {data_loading.py:22} WARNING - Skipping row with missing video_id
[2025-12-19T20:24:55.816+0000] {data_loading.py:22} WARNING - Skipping row with missing video_id
[2025-12-19T20:24:55.817+0000] {data_loading.py:22} WARNING - Skipping row with missing video_id
[2025-12-19T20:24:55.817+0000] {data_loading.py:22} WARNING - Skipping row with missing video_id
[2025-12-19T20:24:55.817+0000] {data_loading.py:22} WARNING - Skipping row with missing video_id
[2025-12-19T20:24:55.817+0000] {data_loading.py:22} WARNING - Skipping row with missing video_id
[2025-12-19T20:24:55.818+0000] {data_loading.py:22} WARNING - Skipping row with missing video_id
[2025-12-19T20:24:55.818+0000] {data_loading.py:22} WARNING - Skipping row with missing video_id
[2025-12-19T20:24:55.818+0000] {data_loading.py:22} WARNING - Skipping row with missing video_id
[2025-12-19T20:24:55.818+0000] {data_loading.py:22} WARNING - Skipping row with missing video_id
[2025-12-19T20:24:55.819+0000] {data_loading.py:22} WARNING - Skipping row with missing video_id
[2025-12-19T20:24:55.819+0000] {data_loading.py:22} WARNING - Skipping row with missing video_id
[2025-12-19T20:24:55.819+0000] {data_loading.py:22} WARNING - Skipping row with missing video_id
[2025-12-19T20:24:55.819+0000] {data_loading.py:22} WARNING - Skipping row with missing video_id
[2025-12-19T20:24:55.819+0000] {data_loading.py:22} WARNING - Skipping row with missing video_id
[2025-12-19T20:24:55.820+0000] {data_loading.py:22} WARNING - Skipping row with missing video_id
[2025-12-19T20:24:55.820+0000] {data_loading.py:22} WARNING - Skipping row with missing video_id
[2025-12-19T20:24:55.820+0000] {data_loading.py:22} WARNING - Skipping row with missing video_id
[2025-12-19T20:24:55.820+0000] {data_loading.py:22} WARNING - Skipping row with missing video_id
[2025-12-19T20:24:55.820+0000] {data_loading.py:22} WARNING - Skipping row with missing video_id
[2025-12-19T20:24:55.821+0000] {data_loading.py:22} WARNING - Skipping row with missing video_id
[2025-12-19T20:24:55.821+0000] {data_loading.py:22} WARNING - Skipping row with missing video_id
[2025-12-19T20:24:55.821+0000] {data_loading.py:22} WARNING - Skipping row with missing video_id
[2025-12-19T20:24:55.821+0000] {data_loading.py:22} WARNING - Skipping row with missing video_id
[2025-12-19T20:24:55.822+0000] {data_loading.py:22} WARNING - Skipping row with missing video_id
[2025-12-19T20:24:55.822+0000] {data_loading.py:22} WARNING - Skipping row with missing video_id
[2025-12-19T20:24:55.822+0000] {data_loading.py:22} WARNING - Skipping row with missing video_id
[2025-12-19T20:24:55.822+0000] {data_loading.py:22} WARNING - Skipping row with missing video_id
[2025-12-19T20:24:55.822+0000] {data_loading.py:22} WARNING - Skipping row with missing video_id
[2025-12-19T20:24:55.823+0000] {data_loading.py:22} WARNING - Skipping row with missing video_id
[2025-12-19T20:24:55.823+0000] {data_loading.py:22} WARNING - Skipping row with missing video_id
[2025-12-19T20:24:55.823+0000] {data_loading.py:22} WARNING - Skipping row with missing video_id
[2025-12-19T20:24:55.823+0000] {data_loading.py:22} WARNING - Skipping row with missing video_id
[2025-12-19T20:24:55.823+0000] {data_loading.py:22} WARNING - Skipping row with missing video_id
[2025-12-19T20:24:55.824+0000] {data_loading.py:22} WARNING - Skipping row with missing video_id
[2025-12-19T20:24:55.824+0000] {data_loading.py:22} WARNING - Skipping row with missing video_id
[2025-12-19T20:24:55.824+0000] {data_loading.py:22} WARNING - Skipping row with missing video_id
[2025-12-19T20:24:55.824+0000] {data_loading.py:22} WARNING - Skipping row with missing video_id
[2025-12-19T20:24:55.825+0000] {data_loading.py:22} WARNING - Skipping row with missing video_id
[2025-12-19T20:24:55.825+0000] {data_loading.py:22} WARNING - Skipping row with missing video_id
[2025-12-19T20:24:55.825+0000] {data_loading.py:22} WARNING - Skipping row with missing video_id
[2025-12-19T20:24:55.825+0000] {data_loading.py:22} WARNING - Skipping row with missing video_id
[2025-12-19T20:24:55.826+0000] {data_loading.py:22} WARNING - Skipping row with missing video_id
[2025-12-19T20:24:55.826+0000] {data_loading.py:22} WARNING - Skipping row with missing video_id
[2025-12-19T20:24:55.826+0000] {data_loading.py:22} WARNING - Skipping row with missing video_id
[2025-12-19T20:24:55.826+0000] {data_loading.py:22} WARNING - Skipping row with missing video_id
[2025-12-19T20:24:55.827+0000] {data_loading.py:22} WARNING - Skipping row with missing video_id
[2025-12-19T20:24:55.827+0000] {data_loading.py:22} WARNING - Skipping row with missing video_id
[2025-12-19T20:24:55.827+0000] {data_loading.py:22} WARNING - Skipping row with missing video_id
[2025-12-19T20:24:55.827+0000] {data_loading.py:22} WARNING - Skipping row with missing video_id
[2025-12-19T20:24:55.827+0000] {data_loading.py:22} WARNING - Skipping row with missing video_id
[2025-12-19T20:24:55.828+0000] {data_loading.py:22} WARNING - Skipping row with missing video_id
[2025-12-19T20:24:55.828+0000] {data_loading.py:22} WARNING - Skipping row with missing video_id
[2025-12-19T20:24:55.828+0000] {data_loading.py:22} WARNING - Skipping row with missing video_id
[2025-12-19T20:24:55.829+0000] {data_loading.py:22} WARNING - Skipping row with missing video_id
[2025-12-19T20:24:55.829+0000] {data_loading.py:22} WARNING - Skipping row with missing video_id
[2025-12-19T20:24:55.829+0000] {data_loading.py:22} WARNING - Skipping row with missing video_id
[2025-12-19T20:24:55.830+0000] {data_loading.py:22} WARNING - Skipping row with missing video_id
[2025-12-19T20:24:55.830+0000] {data_loading.py:22} WARNING - Skipping row with missing video_id
[2025-12-19T20:24:55.830+0000] {data_loading.py:22} WARNING - Skipping row with missing video_id
[2025-12-19T20:24:55.831+0000] {data_loading.py:22} WARNING - Skipping row with missing video_id
[2025-12-19T20:24:55.831+0000] {data_loading.py:22} WARNING - Skipping row with missing video_id
[2025-12-19T20:24:55.832+0000] {data_loading.py:22} WARNING - Skipping row with missing video_id
[2025-12-19T20:24:55.832+0000] {data_loading.py:22} WARNING - Skipping row with missing video_id
[2025-12-19T20:24:55.832+0000] {data_loading.py:22} WARNING - Skipping row with missing video_id
[2025-12-19T20:24:55.833+0000] {data_loading.py:22} WARNING - Skipping row with missing video_id
[2025-12-19T20:24:55.833+0000] {data_loading.py:22} WARNING - Skipping row with missing video_id
[2025-12-19T20:24:55.833+0000] {data_loading.py:22} WARNING - Skipping row with missing video_id
[2025-12-19T20:24:55.834+0000] {data_loading.py:22} WARNING - Skipping row with missing video_id
[2025-12-19T20:24:55.834+0000] {data_loading.py:22} WARNING - Skipping row with missing video_id
[2025-12-19T20:24:55.834+0000] {data_loading.py:22} WARNING - Skipping row with missing video_id
[2025-12-19T20:24:55.835+0000] {data_loading.py:22} WARNING - Skipping row with missing video_id
[2025-12-19T20:24:55.835+0000] {data_loading.py:22} WARNING - Skipping row with missing video_id
[2025-12-19T20:24:55.835+0000] {data_loading.py:22} WARNING - Skipping row with missing video_id
[2025-12-19T20:24:55.835+0000] {data_loading.py:22} WARNING - Skipping row with missing video_id
[2025-12-19T20:24:55.836+0000] {data_loading.py:22} WARNING - Skipping row with missing video_id
[2025-12-19T20:24:55.836+0000] {data_loading.py:22} WARNING - Skipping row with missing video_id
[2025-12-19T20:24:55.836+0000] {data_loading.py:22} WARNING - Skipping row with missing video_id
[2025-12-19T20:24:55.836+0000] {data_loading.py:22} WARNING - Skipping row with missing video_id
[2025-12-19T20:24:55.837+0000] {data_loading.py:22} WARNING - Skipping row with missing video_id
[2025-12-19T20:24:55.837+0000] {data_loading.py:22} WARNING - Skipping row with missing video_id
[2025-12-19T20:24:55.837+0000] {data_loading.py:22} WARNING - Skipping row with missing video_id
[2025-12-19T20:24:55.837+0000] {data_loading.py:22} WARNING - Skipping row with missing video_id
[2025-12-19T20:24:55.838+0000] {data_loading.py:22} WARNING - Skipping row with missing video_id
[2025-12-19T20:24:55.838+0000] {data_loading.py:22} WARNING - Skipping row with missing video_id
[2025-12-19T20:24:55.838+0000] {data_loading.py:22} WARNING - Skipping row with missing video_id
[2025-12-19T20:24:55.838+0000] {data_loading.py:22} WARNING - Skipping row with missing video_id
[2025-12-19T20:24:55.839+0000] {data_loading.py:22} WARNING - Skipping row with missing video_id
[2025-12-19T20:24:55.839+0000] {data_loading.py:22} WARNING - Skipping row with missing video_id
[2025-12-19T20:24:55.839+0000] {data_loading.py:22} WARNING - Skipping row with missing video_id
[2025-12-19T20:24:55.840+0000] {data_loading.py:22} WARNING - Skipping row with missing video_id
[2025-12-19T20:24:55.840+0000] {data_loading.py:22} WARNING - Skipping row with missing video_id
[2025-12-19T20:24:55.840+0000] {data_loading.py:22} WARNING - Skipping row with missing video_id
[2025-12-19T20:24:55.840+0000] {data_loading.py:22} WARNING - Skipping row with missing video_id
[2025-12-19T20:24:55.841+0000] {data_loading.py:22} WARNING - Skipping row with missing video_id
[2025-12-19T20:24:55.841+0000] {data_loading.py:22} WARNING - Skipping row with missing video_id
[2025-12-19T20:24:55.841+0000] {data_loading.py:22} WARNING - Skipping row with missing video_id
[2025-12-19T20:24:55.841+0000] {data_loading.py:22} WARNING - Skipping row with missing video_id
[2025-12-19T20:24:55.842+0000] {data_loading.py:22} WARNING - Skipping row with missing video_id
[2025-12-19T20:24:55.842+0000] {data_loading.py:22} WARNING - Skipping row with missing video_id
[2025-12-19T20:24:55.842+0000] {data_loading.py:22} WARNING - Skipping row with missing video_id
[2025-12-19T20:24:55.842+0000] {data_loading.py:22} WARNING - Skipping row with missing video_id
[2025-12-19T20:24:55.843+0000] {data_loading.py:22} WARNING - Skipping row with missing video_id
[2025-12-19T20:24:55.843+0000] {data_loading.py:22} WARNING - Skipping row with missing video_id
[2025-12-19T20:24:55.843+0000] {data_loading.py:22} WARNING - Skipping row with missing video_id
[2025-12-19T20:24:55.843+0000] {data_loading.py:22} WARNING - Skipping row with missing video_id
[2025-12-19T20:24:55.843+0000] {data_loading.py:22} WARNING - Skipping row with missing video_id
[2025-12-19T20:24:55.844+0000] {data_loading.py:22} WARNING - Skipping row with missing video_id
[2025-12-19T20:24:55.844+0000] {data_loading.py:22} WARNING - Skipping row with missing video_id
[2025-12-19T20:24:55.844+0000] {data_loading.py:22} WARNING - Skipping row with missing video_id
[2025-12-19T20:24:55.845+0000] {data_loading.py:22} WARNING - Skipping row with missing video_id
[2025-12-19T20:24:55.845+0000] {data_loading.py:22} WARNING - Skipping row with missing video_id
[2025-12-19T20:24:55.845+0000] {data_loading.py:22} WARNING - Skipping row with missing video_id
[2025-12-19T20:24:55.845+0000] {data_loading.py:22} WARNING - Skipping row with missing video_id
[2025-12-19T20:24:55.846+0000] {data_loading.py:22} WARNING - Skipping row with missing video_id
[2025-12-19T20:24:55.846+0000] {data_loading.py:22} WARNING - Skipping row with missing video_id
[2025-12-19T20:24:55.846+0000] {data_loading.py:22} WARNING - Skipping row with missing video_id
[2025-12-19T20:24:55.846+0000] {data_loading.py:22} WARNING - Skipping row with missing video_id
[2025-12-19T20:24:55.847+0000] {data_loading.py:22} WARNING - Skipping row with missing video_id
[2025-12-19T20:24:55.847+0000] {data_loading.py:22} WARNING - Skipping row with missing video_id
[2025-12-19T20:24:55.847+0000] {data_loading.py:22} WARNING - Skipping row with missing video_id
[2025-12-19T20:24:55.847+0000] {data_loading.py:22} WARNING - Skipping row with missing video_id
[2025-12-19T20:24:55.848+0000] {data_loading.py:22} WARNING - Skipping row with missing video_id
[2025-12-19T20:24:55.848+0000] {data_loading.py:22} WARNING - Skipping row with missing video_id
[2025-12-19T20:24:55.848+0000] {data_loading.py:22} WARNING - Skipping row with missing video_id
[2025-12-19T20:24:55.849+0000] {data_loading.py:22} WARNING - Skipping row with missing video_id
[2025-12-19T20:24:55.849+0000] {data_loading.py:22} WARNING - Skipping row with missing video_id
[2025-12-19T20:24:55.849+0000] {data_loading.py:22} WARNING - Skipping row with missing video_id
[2025-12-19T20:24:55.850+0000] {data_loading.py:22} WARNING - Skipping row with missing video_id
[2025-12-19T20:24:55.850+0000] {data_loading.py:22} WARNING - Skipping row with missing video_id
[2025-12-19T20:24:55.850+0000] {data_loading.py:22} WARNING - Skipping row with missing video_id
[2025-12-19T20:24:55.850+0000] {data_loading.py:22} WARNING - Skipping row with missing video_id
[2025-12-19T20:24:55.850+0000] {data_loading.py:22} WARNING - Skipping row with missing video_id
[2025-12-19T20:24:55.851+0000] {data_loading.py:22} WARNING - Skipping row with missing video_id
[2025-12-19T20:24:55.851+0000] {data_loading.py:22} WARNING - Skipping row with missing video_id
[2025-12-19T20:24:55.851+0000] {data_loading.py:22} WARNING - Skipping row with missing video_id
[2025-12-19T20:24:55.851+0000] {data_loading.py:22} WARNING - Skipping row with missing video_id
[2025-12-19T20:24:55.852+0000] {data_loading.py:22} WARNING - Skipping row with missing video_id
[2025-12-19T20:24:55.852+0000] {data_loading.py:22} WARNING - Skipping row with missing video_id
[2025-12-19T20:24:55.852+0000] {data_loading.py:22} WARNING - Skipping row with missing video_id
[2025-12-19T20:24:55.852+0000] {data_loading.py:22} WARNING - Skipping row with missing video_id
[2025-12-19T20:24:55.852+0000] {data_loading.py:22} WARNING - Skipping row with missing video_id
[2025-12-19T20:24:55.853+0000] {data_loading.py:22} WARNING - Skipping row with missing video_id
[2025-12-19T20:24:55.853+0000] {data_loading.py:22} WARNING - Skipping row with missing video_id
[2025-12-19T20:24:55.853+0000] {data_loading.py:22} WARNING - Skipping row with missing video_id
[2025-12-19T20:24:55.853+0000] {data_loading.py:22} WARNING - Skipping row with missing video_id
[2025-12-19T20:24:55.854+0000] {data_loading.py:22} WARNING - Skipping row with missing video_id
[2025-12-19T20:24:55.854+0000] {data_loading.py:22} WARNING - Skipping row with missing video_id
[2025-12-19T20:24:55.854+0000] {data_loading.py:22} WARNING - Skipping row with missing video_id
[2025-12-19T20:24:55.854+0000] {data_loading.py:22} WARNING - Skipping row with missing video_id
[2025-12-19T20:24:55.854+0000] {data_loading.py:22} WARNING - Skipping row with missing video_id
[2025-12-19T20:24:55.855+0000] {data_loading.py:22} WARNING - Skipping row with missing video_id
[2025-12-19T20:24:55.855+0000] {data_loading.py:22} WARNING - Skipping row with missing video_id
[2025-12-19T20:24:55.855+0000] {data_loading.py:22} WARNING - Skipping row with missing video_id
[2025-12-19T20:24:55.855+0000] {data_loading.py:22} WARNING - Skipping row with missing video_id
[2025-12-19T20:24:55.856+0000] {data_loading.py:22} WARNING - Skipping row with missing video_id
[2025-12-19T20:24:55.856+0000] {data_loading.py:22} WARNING - Skipping row with missing video_id
[2025-12-19T20:24:55.856+0000] {data_loading.py:22} WARNING - Skipping row with missing video_id
[2025-12-19T20:24:55.856+0000] {data_loading.py:22} WARNING - Skipping row with missing video_id
[2025-12-19T20:24:55.857+0000] {data_loading.py:22} WARNING - Skipping row with missing video_id
[2025-12-19T20:24:55.857+0000] {data_loading.py:22} WARNING - Skipping row with missing video_id
[2025-12-19T20:24:55.857+0000] {data_loading.py:22} WARNING - Skipping row with missing video_id
[2025-12-19T20:24:55.857+0000] {data_loading.py:22} WARNING - Skipping row with missing video_id
[2025-12-19T20:24:55.857+0000] {data_loading.py:22} WARNING - Skipping row with missing video_id
[2025-12-19T20:24:55.858+0000] {data_loading.py:22} WARNING - Skipping row with missing video_id
[2025-12-19T20:24:55.858+0000] {data_loading.py:22} WARNING - Skipping row with missing video_id
[2025-12-19T20:24:55.858+0000] {data_loading.py:22} WARNING - Skipping row with missing video_id
[2025-12-19T20:24:55.858+0000] {data_loading.py:22} WARNING - Skipping row with missing video_id
[2025-12-19T20:24:55.859+0000] {data_loading.py:22} WARNING - Skipping row with missing video_id
[2025-12-19T20:24:55.859+0000] {data_loading.py:22} WARNING - Skipping row with missing video_id
[2025-12-19T20:24:55.859+0000] {data_loading.py:22} WARNING - Skipping row with missing video_id
[2025-12-19T20:24:55.859+0000] {data_loading.py:22} WARNING - Skipping row with missing video_id
[2025-12-19T20:24:55.860+0000] {data_loading.py:22} WARNING - Skipping row with missing video_id
[2025-12-19T20:24:55.860+0000] {data_loading.py:22} WARNING - Skipping row with missing video_id
[2025-12-19T20:24:55.860+0000] {data_loading.py:22} WARNING - Skipping row with missing video_id
[2025-12-19T20:24:55.860+0000] {data_loading.py:22} WARNING - Skipping row with missing video_id
[2025-12-19T20:24:55.861+0000] {data_loading.py:22} WARNING - Skipping row with missing video_id
[2025-12-19T20:24:55.861+0000] {data_loading.py:22} WARNING - Skipping row with missing video_id
[2025-12-19T20:24:55.861+0000] {data_loading.py:22} WARNING - Skipping row with missing video_id
[2025-12-19T20:24:55.861+0000] {data_loading.py:22} WARNING - Skipping row with missing video_id
[2025-12-19T20:24:55.862+0000] {data_loading.py:22} WARNING - Skipping row with missing video_id
[2025-12-19T20:24:55.862+0000] {data_loading.py:22} WARNING - Skipping row with missing video_id
[2025-12-19T20:24:55.862+0000] {data_loading.py:22} WARNING - Skipping row with missing video_id
[2025-12-19T20:24:55.862+0000] {data_loading.py:22} WARNING - Skipping row with missing video_id
[2025-12-19T20:24:55.862+0000] {data_loading.py:22} WARNING - Skipping row with missing video_id
[2025-12-19T20:24:55.863+0000] {data_loading.py:22} WARNING - Skipping row with missing video_id
[2025-12-19T20:24:55.863+0000] {data_loading.py:22} WARNING - Skipping row with missing video_id
[2025-12-19T20:24:55.863+0000] {data_loading.py:22} WARNING - Skipping row with missing video_id
[2025-12-19T20:24:55.863+0000] {data_loading.py:22} WARNING - Skipping row with missing video_id
[2025-12-19T20:24:55.864+0000] {data_loading.py:22} WARNING - Skipping row with missing video_id
[2025-12-19T20:24:55.864+0000] {data_loading.py:22} WARNING - Skipping row with missing video_id
[2025-12-19T20:24:55.864+0000] {data_loading.py:22} WARNING - Skipping row with missing video_id
[2025-12-19T20:24:55.865+0000] {data_loading.py:22} WARNING - Skipping row with missing video_id
[2025-12-19T20:24:55.865+0000] {data_loading.py:22} WARNING - Skipping row with missing video_id
[2025-12-19T20:24:55.865+0000] {data_loading.py:22} WARNING - Skipping row with missing video_id
[2025-12-19T20:24:55.866+0000] {data_loading.py:22} WARNING - Skipping row with missing video_id
[2025-12-19T20:24:55.866+0000] {data_loading.py:22} WARNING - Skipping row with missing video_id
[2025-12-19T20:24:55.866+0000] {data_loading.py:22} WARNING - Skipping row with missing video_id
[2025-12-19T20:24:55.866+0000] {data_loading.py:22} WARNING - Skipping row with missing video_id
[2025-12-19T20:24:55.867+0000] {data_loading.py:22} WARNING - Skipping row with missing video_id
[2025-12-19T20:24:55.867+0000] {data_loading.py:22} WARNING - Skipping row with missing video_id
[2025-12-19T20:24:55.867+0000] {data_loading.py:22} WARNING - Skipping row with missing video_id
[2025-12-19T20:24:55.867+0000] {data_loading.py:22} WARNING - Skipping row with missing video_id
[2025-12-19T20:24:55.868+0000] {data_loading.py:22} WARNING - Skipping row with missing video_id
[2025-12-19T20:24:55.868+0000] {data_loading.py:22} WARNING - Skipping row with missing video_id
[2025-12-19T20:24:55.868+0000] {data_loading.py:22} WARNING - Skipping row with missing video_id
[2025-12-19T20:24:55.868+0000] {data_loading.py:22} WARNING - Skipping row with missing video_id
[2025-12-19T20:24:55.868+0000] {data_loading.py:22} WARNING - Skipping row with missing video_id
[2025-12-19T20:24:55.869+0000] {data_loading.py:22} WARNING - Skipping row with missing video_id
[2025-12-19T20:24:55.869+0000] {data_loading.py:22} WARNING - Skipping row with missing video_id
[2025-12-19T20:24:55.869+0000] {data_loading.py:22} WARNING - Skipping row with missing video_id
[2025-12-19T20:24:55.870+0000] {data_loading.py:22} WARNING - Skipping row with missing video_id
[2025-12-19T20:24:55.870+0000] {data_loading.py:22} WARNING - Skipping row with missing video_id
[2025-12-19T20:24:55.870+0000] {data_loading.py:22} WARNING - Skipping row with missing video_id
[2025-12-19T20:24:55.870+0000] {data_loading.py:22} WARNING - Skipping row with missing video_id
[2025-12-19T20:24:55.870+0000] {data_loading.py:22} WARNING - Skipping row with missing video_id
[2025-12-19T20:24:55.871+0000] {data_loading.py:22} WARNING - Skipping row with missing video_id
[2025-12-19T20:24:55.871+0000] {data_loading.py:22} WARNING - Skipping row with missing video_id
[2025-12-19T20:24:55.871+0000] {data_loading.py:22} WARNING - Skipping row with missing video_id
[2025-12-19T20:24:55.872+0000] {data_loading.py:22} WARNING - Skipping row with missing video_id
[2025-12-19T20:24:55.872+0000] {data_loading.py:22} WARNING - Skipping row with missing video_id
[2025-12-19T20:24:55.872+0000] {data_loading.py:22} WARNING - Skipping row with missing video_id
[2025-12-19T20:24:55.872+0000] {data_loading.py:22} WARNING - Skipping row with missing video_id
[2025-12-19T20:24:55.872+0000] {data_loading.py:22} WARNING - Skipping row with missing video_id
[2025-12-19T20:24:55.873+0000] {data_loading.py:22} WARNING - Skipping row with missing video_id
[2025-12-19T20:24:55.873+0000] {data_loading.py:22} WARNING - Skipping row with missing video_id
[2025-12-19T20:24:55.873+0000] {data_loading.py:22} WARNING - Skipping row with missing video_id
[2025-12-19T20:24:55.873+0000] {data_loading.py:22} WARNING - Skipping row with missing video_id
[2025-12-19T20:24:55.874+0000] {data_loading.py:22} WARNING - Skipping row with missing video_id
[2025-12-19T20:24:55.874+0000] {data_loading.py:22} WARNING - Skipping row with missing video_id
[2025-12-19T20:24:55.874+0000] {data_loading.py:22} WARNING - Skipping row with missing video_id
[2025-12-19T20:24:55.874+0000] {data_loading.py:22} WARNING - Skipping row with missing video_id
[2025-12-19T20:24:55.875+0000] {data_loading.py:22} WARNING - Skipping row with missing video_id
[2025-12-19T20:24:55.875+0000] {data_loading.py:22} WARNING - Skipping row with missing video_id
[2025-12-19T20:24:55.875+0000] {data_loading.py:22} WARNING - Skipping row with missing video_id
[2025-12-19T20:24:55.875+0000] {data_loading.py:22} WARNING - Skipping row with missing video_id
[2025-12-19T20:24:55.876+0000] {data_loading.py:22} WARNING - Skipping row with missing video_id
[2025-12-19T20:24:55.876+0000] {data_loading.py:22} WARNING - Skipping row with missing video_id
[2025-12-19T20:24:55.876+0000] {data_loading.py:22} WARNING - Skipping row with missing video_id
[2025-12-19T20:24:55.876+0000] {data_loading.py:22} WARNING - Skipping row with missing video_id
[2025-12-19T20:24:55.876+0000] {data_loading.py:22} WARNING - Skipping row with missing video_id
[2025-12-19T20:24:55.877+0000] {data_loading.py:22} WARNING - Skipping row with missing video_id
[2025-12-19T20:24:55.877+0000] {data_loading.py:22} WARNING - Skipping row with missing video_id
[2025-12-19T20:24:55.877+0000] {data_loading.py:22} WARNING - Skipping row with missing video_id
[2025-12-19T20:24:55.877+0000] {data_loading.py:22} WARNING - Skipping row with missing video_id
[2025-12-19T20:24:55.878+0000] {data_loading.py:22} WARNING - Skipping row with missing video_id
[2025-12-19T20:24:55.878+0000] {data_loading.py:22} WARNING - Skipping row with missing video_id
[2025-12-19T20:24:55.878+0000] {data_loading.py:22} WARNING - Skipping row with missing video_id
[2025-12-19T20:24:55.878+0000] {data_loading.py:22} WARNING - Skipping row with missing video_id
[2025-12-19T20:24:55.878+0000] {data_loading.py:22} WARNING - Skipping row with missing video_id
[2025-12-19T20:24:55.879+0000] {data_loading.py:22} WARNING - Skipping row with missing video_id
[2025-12-19T20:24:55.879+0000] {data_loading.py:22} WARNING - Skipping row with missing video_id
[2025-12-19T20:24:55.879+0000] {data_loading.py:22} WARNING - Skipping row with missing video_id
[2025-12-19T20:24:55.879+0000] {data_loading.py:22} WARNING - Skipping row with missing video_id
[2025-12-19T20:24:55.880+0000] {data_loading.py:22} WARNING - Skipping row with missing video_id
[2025-12-19T20:24:55.880+0000] {data_loading.py:22} WARNING - Skipping row with missing video_id
[2025-12-19T20:24:55.880+0000] {data_loading.py:22} WARNING - Skipping row with missing video_id
[2025-12-19T20:24:55.880+0000] {data_loading.py:22} WARNING - Skipping row with missing video_id
[2025-12-19T20:24:55.881+0000] {data_loading.py:22} WARNING - Skipping row with missing video_id
[2025-12-19T20:24:55.881+0000] {data_loading.py:22} WARNING - Skipping row with missing video_id
[2025-12-19T20:24:55.881+0000] {data_loading.py:22} WARNING - Skipping row with missing video_id
[2025-12-19T20:24:55.882+0000] {data_loading.py:22} WARNING - Skipping row with missing video_id
[2025-12-19T20:24:55.882+0000] {data_loading.py:22} WARNING - Skipping row with missing video_id
[2025-12-19T20:24:55.882+0000] {data_loading.py:22} WARNING - Skipping row with missing video_id
[2025-12-19T20:24:55.882+0000] {data_loading.py:22} WARNING - Skipping row with missing video_id
[2025-12-19T20:24:55.883+0000] {data_loading.py:22} WARNING - Skipping row with missing video_id
[2025-12-19T20:24:55.883+0000] {data_loading.py:22} WARNING - Skipping row with missing video_id
[2025-12-19T20:24:55.883+0000] {data_loading.py:22} WARNING - Skipping row with missing video_id
[2025-12-19T20:24:55.883+0000] {data_loading.py:22} WARNING - Skipping row with missing video_id
[2025-12-19T20:24:55.883+0000] {data_loading.py:22} WARNING - Skipping row with missing video_id
[2025-12-19T20:24:55.884+0000] {data_loading.py:22} WARNING - Skipping row with missing video_id
[2025-12-19T20:24:55.884+0000] {data_loading.py:22} WARNING - Skipping row with missing video_id
[2025-12-19T20:24:55.884+0000] {data_loading.py:22} WARNING - Skipping row with missing video_id
[2025-12-19T20:24:55.884+0000] {data_loading.py:22} WARNING - Skipping row with missing video_id
[2025-12-19T20:24:55.884+0000] {data_loading.py:22} WARNING - Skipping row with missing video_id
[2025-12-19T20:24:55.885+0000] {data_loading.py:22} WARNING - Skipping row with missing video_id
[2025-12-19T20:24:55.885+0000] {data_loading.py:22} WARNING - Skipping row with missing video_id
[2025-12-19T20:24:55.885+0000] {data_loading.py:22} WARNING - Skipping row with missing video_id
[2025-12-19T20:24:55.885+0000] {data_loading.py:22} WARNING - Skipping row with missing video_id
[2025-12-19T20:24:55.886+0000] {data_loading.py:22} WARNING - Skipping row with missing video_id
[2025-12-19T20:24:55.886+0000] {data_loading.py:22} WARNING - Skipping row with missing video_id
[2025-12-19T20:24:55.886+0000] {data_loading.py:22} WARNING - Skipping row with missing video_id
[2025-12-19T20:24:55.886+0000] {data_loading.py:22} WARNING - Skipping row with missing video_id
[2025-12-19T20:24:55.886+0000] {data_loading.py:22} WARNING - Skipping row with missing video_id
[2025-12-19T20:24:55.887+0000] {data_loading.py:22} WARNING - Skipping row with missing video_id
[2025-12-19T20:24:55.887+0000] {data_loading.py:22} WARNING - Skipping row with missing video_id
[2025-12-19T20:24:55.887+0000] {data_loading.py:22} WARNING - Skipping row with missing video_id
[2025-12-19T20:24:55.887+0000] {data_loading.py:22} WARNING - Skipping row with missing video_id
[2025-12-19T20:24:55.888+0000] {data_loading.py:22} WARNING - Skipping row with missing video_id
[2025-12-19T20:24:55.888+0000] {data_loading.py:22} WARNING - Skipping row with missing video_id
[2025-12-19T20:24:55.888+0000] {data_loading.py:22} WARNING - Skipping row with missing video_id
[2025-12-19T20:24:55.888+0000] {data_loading.py:22} WARNING - Skipping row with missing video_id
[2025-12-19T20:24:55.888+0000] {data_loading.py:22} WARNING - Skipping row with missing video_id
[2025-12-19T20:24:55.889+0000] {data_loading.py:22} WARNING - Skipping row with missing video_id
[2025-12-19T20:24:55.889+0000] {data_loading.py:22} WARNING - Skipping row with missing video_id
[2025-12-19T20:24:55.889+0000] {data_loading.py:22} WARNING - Skipping row with missing video_id
[2025-12-19T20:24:55.889+0000] {data_loading.py:22} WARNING - Skipping row with missing video_id
[2025-12-19T20:24:55.889+0000] {data_loading.py:22} WARNING - Skipping row with missing video_id
[2025-12-19T20:24:55.890+0000] {data_loading.py:22} WARNING - Skipping row with missing video_id
[2025-12-19T20:24:55.890+0000] {data_loading.py:22} WARNING - Skipping row with missing video_id
[2025-12-19T20:24:55.890+0000] {data_loading.py:22} WARNING - Skipping row with missing video_id
[2025-12-19T20:24:55.890+0000] {data_loading.py:22} WARNING - Skipping row with missing video_id
[2025-12-19T20:24:55.891+0000] {data_loading.py:22} WARNING - Skipping row with missing video_id
[2025-12-19T20:24:55.891+0000] {data_loading.py:22} WARNING - Skipping row with missing video_id
[2025-12-19T20:24:55.891+0000] {data_loading.py:22} WARNING - Skipping row with missing video_id
[2025-12-19T20:24:55.891+0000] {data_loading.py:22} WARNING - Skipping row with missing video_id
[2025-12-19T20:24:55.891+0000] {data_loading.py:22} WARNING - Skipping row with missing video_id
[2025-12-19T20:24:55.892+0000] {data_loading.py:22} WARNING - Skipping row with missing video_id
[2025-12-19T20:24:55.892+0000] {data_loading.py:22} WARNING - Skipping row with missing video_id
[2025-12-19T20:24:55.892+0000] {data_loading.py:22} WARNING - Skipping row with missing video_id
[2025-12-19T20:24:55.892+0000] {data_loading.py:22} WARNING - Skipping row with missing video_id
[2025-12-19T20:24:55.892+0000] {data_loading.py:22} WARNING - Skipping row with missing video_id
[2025-12-19T20:24:55.893+0000] {data_loading.py:22} WARNING - Skipping row with missing video_id
[2025-12-19T20:24:55.893+0000] {data_loading.py:22} WARNING - Skipping row with missing video_id
[2025-12-19T20:24:55.893+0000] {data_loading.py:22} WARNING - Skipping row with missing video_id
[2025-12-19T20:24:55.893+0000] {data_loading.py:22} WARNING - Skipping row with missing video_id
[2025-12-19T20:24:55.894+0000] {data_loading.py:22} WARNING - Skipping row with missing video_id
[2025-12-19T20:24:55.894+0000] {data_loading.py:22} WARNING - Skipping row with missing video_id
[2025-12-19T20:24:55.894+0000] {data_loading.py:22} WARNING - Skipping row with missing video_id
[2025-12-19T20:24:55.894+0000] {data_loading.py:22} WARNING - Skipping row with missing video_id
[2025-12-19T20:24:55.894+0000] {data_loading.py:22} WARNING - Skipping row with missing video_id
[2025-12-19T20:24:55.895+0000] {data_loading.py:22} WARNING - Skipping row with missing video_id
[2025-12-19T20:24:55.895+0000] {data_loading.py:22} WARNING - Skipping row with missing video_id
[2025-12-19T20:24:55.895+0000] {data_loading.py:22} WARNING - Skipping row with missing video_id
[2025-12-19T20:24:55.895+0000] {data_loading.py:22} WARNING - Skipping row with missing video_id
[2025-12-19T20:24:55.895+0000] {data_loading.py:22} WARNING - Skipping row with missing video_id
[2025-12-19T20:24:55.896+0000] {data_loading.py:22} WARNING - Skipping row with missing video_id
[2025-12-19T20:24:55.896+0000] {data_loading.py:22} WARNING - Skipping row with missing video_id
[2025-12-19T20:24:55.896+0000] {data_loading.py:22} WARNING - Skipping row with missing video_id
[2025-12-19T20:24:55.896+0000] {data_loading.py:22} WARNING - Skipping row with missing video_id
[2025-12-19T20:24:55.897+0000] {data_loading.py:22} WARNING - Skipping row with missing video_id
[2025-12-19T20:24:55.897+0000] {data_loading.py:22} WARNING - Skipping row with missing video_id
[2025-12-19T20:24:55.898+0000] {data_loading.py:22} WARNING - Skipping row with missing video_id
[2025-12-19T20:24:55.898+0000] {data_loading.py:22} WARNING - Skipping row with missing video_id
[2025-12-19T20:24:55.898+0000] {data_loading.py:22} WARNING - Skipping row with missing video_id
[2025-12-19T20:24:55.899+0000] {data_loading.py:22} WARNING - Skipping row with missing video_id
[2025-12-19T20:24:55.899+0000] {data_loading.py:22} WARNING - Skipping row with missing video_id
[2025-12-19T20:24:55.899+0000] {data_loading.py:22} WARNING - Skipping row with missing video_id
[2025-12-19T20:24:55.899+0000] {data_loading.py:22} WARNING - Skipping row with missing video_id
[2025-12-19T20:24:55.900+0000] {data_loading.py:22} WARNING - Skipping row with missing video_id
[2025-12-19T20:24:55.900+0000] {data_loading.py:22} WARNING - Skipping row with missing video_id
[2025-12-19T20:24:55.900+0000] {data_loading.py:22} WARNING - Skipping row with missing video_id
[2025-12-19T20:24:55.900+0000] {data_loading.py:22} WARNING - Skipping row with missing video_id
[2025-12-19T20:24:55.900+0000] {data_loading.py:22} WARNING - Skipping row with missing video_id
[2025-12-19T20:24:55.901+0000] {data_loading.py:22} WARNING - Skipping row with missing video_id
[2025-12-19T20:24:55.901+0000] {data_loading.py:22} WARNING - Skipping row with missing video_id
[2025-12-19T20:24:55.901+0000] {data_loading.py:22} WARNING - Skipping row with missing video_id
[2025-12-19T20:24:55.901+0000] {data_loading.py:22} WARNING - Skipping row with missing video_id
[2025-12-19T20:24:55.902+0000] {data_loading.py:22} WARNING - Skipping row with missing video_id
[2025-12-19T20:24:55.902+0000] {data_loading.py:22} WARNING - Skipping row with missing video_id
[2025-12-19T20:24:55.902+0000] {data_loading.py:22} WARNING - Skipping row with missing video_id
[2025-12-19T20:24:55.902+0000] {data_loading.py:22} WARNING - Skipping row with missing video_id
[2025-12-19T20:24:55.903+0000] {data_loading.py:22} WARNING - Skipping row with missing video_id
[2025-12-19T20:24:55.903+0000] {data_loading.py:22} WARNING - Skipping row with missing video_id
[2025-12-19T20:24:55.903+0000] {data_loading.py:22} WARNING - Skipping row with missing video_id
[2025-12-19T20:24:55.903+0000] {data_loading.py:22} WARNING - Skipping row with missing video_id
[2025-12-19T20:24:55.903+0000] {data_loading.py:22} WARNING - Skipping row with missing video_id
[2025-12-19T20:24:55.904+0000] {data_loading.py:22} WARNING - Skipping row with missing video_id
[2025-12-19T20:24:55.904+0000] {data_loading.py:22} WARNING - Skipping row with missing video_id
[2025-12-19T20:24:55.904+0000] {data_loading.py:22} WARNING - Skipping row with missing video_id
[2025-12-19T20:24:55.904+0000] {data_loading.py:22} WARNING - Skipping row with missing video_id
[2025-12-19T20:24:55.904+0000] {data_loading.py:22} WARNING - Skipping row with missing video_id
[2025-12-19T20:24:55.905+0000] {data_loading.py:22} WARNING - Skipping row with missing video_id
[2025-12-19T20:24:55.905+0000] {data_loading.py:22} WARNING - Skipping row with missing video_id
[2025-12-19T20:24:55.905+0000] {data_loading.py:22} WARNING - Skipping row with missing video_id
[2025-12-19T20:24:55.905+0000] {data_loading.py:22} WARNING - Skipping row with missing video_id
[2025-12-19T20:24:55.906+0000] {data_loading.py:22} WARNING - Skipping row with missing video_id
[2025-12-19T20:24:55.906+0000] {data_loading.py:22} WARNING - Skipping row with missing video_id
[2025-12-19T20:24:55.906+0000] {data_loading.py:22} WARNING - Skipping row with missing video_id
[2025-12-19T20:24:55.906+0000] {data_loading.py:22} WARNING - Skipping row with missing video_id
[2025-12-19T20:24:55.906+0000] {data_loading.py:22} WARNING - Skipping row with missing video_id
[2025-12-19T20:24:55.907+0000] {data_loading.py:22} WARNING - Skipping row with missing video_id
[2025-12-19T20:24:55.907+0000] {data_loading.py:22} WARNING - Skipping row with missing video_id
[2025-12-19T20:24:55.907+0000] {data_loading.py:22} WARNING - Skipping row with missing video_id
[2025-12-19T20:24:55.907+0000] {data_loading.py:22} WARNING - Skipping row with missing video_id
[2025-12-19T20:24:55.907+0000] {data_loading.py:22} WARNING - Skipping row with missing video_id
[2025-12-19T20:24:55.908+0000] {data_loading.py:22} WARNING - Skipping row with missing video_id
[2025-12-19T20:24:55.908+0000] {data_loading.py:22} WARNING - Skipping row with missing video_id
[2025-12-19T20:24:55.908+0000] {data_loading.py:22} WARNING - Skipping row with missing video_id
[2025-12-19T20:24:55.908+0000] {data_loading.py:22} WARNING - Skipping row with missing video_id
[2025-12-19T20:24:55.909+0000] {data_loading.py:22} WARNING - Skipping row with missing video_id
[2025-12-19T20:24:55.909+0000] {data_loading.py:22} WARNING - Skipping row with missing video_id
[2025-12-19T20:24:55.909+0000] {data_loading.py:22} WARNING - Skipping row with missing video_id
[2025-12-19T20:24:55.910+0000] {data_loading.py:22} WARNING - Skipping row with missing video_id
[2025-12-19T20:24:55.910+0000] {data_loading.py:22} WARNING - Skipping row with missing video_id
[2025-12-19T20:24:55.910+0000] {data_loading.py:22} WARNING - Skipping row with missing video_id
[2025-12-19T20:24:55.910+0000] {data_loading.py:22} WARNING - Skipping row with missing video_id
[2025-12-19T20:24:55.910+0000] {data_loading.py:22} WARNING - Skipping row with missing video_id
[2025-12-19T20:24:55.911+0000] {data_loading.py:22} WARNING - Skipping row with missing video_id
[2025-12-19T20:24:55.911+0000] {data_loading.py:22} WARNING - Skipping row with missing video_id
[2025-12-19T20:24:55.911+0000] {data_loading.py:22} WARNING - Skipping row with missing video_id
[2025-12-19T20:24:55.911+0000] {data_loading.py:22} WARNING - Skipping row with missing video_id
[2025-12-19T20:24:55.913+0000] {base.py:84} INFO - Using connection ID 'postgres_db_yt_elt' for task execution.
[2025-12-19T20:24:55.920+0000] {base.py:84} INFO - Using connection ID 'postgres_db_yt_elt' for task execution.
[2025-12-19T20:24:55.925+0000] {dwh.py:40} INFO - staging table update completed
[2025-12-19T20:24:55.926+0000] {python.py:237} INFO - Done. Returned value was: None
[2025-12-19T20:24:55.927+0000] {taskinstance.py:441} INFO - ::group::Post task execution logs
[2025-12-19T20:24:55.935+0000] {taskinstance.py:1206} INFO - Marking task as SUCCESS. dag_id=update_db, task_id=staging_table, run_id=manual__2025-12-19T20:24:54.449577+00:00, execution_date=20251219T202454, start_date=20251219T202455, end_date=20251219T202455
[2025-12-19T20:24:55.960+0000] {local_task_job_runner.py:240} INFO - Task exited with return code 0
[2025-12-19T20:24:55.978+0000] {taskinstance.py:3503} INFO - 1 downstream tasks scheduled from follow-on schedule check
[2025-12-19T20:24:55.981+0000] {local_task_job_runner.py:222} INFO - ::endgroup::
