[2025-12-18T04:09:56.429+0000] {local_task_job_runner.py:120} INFO - ::group::Pre task execution logs
[2025-12-18T04:09:56.487+0000] {taskinstance.py:2076} INFO - Dependencies all met for dep_context=non-requeueable deps ti=<TaskInstance: produce_json.get_playlist_Id manual__2025-12-18T04:09:52.935799+00:00 [queued]>
[2025-12-18T04:09:56.500+0000] {taskinstance.py:2076} INFO - Dependencies all met for dep_context=requeueable deps ti=<TaskInstance: produce_json.get_playlist_Id manual__2025-12-18T04:09:52.935799+00:00 [queued]>
[2025-12-18T04:09:56.502+0000] {taskinstance.py:2306} INFO - Starting attempt 1 of 1
[2025-12-18T04:09:56.526+0000] {taskinstance.py:2330} INFO - Executing <Task(_PythonDecoratedOperator): get_playlist_Id> on 2025-12-18 04:09:52.935799+00:00
[2025-12-18T04:09:56.534+0000] {warnings.py:112} WARNING - /home/***/.local/lib/python3.12/site-packages/***/task/task_runner/standard_task_runner.py:61: DeprecationWarning: This process (pid=586) is multi-threaded, use of fork() may lead to deadlocks in the child.
  pid = os.fork()

[2025-12-18T04:09:56.543+0000] {standard_task_runner.py:63} INFO - Started process 587 to run task
[2025-12-18T04:09:56.536+0000] {standard_task_runner.py:90} INFO - Running: ['***', 'tasks', 'run', 'produce_json', 'get_playlist_Id', 'manual__2025-12-18T04:09:52.935799+00:00', '--job-id', '4', '--raw', '--subdir', 'DAGS_FOLDER/main.py', '--cfg-path', '/tmp/tmpsp_oboxd']
[2025-12-18T04:09:56.547+0000] {standard_task_runner.py:91} INFO - Job 4: Subtask get_playlist_Id
[2025-12-18T04:09:56.641+0000] {task_command.py:426} INFO - Running <TaskInstance: produce_json.get_playlist_Id manual__2025-12-18T04:09:52.935799+00:00 [running]> on host cfc984bcb72d
[2025-12-18T04:09:56.867+0000] {taskinstance.py:2648} INFO - Exporting env vars: AIRFLOW_CTX_DAG_EMAIL='data@engineers.com' AIRFLOW_CTX_DAG_OWNER='dataengineers' AIRFLOW_CTX_DAG_ID='produce_json' AIRFLOW_CTX_TASK_ID='get_playlist_Id' AIRFLOW_CTX_EXECUTION_DATE='2025-12-18T04:09:52.935799+00:00' AIRFLOW_CTX_TRY_NUMBER='1' AIRFLOW_CTX_DAG_RUN_ID='manual__2025-12-18T04:09:52.935799+00:00'
[2025-12-18T04:09:56.874+0000] {taskinstance.py:430} INFO - ::endgroup::
[2025-12-18T04:09:59.038+0000] {logging_mixin.py:188} INFO - Playlist ID: UUX6OQ3DkcsbYNE6H8uQQuVA
[2025-12-18T04:09:59.040+0000] {python.py:237} INFO - Done. Returned value was: UUX6OQ3DkcsbYNE6H8uQQuVA
[2025-12-18T04:09:59.042+0000] {taskinstance.py:441} INFO - ::group::Post task execution logs
[2025-12-18T04:09:59.070+0000] {taskinstance.py:1206} INFO - Marking task as SUCCESS. dag_id=produce_json, task_id=get_playlist_Id, run_id=manual__2025-12-18T04:09:52.935799+00:00, execution_date=20251218T040952, start_date=20251218T040956, end_date=20251218T040959
[2025-12-18T04:09:59.102+0000] {local_task_job_runner.py:240} INFO - Task exited with return code 0
[2025-12-18T04:09:59.130+0000] {taskinstance.py:3503} INFO - 1 downstream tasks scheduled from follow-on schedule check
[2025-12-18T04:09:59.133+0000] {local_task_job_runner.py:222} INFO - ::endgroup::
