[2025-12-18T16:38:34.931+0000] {local_task_job_runner.py:120} INFO - ::group::Pre task execution logs
[2025-12-18T16:38:34.954+0000] {taskinstance.py:2076} INFO - Dependencies all met for dep_context=non-requeueable deps ti=<TaskInstance: update_db.core_table scheduled__2025-12-17T15:00:00+00:00 [queued]>
[2025-12-18T16:38:34.962+0000] {taskinstance.py:2076} INFO - Dependencies all met for dep_context=requeueable deps ti=<TaskInstance: update_db.core_table scheduled__2025-12-17T15:00:00+00:00 [queued]>
[2025-12-18T16:38:34.964+0000] {taskinstance.py:2306} INFO - Starting attempt 1 of 1
[2025-12-18T16:38:34.980+0000] {taskinstance.py:2330} INFO - Executing <Task(_PythonDecoratedOperator): core_table> on 2025-12-17 15:00:00+00:00
[2025-12-18T16:38:34.987+0000] {standard_task_runner.py:63} INFO - Started process 565 to run task
[2025-12-18T16:38:34.992+0000] {standard_task_runner.py:90} INFO - Running: ['***', 'tasks', 'run', 'update_db', 'core_table', 'scheduled__2025-12-17T15:00:00+00:00', '--job-id', '22', '--raw', '--subdir', 'DAGS_FOLDER/main.py', '--cfg-path', '/tmp/tmpnhgp62co']
[2025-12-18T16:38:34.994+0000] {standard_task_runner.py:91} INFO - Job 22: Subtask core_table
[2025-12-18T16:38:35.077+0000] {task_command.py:426} INFO - Running <TaskInstance: update_db.core_table scheduled__2025-12-17T15:00:00+00:00 [running]> on host 2095eb49e620
[2025-12-18T16:38:35.187+0000] {taskinstance.py:2648} INFO - Exporting env vars: AIRFLOW_CTX_DAG_EMAIL='data@engineers.com' AIRFLOW_CTX_DAG_OWNER='dataengineers' AIRFLOW_CTX_DAG_ID='update_db' AIRFLOW_CTX_TASK_ID='core_table' AIRFLOW_CTX_EXECUTION_DATE='2025-12-17T15:00:00+00:00' AIRFLOW_CTX_TRY_NUMBER='1' AIRFLOW_CTX_DAG_RUN_ID='scheduled__2025-12-17T15:00:00+00:00'
[2025-12-18T16:38:35.189+0000] {taskinstance.py:430} INFO - ::endgroup::
[2025-12-18T16:38:35.260+0000] {base.py:84} INFO - Using connection ID 'postgres_db_yt_elt' for task execution.
[2025-12-18T16:38:35.270+0000] {base.py:84} INFO - Using connection ID 'postgres_db_yt_elt' for task execution.
[2025-12-18T16:38:35.281+0000] {base.py:84} INFO - Using connection ID 'postgres_db_yt_elt' for task execution.
[2025-12-18T16:38:35.314+0000] {data_modifications.py:68} ERROR - Error updating row with Video_ID: U-x6KxH1kB4
[2025-12-18T16:38:35.315+0000] {dwh.py:89} ERROR - An error occurred during the update of core table: 'Comment_Count'
[2025-12-18T16:38:35.316+0000] {taskinstance.py:441} INFO - ::group::Post task execution logs
[2025-12-18T16:38:35.319+0000] {taskinstance.py:2905} ERROR - Task failed with exception
Traceback (most recent call last):
  File "/home/airflow/.local/lib/python3.11/site-packages/airflow/models/taskinstance.py", line 465, in _execute_task
    result = _execute_callable(context=context, **execute_callable_kwargs)
             ^^^^^^^^^^^^^^^^^^^^^^^^^^^^^^^^^^^^^^^^^^^^^^^^^^^^^^^^^^^^^
  File "/home/airflow/.local/lib/python3.11/site-packages/airflow/models/taskinstance.py", line 432, in _execute_callable
    return execute_callable(context=context, **execute_callable_kwargs)
           ^^^^^^^^^^^^^^^^^^^^^^^^^^^^^^^^^^^^^^^^^^^^^^^^^^^^^^^^^^^^
  File "/home/airflow/.local/lib/python3.11/site-packages/airflow/models/baseoperator.py", line 401, in wrapper
    return func(self, *args, **kwargs)
           ^^^^^^^^^^^^^^^^^^^^^^^^^^^
  File "/home/airflow/.local/lib/python3.11/site-packages/airflow/decorators/base.py", line 265, in execute
    return_value = super().execute(context)
                   ^^^^^^^^^^^^^^^^^^^^^^^^
  File "/home/airflow/.local/lib/python3.11/site-packages/airflow/models/baseoperator.py", line 401, in wrapper
    return func(self, *args, **kwargs)
           ^^^^^^^^^^^^^^^^^^^^^^^^^^^
  File "/home/airflow/.local/lib/python3.11/site-packages/airflow/operators/python.py", line 235, in execute
    return_value = self.execute_callable()
                   ^^^^^^^^^^^^^^^^^^^^^^^
  File "/home/airflow/.local/lib/python3.11/site-packages/airflow/operators/python.py", line 252, in execute_callable
    return self.python_callable(*self.op_args, **self.op_kwargs)
           ^^^^^^^^^^^^^^^^^^^^^^^^^^^^^^^^^^^^^^^^^^^^^^^^^^^^^
  File "/opt/airflow/dags/datawarehouse/dwh.py", line 90, in core_table
    raise e
  File "/opt/airflow/dags/datawarehouse/dwh.py", line 76, in core_table
    update_rows(cur, conn, schema, transformed_row)
  File "/opt/airflow/dags/datawarehouse/data_modifications.py", line 69, in update_rows
    raise e
  File "/opt/airflow/dags/datawarehouse/data_modifications.py", line 51, in update_rows
    cur.execute(
  File "/home/airflow/.local/lib/python3.11/site-packages/psycopg2/extras.py", line 236, in execute
    return super().execute(query, vars)
           ^^^^^^^^^^^^^^^^^^^^^^^^^^^^
KeyError: 'Comment_Count'
[2025-12-18T16:38:35.355+0000] {taskinstance.py:1206} INFO - Marking task as FAILED. dag_id=update_db, task_id=core_table, run_id=scheduled__2025-12-17T15:00:00+00:00, execution_date=20251217T150000, start_date=20251218T163834, end_date=20251218T163835
[2025-12-18T16:38:35.367+0000] {standard_task_runner.py:110} ERROR - Failed to execute job 22 for task core_table ('Comment_Count'; 565)
[2025-12-18T16:38:35.407+0000] {local_task_job_runner.py:240} INFO - Task exited with return code 1
[2025-12-18T16:38:35.428+0000] {taskinstance.py:3503} INFO - 0 downstream tasks scheduled from follow-on schedule check
[2025-12-18T16:38:35.432+0000] {local_task_job_runner.py:222} INFO - ::endgroup::
