[2025-12-20T20:19:00.596+0000] {local_task_job_runner.py:120} INFO - ::group::Pre task execution logs
[2025-12-20T20:19:00.621+0000] {taskinstance.py:2076} INFO - Dependencies all met for dep_context=non-requeueable deps ti=<TaskInstance: update_db.core_table manual__2025-12-20T20:18:54.850847+00:00 [queued]>
[2025-12-20T20:19:00.631+0000] {taskinstance.py:2076} INFO - Dependencies all met for dep_context=requeueable deps ti=<TaskInstance: update_db.core_table manual__2025-12-20T20:18:54.850847+00:00 [queued]>
[2025-12-20T20:19:00.632+0000] {taskinstance.py:2306} INFO - Starting attempt 1 of 1
[2025-12-20T20:19:00.652+0000] {taskinstance.py:2330} INFO - Executing <Task(_PythonDecoratedOperator): core_table> on 2025-12-20 20:18:54.850847+00:00
[2025-12-20T20:19:00.660+0000] {standard_task_runner.py:63} INFO - Started process 153 to run task
[2025-12-20T20:19:00.664+0000] {standard_task_runner.py:90} INFO - Running: ['***', 'tasks', 'run', 'update_db', 'core_table', 'manual__2025-12-20T20:18:54.850847+00:00', '--job-id', '81', '--raw', '--subdir', 'DAGS_FOLDER/main.py', '--cfg-path', '/tmp/tmpath9kn4n']
[2025-12-20T20:19:00.665+0000] {standard_task_runner.py:91} INFO - Job 81: Subtask core_table
[2025-12-20T20:19:00.755+0000] {task_command.py:426} INFO - Running <TaskInstance: update_db.core_table manual__2025-12-20T20:18:54.850847+00:00 [running]> on host 87e0e81ae3ad
[2025-12-20T20:19:00.865+0000] {taskinstance.py:2648} INFO - Exporting env vars: AIRFLOW_CTX_DAG_EMAIL='data@engineers.com' AIRFLOW_CTX_DAG_OWNER='dataengineers' AIRFLOW_CTX_DAG_ID='update_db' AIRFLOW_CTX_TASK_ID='core_table' AIRFLOW_CTX_EXECUTION_DATE='2025-12-20T20:18:54.850847+00:00' AIRFLOW_CTX_TRY_NUMBER='1' AIRFLOW_CTX_DAG_RUN_ID='manual__2025-12-20T20:18:54.850847+00:00'
[2025-12-20T20:19:00.867+0000] {taskinstance.py:430} INFO - ::endgroup::
[2025-12-20T20:19:00.876+0000] {base.py:84} INFO - Using connection ID 'postgres_db_yt_elt' for task execution.
[2025-12-20T20:19:00.883+0000] {base.py:84} INFO - Using connection ID 'postgres_db_yt_elt' for task execution.
[2025-12-20T20:19:00.890+0000] {base.py:84} INFO - Using connection ID 'postgres_db_yt_elt' for task execution.
[2025-12-20T20:19:00.897+0000] {dwh.py:85} INFO - core table update completed
[2025-12-20T20:19:00.898+0000] {python.py:237} INFO - Done. Returned value was: None
[2025-12-20T20:19:00.899+0000] {taskinstance.py:441} INFO - ::group::Post task execution logs
[2025-12-20T20:19:00.910+0000] {taskinstance.py:1206} INFO - Marking task as SUCCESS. dag_id=update_db, task_id=core_table, run_id=manual__2025-12-20T20:18:54.850847+00:00, execution_date=20251220T201854, start_date=20251220T201900, end_date=20251220T201900
[2025-12-20T20:19:00.940+0000] {local_task_job_runner.py:240} INFO - Task exited with return code 0
[2025-12-20T20:19:00.974+0000] {taskinstance.py:3503} INFO - 1 downstream tasks scheduled from follow-on schedule check
[2025-12-20T20:19:00.980+0000] {local_task_job_runner.py:222} INFO - ::endgroup::
